CRITICAL - 2022-10-10 15:23:21 --> Call to a member function save() on null
#0 C:\laragon\www\proyect_airbnb\system\CodeIgniter.php(825): App\Controllers\Anfitrion\Anfitrion->RegistrarPublicacion()
#1 C:\laragon\www\proyect_airbnb\system\CodeIgniter.php(412): CodeIgniter\CodeIgniter->runController(Object(App\Controllers\Anfitrion\Anfitrion))
#2 C:\laragon\www\proyect_airbnb\system\CodeIgniter.php(320): CodeIgniter\CodeIgniter->handleRequest(NULL, Object(Config\Cache), false)
#3 C:\laragon\www\proyect_airbnb\public\index.php(37): CodeIgniter\CodeIgniter->run()
#4 {main}
ERROR - 2022-10-10 15:24:15 --> Unknown column 'date_update' in 'field list'
CRITICAL - 2022-10-10 15:24:15 --> Unknown column 'date_update' in 'field list'
#0 C:\laragon\www\proyect_airbnb\system\Database\MySQLi\Connection.php(292): mysqli->query('INSERT INTO `tb...', 0)
#1 C:\laragon\www\proyect_airbnb\system\Database\BaseConnection.php(670): CodeIgniter\Database\MySQLi\Connection->execute('INSERT INTO `tb...')
#2 C:\laragon\www\proyect_airbnb\system\Database\BaseConnection.php(598): CodeIgniter\Database\BaseConnection->simpleQuery('INSERT INTO `tb...')
#3 C:\laragon\www\proyect_airbnb\system\Database\BaseBuilder.php(1771): CodeIgniter\Database\BaseConnection->query('INSERT INTO `tb...', Array, false)
#4 C:\laragon\www\proyect_airbnb\system\Model.php(239): CodeIgniter\Database\BaseBuilder->insert()
#5 C:\laragon\www\proyect_airbnb\system\BaseModel.php(738): CodeIgniter\Model->doInsert(Array)
#6 C:\laragon\www\proyect_airbnb\system\Model.php(625): CodeIgniter\BaseModel->insert(Array, false)
#7 C:\laragon\www\proyect_airbnb\system\BaseModel.php(658): CodeIgniter\Model->insert(Array, false)
#8 C:\laragon\www\proyect_airbnb\app\Controllers\Anfitrion\Anfitrion.php(209): CodeIgniter\BaseModel->save(Array)
#9 C:\laragon\www\proyect_airbnb\system\CodeIgniter.php(825): App\Controllers\Anfitrion\Anfitrion->RegistrarPublicacion()
#10 C:\laragon\www\proyect_airbnb\system\CodeIgniter.php(412): CodeIgniter\CodeIgniter->runController(Object(App\Controllers\Anfitrion\Anfitrion))
#11 C:\laragon\www\proyect_airbnb\system\CodeIgniter.php(320): CodeIgniter\CodeIgniter->handleRequest(NULL, Object(Config\Cache), false)
#12 C:\laragon\www\proyect_airbnb\public\index.php(37): CodeIgniter\CodeIgniter->run()
#13 {main}
ERROR - 2022-10-10 15:25:06 --> Cannot add or update a child row: a foreign key constraint fails (`db_airbnb`.`tbl_imagenes`, CONSTRAINT `tbl_servicio` FOREIGN KEY (`idServicio`) REFERENCES `tbl_servicios` (`idServicio`) ON DELETE SET NULL ON UPDATE CASCADE)
CRITICAL - 2022-10-10 15:25:06 --> Cannot add or update a child row: a foreign key constraint fails (`db_airbnb`.`tbl_imagenes`, CONSTRAINT `tbl_servicio` FOREIGN KEY (`idServicio`) REFERENCES `tbl_servicios` (`idServicio`) ON DELETE SET NULL ON UPDATE CASCADE)
#0 C:\laragon\www\proyect_airbnb\system\Database\MySQLi\Connection.php(292): mysqli->query('INSERT INTO `tb...', 0)
#1 C:\laragon\www\proyect_airbnb\system\Database\BaseConnection.php(670): CodeIgniter\Database\MySQLi\Connection->execute('INSERT INTO `tb...')
#2 C:\laragon\www\proyect_airbnb\system\Database\BaseConnection.php(598): CodeIgniter\Database\BaseConnection->simpleQuery('INSERT INTO `tb...')
#3 C:\laragon\www\proyect_airbnb\system\Database\BaseBuilder.php(1771): CodeIgniter\Database\BaseConnection->query('INSERT INTO `tb...', Array, false)
#4 C:\laragon\www\proyect_airbnb\system\Model.php(239): CodeIgniter\Database\BaseBuilder->insert()
#5 C:\laragon\www\proyect_airbnb\system\BaseModel.php(738): CodeIgniter\Model->doInsert(Array)
#6 C:\laragon\www\proyect_airbnb\system\Model.php(625): CodeIgniter\BaseModel->insert(Array, false)
#7 C:\laragon\www\proyect_airbnb\system\BaseModel.php(658): CodeIgniter\Model->insert(Array, false)
#8 C:\laragon\www\proyect_airbnb\app\Controllers\Anfitrion\Anfitrion.php(209): CodeIgniter\BaseModel->save(Array)
#9 C:\laragon\www\proyect_airbnb\system\CodeIgniter.php(825): App\Controllers\Anfitrion\Anfitrion->RegistrarPublicacion()
#10 C:\laragon\www\proyect_airbnb\system\CodeIgniter.php(412): CodeIgniter\CodeIgniter->runController(Object(App\Controllers\Anfitrion\Anfitrion))
#11 C:\laragon\www\proyect_airbnb\system\CodeIgniter.php(320): CodeIgniter\CodeIgniter->handleRequest(NULL, Object(Config\Cache), false)
#12 C:\laragon\www\proyect_airbnb\public\index.php(37): CodeIgniter\CodeIgniter->run()
#13 {main}
