CRITICAL - 2022-03-18 11:00:57 --> Agregar usuario is not a valid rule.
#0 C:\laragon\www\proyect_airbnb\system\Validation\Validation.php(300): CodeIgniter\Validation\Exceptions\ValidationException::forRuleNotFound('Agregar usuario')
#1 C:\laragon\www\proyect_airbnb\system\Validation\Validation.php(157): CodeIgniter\Validation\Validation->processRules('0', '0', NULL, Array, Array)
#2 C:\laragon\www\proyect_airbnb\app\Controllers\Auth\Registro.php(40): CodeIgniter\Validation\Validation->run()
#3 C:\laragon\www\proyect_airbnb\system\CodeIgniter.php(825): App\Controllers\Auth\Registro->registrar()
#4 C:\laragon\www\proyect_airbnb\system\CodeIgniter.php(412): CodeIgniter\CodeIgniter->runController(Object(App\Controllers\Auth\Registro))
#5 C:\laragon\www\proyect_airbnb\system\CodeIgniter.php(320): CodeIgniter\CodeIgniter->handleRequest(NULL, Object(Config\Cache), false)
#6 C:\laragon\www\proyect_airbnb\public\index.php(37): CodeIgniter\CodeIgniter->run()
#7 {main}
CRITICAL - 2022-03-18 11:05:58 --> syntax error, unexpected ''alpha_space'' (T_CONSTANT_ENCAPSED_STRING), expecting ']'
#0 C:\laragon\www\proyect_airbnb\system\Autoloader\Autoloader.php(241): CodeIgniter\Autoloader\Autoloader->includeFile('C:\\laragon\\www\\...')
#1 C:\laragon\www\proyect_airbnb\system\Autoloader\Autoloader.php(219): CodeIgniter\Autoloader\Autoloader->loadInNamespace('App\\Controllers...')
#2 [internal function]: CodeIgniter\Autoloader\Autoloader->loadClass('App\\Controllers...')
#3 [internal function]: spl_autoload_call('App\\Controllers...')
#4 C:\laragon\www\proyect_airbnb\system\CodeIgniter.php(790): class_exists('\\App\\Controller...', true)
#5 C:\laragon\www\proyect_airbnb\system\CodeIgniter.php(399): CodeIgniter\CodeIgniter->startController()
#6 C:\laragon\www\proyect_airbnb\system\CodeIgniter.php(320): CodeIgniter\CodeIgniter->handleRequest(NULL, Object(Config\Cache), false)
#7 C:\laragon\www\proyect_airbnb\public\index.php(37): CodeIgniter\CodeIgniter->run()
#8 {main}
CRITICAL - 2022-03-18 11:39:07 -->  route cannot be found while reverse-routing.
#0 C:\laragon\www\proyect_airbnb\system\HTTP\RedirectResponse.php(56): CodeIgniter\HTTP\Exceptions\HTTPException::forInvalidRedirectRoute('')
#1 C:\laragon\www\proyect_airbnb\app\Controllers\Usuario\Servicios.php(10): CodeIgniter\HTTP\RedirectResponse->route(false)
#2 C:\laragon\www\proyect_airbnb\system\CodeIgniter.php(825): App\Controllers\Usuario\Servicios->index()
#3 C:\laragon\www\proyect_airbnb\system\CodeIgniter.php(412): CodeIgniter\CodeIgniter->runController(Object(App\Controllers\Usuario\Servicios))
#4 C:\laragon\www\proyect_airbnb\system\CodeIgniter.php(320): CodeIgniter\CodeIgniter->handleRequest(NULL, Object(Config\Cache), false)
#5 C:\laragon\www\proyect_airbnb\public\index.php(37): CodeIgniter\CodeIgniter->run()
#6 {main}
CRITICAL - 2022-03-18 13:14:31 --> Invalid file: /home/home.php
#0 C:\laragon\www\proyect_airbnb\system\View\View.php(198): CodeIgniter\Exceptions\FrameworkException::forInvalidFile('/home/home.php')
#1 C:\laragon\www\proyect_airbnb\system\Common.php(1089): CodeIgniter\View\View->render('/home/home', Array, true)
#2 C:\laragon\www\proyect_airbnb\app\Controllers\Home\Home.php(15): view('/home/home')
#3 C:\laragon\www\proyect_airbnb\system\CodeIgniter.php(825): App\Controllers\Home\Home->index()
#4 C:\laragon\www\proyect_airbnb\system\CodeIgniter.php(412): CodeIgniter\CodeIgniter->runController(Object(App\Controllers\Home\Home))
#5 C:\laragon\www\proyect_airbnb\system\CodeIgniter.php(320): CodeIgniter\CodeIgniter->handleRequest(NULL, Object(Config\Cache), false)
#6 C:\laragon\www\proyect_airbnb\public\index.php(37): CodeIgniter\CodeIgniter->run()
#7 {main}
CRITICAL - 2022-03-18 13:15:48 --> Invalid file: templates/home/main.php
#0 C:\laragon\www\proyect_airbnb\system\View\View.php(198): CodeIgniter\Exceptions\FrameworkException::forInvalidFile('templates/home/...')
#1 C:\laragon\www\proyect_airbnb\system\View\View.php(226): CodeIgniter\View\View->render('templates/home/...', Array, true)
#2 C:\laragon\www\proyect_airbnb\system\Common.php(1089): CodeIgniter\View\View->render('/home/home', Array, true)
#3 C:\laragon\www\proyect_airbnb\app\Controllers\Home\Home.php(15): view('/home/home')
#4 C:\laragon\www\proyect_airbnb\system\CodeIgniter.php(825): App\Controllers\Home\Home->index()
#5 C:\laragon\www\proyect_airbnb\system\CodeIgniter.php(412): CodeIgniter\CodeIgniter->runController(Object(App\Controllers\Home\Home))
#6 C:\laragon\www\proyect_airbnb\system\CodeIgniter.php(320): CodeIgniter\CodeIgniter->handleRequest(NULL, Object(Config\Cache), false)
#7 C:\laragon\www\proyect_airbnb\public\index.php(37): CodeIgniter\CodeIgniter->run()
#8 {main}
CRITICAL - 2022-03-18 13:16:41 --> Invalid file: home/layout/main.php
#0 C:\laragon\www\proyect_airbnb\system\View\View.php(198): CodeIgniter\Exceptions\FrameworkException::forInvalidFile('home/layout/mai...')
#1 C:\laragon\www\proyect_airbnb\system\View\View.php(226): CodeIgniter\View\View->render('home/layout/mai...', Array, true)
#2 C:\laragon\www\proyect_airbnb\system\Common.php(1089): CodeIgniter\View\View->render('/home/home', Array, true)
#3 C:\laragon\www\proyect_airbnb\app\Controllers\Home\Home.php(15): view('/home/home')
#4 C:\laragon\www\proyect_airbnb\system\CodeIgniter.php(825): App\Controllers\Home\Home->index()
#5 C:\laragon\www\proyect_airbnb\system\CodeIgniter.php(412): CodeIgniter\CodeIgniter->runController(Object(App\Controllers\Home\Home))
#6 C:\laragon\www\proyect_airbnb\system\CodeIgniter.php(320): CodeIgniter\CodeIgniter->handleRequest(NULL, Object(Config\Cache), false)
#7 C:\laragon\www\proyect_airbnb\public\index.php(37): CodeIgniter\CodeIgniter->run()
#8 {main}
CRITICAL - 2022-03-18 13:21:31 --> Invalid file: templates/main.php
#0 C:\laragon\www\proyect_airbnb\system\View\View.php(198): CodeIgniter\Exceptions\FrameworkException::forInvalidFile('templates/main....')
#1 C:\laragon\www\proyect_airbnb\system\View\View.php(226): CodeIgniter\View\View->render('templates/main', Array, true)
#2 C:\laragon\www\proyect_airbnb\system\Common.php(1089): CodeIgniter\View\View->render('auth/registro', Array, true)
#3 C:\laragon\www\proyect_airbnb\app\Controllers\Auth\Registro.php(17): view('auth/registro')
#4 C:\laragon\www\proyect_airbnb\system\CodeIgniter.php(825): App\Controllers\Auth\Registro->index()
#5 C:\laragon\www\proyect_airbnb\system\CodeIgniter.php(412): CodeIgniter\CodeIgniter->runController(Object(App\Controllers\Auth\Registro))
#6 C:\laragon\www\proyect_airbnb\system\CodeIgniter.php(320): CodeIgniter\CodeIgniter->handleRequest(NULL, Object(Config\Cache), false)
#7 C:\laragon\www\proyect_airbnb\public\index.php(37): CodeIgniter\CodeIgniter->run()
#8 {main}
CRITICAL - 2022-03-18 13:32:12 --> Invalid file: templates/main.php
#0 C:\laragon\www\proyect_airbnb\system\View\View.php(198): CodeIgniter\Exceptions\FrameworkException::forInvalidFile('templates/main....')
#1 C:\laragon\www\proyect_airbnb\system\View\View.php(226): CodeIgniter\View\View->render('templates/main', Array, true)
#2 C:\laragon\www\proyect_airbnb\system\Common.php(1089): CodeIgniter\View\View->render('auth/login', Array, true)
#3 C:\laragon\www\proyect_airbnb\app\Controllers\Auth\Login.php(10): view('auth/login')
#4 C:\laragon\www\proyect_airbnb\system\CodeIgniter.php(825): App\Controllers\Auth\Login->index()
#5 C:\laragon\www\proyect_airbnb\system\CodeIgniter.php(412): CodeIgniter\CodeIgniter->runController(Object(App\Controllers\Auth\Login))
#6 C:\laragon\www\proyect_airbnb\system\CodeIgniter.php(320): CodeIgniter\CodeIgniter->handleRequest(NULL, Object(Config\Cache), false)
#7 C:\laragon\www\proyect_airbnb\public\index.php(37): CodeIgniter\CodeIgniter->run()
#8 {main}
CRITICAL - 2022-03-18 13:32:53 --> Invalid file: templates/main.php
#0 C:\laragon\www\proyect_airbnb\system\View\View.php(198): CodeIgniter\Exceptions\FrameworkException::forInvalidFile('templates/main....')
#1 C:\laragon\www\proyect_airbnb\system\View\View.php(226): CodeIgniter\View\View->render('templates/main', Array, true)
#2 C:\laragon\www\proyect_airbnb\system\Common.php(1089): CodeIgniter\View\View->render('usuario/inicio', Array, true)
#3 C:\laragon\www\proyect_airbnb\app\Controllers\Usuario\Usuarios.php(10): view('usuario/inicio')
#4 C:\laragon\www\proyect_airbnb\system\CodeIgniter.php(825): App\Controllers\Usuario\Usuarios->index()
#5 C:\laragon\www\proyect_airbnb\system\CodeIgniter.php(412): CodeIgniter\CodeIgniter->runController(Object(App\Controllers\Usuario\Usuarios))
#6 C:\laragon\www\proyect_airbnb\system\CodeIgniter.php(320): CodeIgniter\CodeIgniter->handleRequest(NULL, Object(Config\Cache), false)
#7 C:\laragon\www\proyect_airbnb\public\index.php(37): CodeIgniter\CodeIgniter->run()
#8 {main}
CRITICAL - 2022-03-18 13:47:27 -->  route cannot be found while reverse-routing.
#0 C:\laragon\www\proyect_airbnb\system\HTTP\RedirectResponse.php(56): CodeIgniter\HTTP\Exceptions\HTTPException::forInvalidRedirectRoute('')
#1 C:\laragon\www\proyect_airbnb\app\Controllers\Auth\Login.php(61): CodeIgniter\HTTP\RedirectResponse->route(false)
#2 C:\laragon\www\proyect_airbnb\system\CodeIgniter.php(825): App\Controllers\Auth\Login->signin()
#3 C:\laragon\www\proyect_airbnb\system\CodeIgniter.php(412): CodeIgniter\CodeIgniter->runController(Object(App\Controllers\Auth\Login))
#4 C:\laragon\www\proyect_airbnb\system\CodeIgniter.php(320): CodeIgniter\CodeIgniter->handleRequest(NULL, Object(Config\Cache), false)
#5 C:\laragon\www\proyect_airbnb\public\index.php(37): CodeIgniter\CodeIgniter->run()
#6 {main}
CRITICAL - 2022-03-18 14:02:27 --> Argument 1 passed to App\Models\UsuarioModel::buscarRol() must be of the type string, null given, called in C:\laragon\www\proyect_airbnb\app\Filters\Auth.php on line 18
#0 C:\laragon\www\proyect_airbnb\app\Filters\Auth.php(18): App\Models\UsuarioModel->buscarRol(NULL)
#1 C:\laragon\www\proyect_airbnb\system\Filters\Filters.php(173): App\Filters\Auth->before(Object(CodeIgniter\HTTP\IncomingRequest), NULL)
#2 C:\laragon\www\proyect_airbnb\system\CodeIgniter.php(386): CodeIgniter\Filters\Filters->run('auth/checklogin', 'before')
#3 C:\laragon\www\proyect_airbnb\system\CodeIgniter.php(320): CodeIgniter\CodeIgniter->handleRequest(NULL, Object(Config\Cache), false)
#4 C:\laragon\www\proyect_airbnb\public\index.php(37): CodeIgniter\CodeIgniter->run()
#5 {main}
CRITICAL - 2022-03-18 14:05:06 --> Argument 1 passed to App\Models\UsuarioModel::buscarRol() must be of the type string, null given, called in C:\laragon\www\proyect_airbnb\app\Filters\Auth.php on line 18
#0 C:\laragon\www\proyect_airbnb\app\Filters\Auth.php(18): App\Models\UsuarioModel->buscarRol(NULL)
#1 C:\laragon\www\proyect_airbnb\system\Filters\Filters.php(173): App\Filters\Auth->before(Object(CodeIgniter\HTTP\IncomingRequest), NULL)
#2 C:\laragon\www\proyect_airbnb\system\CodeIgniter.php(386): CodeIgniter\Filters\Filters->run('auth/checklogin', 'before')
#3 C:\laragon\www\proyect_airbnb\system\CodeIgniter.php(320): CodeIgniter\CodeIgniter->handleRequest(NULL, Object(Config\Cache), false)
#4 C:\laragon\www\proyect_airbnb\public\index.php(37): CodeIgniter\CodeIgniter->run()
#5 {main}
CRITICAL - 2022-03-18 14:21:49 --> Argument 1 passed to App\Models\UsuarioModel::buscarUsuario() must be of the type string, null given, called in C:\laragon\www\proyect_airbnb\app\Filters\Auth.php on line 18
#0 C:\laragon\www\proyect_airbnb\app\Filters\Auth.php(18): App\Models\UsuarioModel->buscarUsuario(NULL)
#1 C:\laragon\www\proyect_airbnb\system\Filters\Filters.php(173): App\Filters\Auth->before(Object(CodeIgniter\HTTP\IncomingRequest), NULL)
#2 C:\laragon\www\proyect_airbnb\system\CodeIgniter.php(386): CodeIgniter\Filters\Filters->run('auth/checklogin', 'before')
#3 C:\laragon\www\proyect_airbnb\system\CodeIgniter.php(320): CodeIgniter\CodeIgniter->handleRequest(NULL, Object(Config\Cache), false)
#4 C:\laragon\www\proyect_airbnb\public\index.php(37): CodeIgniter\CodeIgniter->run()
#5 {main}
CRITICAL - 2022-03-18 14:21:53 --> Argument 1 passed to App\Models\UsuarioModel::buscarUsuario() must be of the type string, null given, called in C:\laragon\www\proyect_airbnb\app\Filters\Auth.php on line 18
#0 C:\laragon\www\proyect_airbnb\app\Filters\Auth.php(18): App\Models\UsuarioModel->buscarUsuario(NULL)
#1 C:\laragon\www\proyect_airbnb\system\Filters\Filters.php(173): App\Filters\Auth->before(Object(CodeIgniter\HTTP\IncomingRequest), NULL)
#2 C:\laragon\www\proyect_airbnb\system\CodeIgniter.php(386): CodeIgniter\Filters\Filters->run('auth/login', 'before')
#3 C:\laragon\www\proyect_airbnb\system\CodeIgniter.php(320): CodeIgniter\CodeIgniter->handleRequest(NULL, Object(Config\Cache), false)
#4 C:\laragon\www\proyect_airbnb\public\index.php(37): CodeIgniter\CodeIgniter->run()
#5 {main}
CRITICAL - 2022-03-18 14:21:56 --> Argument 1 passed to App\Models\UsuarioModel::buscarUsuario() must be of the type string, null given, called in C:\laragon\www\proyect_airbnb\app\Filters\Auth.php on line 18
#0 C:\laragon\www\proyect_airbnb\app\Filters\Auth.php(18): App\Models\UsuarioModel->buscarUsuario(NULL)
#1 C:\laragon\www\proyect_airbnb\system\Filters\Filters.php(173): App\Filters\Auth->before(Object(CodeIgniter\HTTP\IncomingRequest), NULL)
#2 C:\laragon\www\proyect_airbnb\system\CodeIgniter.php(386): CodeIgniter\Filters\Filters->run('auth/login', 'before')
#3 C:\laragon\www\proyect_airbnb\system\CodeIgniter.php(320): CodeIgniter\CodeIgniter->handleRequest(NULL, Object(Config\Cache), false)
#4 C:\laragon\www\proyect_airbnb\public\index.php(37): CodeIgniter\CodeIgniter->run()
#5 {main}
CRITICAL - 2022-03-18 14:22:00 --> Argument 1 passed to App\Models\UsuarioModel::buscarUsuario() must be of the type string, null given, called in C:\laragon\www\proyect_airbnb\app\Filters\Auth.php on line 18
#0 C:\laragon\www\proyect_airbnb\app\Filters\Auth.php(18): App\Models\UsuarioModel->buscarUsuario(NULL)
#1 C:\laragon\www\proyect_airbnb\system\Filters\Filters.php(173): App\Filters\Auth->before(Object(CodeIgniter\HTTP\IncomingRequest), NULL)
#2 C:\laragon\www\proyect_airbnb\system\CodeIgniter.php(386): CodeIgniter\Filters\Filters->run('auth/login', 'before')
#3 C:\laragon\www\proyect_airbnb\system\CodeIgniter.php(320): CodeIgniter\CodeIgniter->handleRequest(NULL, Object(Config\Cache), false)
#4 C:\laragon\www\proyect_airbnb\public\index.php(37): CodeIgniter\CodeIgniter->run()
#5 {main}
CRITICAL - 2022-03-18 14:22:04 --> Argument 1 passed to App\Models\UsuarioModel::buscarUsuario() must be of the type string, null given, called in C:\laragon\www\proyect_airbnb\app\Filters\Auth.php on line 18
#0 C:\laragon\www\proyect_airbnb\app\Filters\Auth.php(18): App\Models\UsuarioModel->buscarUsuario(NULL)
#1 C:\laragon\www\proyect_airbnb\system\Filters\Filters.php(173): App\Filters\Auth->before(Object(CodeIgniter\HTTP\IncomingRequest), NULL)
#2 C:\laragon\www\proyect_airbnb\system\CodeIgniter.php(386): CodeIgniter\Filters\Filters->run('auth/login', 'before')
#3 C:\laragon\www\proyect_airbnb\system\CodeIgniter.php(320): CodeIgniter\CodeIgniter->handleRequest(NULL, Object(Config\Cache), false)
#4 C:\laragon\www\proyect_airbnb\public\index.php(37): CodeIgniter\CodeIgniter->run()
#5 {main}
CRITICAL - 2022-03-18 14:22:05 --> Argument 1 passed to App\Models\UsuarioModel::buscarUsuario() must be of the type string, null given, called in C:\laragon\www\proyect_airbnb\app\Filters\Auth.php on line 18
#0 C:\laragon\www\proyect_airbnb\app\Filters\Auth.php(18): App\Models\UsuarioModel->buscarUsuario(NULL)
#1 C:\laragon\www\proyect_airbnb\system\Filters\Filters.php(173): App\Filters\Auth->before(Object(CodeIgniter\HTTP\IncomingRequest), NULL)
#2 C:\laragon\www\proyect_airbnb\system\CodeIgniter.php(386): CodeIgniter\Filters\Filters->run('auth/login', 'before')
#3 C:\laragon\www\proyect_airbnb\system\CodeIgniter.php(320): CodeIgniter\CodeIgniter->handleRequest(NULL, Object(Config\Cache), false)
#4 C:\laragon\www\proyect_airbnb\public\index.php(37): CodeIgniter\CodeIgniter->run()
#5 {main}
CRITICAL - 2022-03-18 14:22:09 --> Argument 1 passed to App\Models\UsuarioModel::buscarUsuario() must be of the type string, null given, called in C:\laragon\www\proyect_airbnb\app\Filters\Auth.php on line 18
#0 C:\laragon\www\proyect_airbnb\app\Filters\Auth.php(18): App\Models\UsuarioModel->buscarUsuario(NULL)
#1 C:\laragon\www\proyect_airbnb\system\Filters\Filters.php(173): App\Filters\Auth->before(Object(CodeIgniter\HTTP\IncomingRequest), NULL)
#2 C:\laragon\www\proyect_airbnb\system\CodeIgniter.php(386): CodeIgniter\Filters\Filters->run('auth/login', 'before')
#3 C:\laragon\www\proyect_airbnb\system\CodeIgniter.php(320): CodeIgniter\CodeIgniter->handleRequest(NULL, Object(Config\Cache), false)
#4 C:\laragon\www\proyect_airbnb\public\index.php(37): CodeIgniter\CodeIgniter->run()
#5 {main}
CRITICAL - 2022-03-18 14:22:17 --> Argument 1 passed to App\Models\UsuarioModel::buscarUsuario() must be of the type string, null given, called in C:\laragon\www\proyect_airbnb\app\Filters\Auth.php on line 18
#0 C:\laragon\www\proyect_airbnb\app\Filters\Auth.php(18): App\Models\UsuarioModel->buscarUsuario(NULL)
#1 C:\laragon\www\proyect_airbnb\system\Filters\Filters.php(173): App\Filters\Auth->before(Object(CodeIgniter\HTTP\IncomingRequest), NULL)
#2 C:\laragon\www\proyect_airbnb\system\CodeIgniter.php(386): CodeIgniter\Filters\Filters->run('auth/login', 'before')
#3 C:\laragon\www\proyect_airbnb\system\CodeIgniter.php(320): CodeIgniter\CodeIgniter->handleRequest(NULL, Object(Config\Cache), false)
#4 C:\laragon\www\proyect_airbnb\public\index.php(37): CodeIgniter\CodeIgniter->run()
#5 {main}
CRITICAL - 2022-03-18 14:26:47 --> Too few arguments to function App\Models\UsuarioModel::buscarUsuario(), 1 passed in C:\laragon\www\proyect_airbnb\app\Filters\Usuario.php on line 21 and exactly 2 expected
#0 C:\laragon\www\proyect_airbnb\app\Filters\Usuario.php(21): App\Models\UsuarioModel->buscarUsuario('1')
#1 C:\laragon\www\proyect_airbnb\system\Filters\Filters.php(173): App\Filters\Usuario->before(Object(CodeIgniter\HTTP\IncomingRequest), NULL)
#2 C:\laragon\www\proyect_airbnb\system\CodeIgniter.php(386): CodeIgniter\Filters\Filters->run('usuario/inicio', 'before')
#3 C:\laragon\www\proyect_airbnb\system\CodeIgniter.php(320): CodeIgniter\CodeIgniter->handleRequest(NULL, Object(Config\Cache), false)
#4 C:\laragon\www\proyect_airbnb\public\index.php(37): CodeIgniter\CodeIgniter->run()
#5 {main}
CRITICAL - 2022-03-18 14:36:49 -->  route cannot be found while reverse-routing.
#0 C:\laragon\www\proyect_airbnb\system\HTTP\RedirectResponse.php(56): CodeIgniter\HTTP\Exceptions\HTTPException::forInvalidRedirectRoute('')
#1 C:\laragon\www\proyect_airbnb\app\Filters\Auth.php(14): CodeIgniter\HTTP\RedirectResponse->route(false)
#2 C:\laragon\www\proyect_airbnb\system\Filters\Filters.php(173): App\Filters\Auth->before(Object(CodeIgniter\HTTP\IncomingRequest), NULL)
#3 C:\laragon\www\proyect_airbnb\system\CodeIgniter.php(386): CodeIgniter\Filters\Filters->run('auth/login', 'before')
#4 C:\laragon\www\proyect_airbnb\system\CodeIgniter.php(320): CodeIgniter\CodeIgniter->handleRequest(NULL, Object(Config\Cache), false)
#5 C:\laragon\www\proyect_airbnb\public\index.php(37): CodeIgniter\CodeIgniter->run()
#6 {main}
CRITICAL - 2022-03-18 14:37:43 -->  route cannot be found while reverse-routing.
#0 C:\laragon\www\proyect_airbnb\system\HTTP\RedirectResponse.php(56): CodeIgniter\HTTP\Exceptions\HTTPException::forInvalidRedirectRoute('')
#1 C:\laragon\www\proyect_airbnb\app\Filters\Auth.php(14): CodeIgniter\HTTP\RedirectResponse->route(false)
#2 C:\laragon\www\proyect_airbnb\system\Filters\Filters.php(173): App\Filters\Auth->before(Object(CodeIgniter\HTTP\IncomingRequest), NULL)
#3 C:\laragon\www\proyect_airbnb\system\CodeIgniter.php(386): CodeIgniter\Filters\Filters->run('auth/login', 'before')
#4 C:\laragon\www\proyect_airbnb\system\CodeIgniter.php(320): CodeIgniter\CodeIgniter->handleRequest(NULL, Object(Config\Cache), false)
#5 C:\laragon\www\proyect_airbnb\public\index.php(37): CodeIgniter\CodeIgniter->run()
#6 {main}
CRITICAL - 2022-03-18 14:39:14 -->  route cannot be found while reverse-routing.
#0 C:\laragon\www\proyect_airbnb\system\HTTP\RedirectResponse.php(56): CodeIgniter\HTTP\Exceptions\HTTPException::forInvalidRedirectRoute('')
#1 C:\laragon\www\proyect_airbnb\app\Filters\Auth.php(14): CodeIgniter\HTTP\RedirectResponse->route(false)
#2 C:\laragon\www\proyect_airbnb\system\Filters\Filters.php(173): App\Filters\Auth->before(Object(CodeIgniter\HTTP\IncomingRequest), NULL)
#3 C:\laragon\www\proyect_airbnb\system\CodeIgniter.php(386): CodeIgniter\Filters\Filters->run('auth/registro', 'before')
#4 C:\laragon\www\proyect_airbnb\system\CodeIgniter.php(320): CodeIgniter\CodeIgniter->handleRequest(NULL, Object(Config\Cache), false)
#5 C:\laragon\www\proyect_airbnb\public\index.php(37): CodeIgniter\CodeIgniter->run()
#6 {main}
CRITICAL - 2022-03-18 14:50:00 --> Class 'App\Filters\PageNotFoundException' not found
#0 C:\laragon\www\proyect_airbnb\system\Filters\Filters.php(173): App\Filters\Usuario->before(Object(CodeIgniter\HTTP\IncomingRequest), Array)
#1 C:\laragon\www\proyect_airbnb\system\CodeIgniter.php(386): CodeIgniter\Filters\Filters->run('usuario/inicio', 'before')
#2 C:\laragon\www\proyect_airbnb\system\CodeIgniter.php(320): CodeIgniter\CodeIgniter->handleRequest(NULL, Object(Config\Cache), false)
#3 C:\laragon\www\proyect_airbnb\public\index.php(37): CodeIgniter\CodeIgniter->run()
#4 {main}
CRITICAL - 2022-03-18 14:57:57 --> Undefined variable: model
#0 C:\laragon\www\proyect_airbnb\app\Filters\Auth.php(14): CodeIgniter\Debug\Exceptions->errorHandler(8, 'Undefined varia...', 'C:\\laragon\\www\\...', 14, Array)
#1 C:\laragon\www\proyect_airbnb\system\Filters\Filters.php(173): App\Filters\Auth->before(Object(CodeIgniter\HTTP\IncomingRequest), NULL)
#2 C:\laragon\www\proyect_airbnb\system\CodeIgniter.php(386): CodeIgniter\Filters\Filters->run('auth/login', 'before')
#3 C:\laragon\www\proyect_airbnb\system\CodeIgniter.php(320): CodeIgniter\CodeIgniter->handleRequest(NULL, Object(Config\Cache), false)
#4 C:\laragon\www\proyect_airbnb\public\index.php(37): CodeIgniter\CodeIgniter->run()
#5 {main}
CRITICAL - 2022-03-18 14:58:14 --> Undefined variable: usuario
#0 C:\laragon\www\proyect_airbnb\app\Filters\Auth.php(15): CodeIgniter\Debug\Exceptions->errorHandler(8, 'Undefined varia...', 'C:\\laragon\\www\\...', 15, Array)
#1 C:\laragon\www\proyect_airbnb\system\Filters\Filters.php(173): App\Filters\Auth->before(Object(CodeIgniter\HTTP\IncomingRequest), NULL)
#2 C:\laragon\www\proyect_airbnb\system\CodeIgniter.php(386): CodeIgniter\Filters\Filters->run('auth/login', 'before')
#3 C:\laragon\www\proyect_airbnb\system\CodeIgniter.php(320): CodeIgniter\CodeIgniter->handleRequest(NULL, Object(Config\Cache), false)
#4 C:\laragon\www\proyect_airbnb\public\index.php(37): CodeIgniter\CodeIgniter->run()
#5 {main}
CRITICAL - 2022-03-18 14:58:35 --> in_array() expects parameter 2 to be array, string given
#0 [internal function]: CodeIgniter\Debug\Exceptions->errorHandler(2, 'in_array() expe...', 'C:\\laragon\\www\\...', 23, Array)
#1 C:\laragon\www\proyect_airbnb\app\Filters\Auth.php(23): in_array('Usuario', 'Usuario')
#2 C:\laragon\www\proyect_airbnb\system\Filters\Filters.php(173): App\Filters\Auth->before(Object(CodeIgniter\HTTP\IncomingRequest), NULL)
#3 C:\laragon\www\proyect_airbnb\system\CodeIgniter.php(386): CodeIgniter\Filters\Filters->run('auth/login', 'before')
#4 C:\laragon\www\proyect_airbnb\system\CodeIgniter.php(320): CodeIgniter\CodeIgniter->handleRequest(NULL, Object(Config\Cache), false)
#5 C:\laragon\www\proyect_airbnb\public\index.php(37): CodeIgniter\CodeIgniter->run()
#6 {main}
CRITICAL - 2022-03-18 14:58:56 --> syntax error, unexpected ')'
#0 C:\laragon\www\proyect_airbnb\system\Autoloader\Autoloader.php(241): CodeIgniter\Autoloader\Autoloader->includeFile('C:\\laragon\\www\\...')
#1 C:\laragon\www\proyect_airbnb\system\Autoloader\Autoloader.php(219): CodeIgniter\Autoloader\Autoloader->loadInNamespace('App\\Filters\\Aut...')
#2 [internal function]: CodeIgniter\Autoloader\Autoloader->loadClass('App\\Filters\\Aut...')
#3 C:\laragon\www\proyect_airbnb\system\Filters\Filters.php(166): spl_autoload_call('App\\Filters\\Aut...')
#4 C:\laragon\www\proyect_airbnb\system\CodeIgniter.php(386): CodeIgniter\Filters\Filters->run('auth/login', 'before')
#5 C:\laragon\www\proyect_airbnb\system\CodeIgniter.php(320): CodeIgniter\CodeIgniter->handleRequest(NULL, Object(Config\Cache), false)
#6 C:\laragon\www\proyect_airbnb\public\index.php(37): CodeIgniter\CodeIgniter->run()
#7 {main}
CRITICAL - 2022-03-18 14:59:47 --> in_array() expects parameter 2 to be array, string given
#0 [internal function]: CodeIgniter\Debug\Exceptions->errorHandler(2, 'in_array() expe...', 'C:\\laragon\\www\\...', 26, Array)
#1 C:\laragon\www\proyect_airbnb\app\Filters\Auth.php(26): in_array('Admin', 'Usuario')
#2 C:\laragon\www\proyect_airbnb\system\Filters\Filters.php(173): App\Filters\Auth->before(Object(CodeIgniter\HTTP\IncomingRequest), NULL)
#3 C:\laragon\www\proyect_airbnb\system\CodeIgniter.php(386): CodeIgniter\Filters\Filters->run('auth/login', 'before')
#4 C:\laragon\www\proyect_airbnb\system\CodeIgniter.php(320): CodeIgniter\CodeIgniter->handleRequest(NULL, Object(Config\Cache), false)
#5 C:\laragon\www\proyect_airbnb\public\index.php(37): CodeIgniter\CodeIgniter->run()
#6 {main}
CRITICAL - 2022-03-18 15:00:11 --> Class 'App\Filters\PageNotFoundException' not found
#0 C:\laragon\www\proyect_airbnb\system\Filters\Filters.php(173): App\Filters\Auth->before(Object(CodeIgniter\HTTP\IncomingRequest), NULL)
#1 C:\laragon\www\proyect_airbnb\system\CodeIgniter.php(386): CodeIgniter\Filters\Filters->run('auth/login', 'before')
#2 C:\laragon\www\proyect_airbnb\system\CodeIgniter.php(320): CodeIgniter\CodeIgniter->handleRequest(NULL, Object(Config\Cache), false)
#3 C:\laragon\www\proyect_airbnb\public\index.php(37): CodeIgniter\CodeIgniter->run()
#4 {main}
