CRITICAL - 2022-08-03 13:35:21 --> move_uploaded_file(C:/laragon/www/univo/public/img/publicaciones/5/UMcLvmY5I8RCDfJl.png): failed to open stream: No such file or directory
#0 [internal function]: CodeIgniter\Debug\Exceptions->errorHandler(2, 'move_uploaded_f...', 'C:\\laragon\\www\\...', 188, Array)
#1 C:\laragon\www\Univo\app\Controllers\Anfitrion\Anfitrion.php(188): move_uploaded_file('C:\\Users\\Dimas\\...', 'C:/laragon/www/...')
#2 C:\laragon\www\Univo\system\CodeIgniter.php(825): App\Controllers\Anfitrion\Anfitrion->RegistrarPublicacion()
#3 C:\laragon\www\Univo\system\CodeIgniter.php(412): CodeIgniter\CodeIgniter->runController(Object(App\Controllers\Anfitrion\Anfitrion))
#4 C:\laragon\www\Univo\system\CodeIgniter.php(320): CodeIgniter\CodeIgniter->handleRequest(NULL, Object(Config\Cache), false)
#5 C:\laragon\www\Univo\public\index.php(37): CodeIgniter\CodeIgniter->run()
#6 {main}
CRITICAL - 2022-08-03 13:38:11 --> Undefined offset: 3
#0 C:\laragon\www\Univo\app\Controllers\Anfitrion\Anfitrion.php(183): CodeIgniter\Debug\Exceptions->errorHandler(8, 'Undefined offse...', 'C:\\laragon\\www\\...', 183, Array)
#1 C:\laragon\www\Univo\system\CodeIgniter.php(825): App\Controllers\Anfitrion\Anfitrion->RegistrarPublicacion()
#2 C:\laragon\www\Univo\system\CodeIgniter.php(412): CodeIgniter\CodeIgniter->runController(Object(App\Controllers\Anfitrion\Anfitrion))
#3 C:\laragon\www\Univo\system\CodeIgniter.php(320): CodeIgniter\CodeIgniter->handleRequest(NULL, Object(Config\Cache), false)
#4 C:\laragon\www\Univo\public\index.php(37): CodeIgniter\CodeIgniter->run()
#5 {main}
CRITICAL - 2022-08-03 13:38:39 --> mkdir(): File exists
#0 [internal function]: CodeIgniter\Debug\Exceptions->errorHandler(2, 'mkdir(): File e...', 'C:\\laragon\\www\\...', 180, Array)
#1 C:\laragon\www\Univo\app\Controllers\Anfitrion\Anfitrion.php(180): mkdir('C:/laragon/www/...', 511, true)
#2 C:\laragon\www\Univo\system\CodeIgniter.php(825): App\Controllers\Anfitrion\Anfitrion->RegistrarPublicacion()
#3 C:\laragon\www\Univo\system\CodeIgniter.php(412): CodeIgniter\CodeIgniter->runController(Object(App\Controllers\Anfitrion\Anfitrion))
#4 C:\laragon\www\Univo\system\CodeIgniter.php(320): CodeIgniter\CodeIgniter->handleRequest(NULL, Object(Config\Cache), false)
#5 C:\laragon\www\Univo\public\index.php(37): CodeIgniter\CodeIgniter->run()
#6 {main}
CRITICAL - 2022-08-03 13:39:08 --> Undefined offset: 3
#0 C:\laragon\www\Univo\app\Controllers\Anfitrion\Anfitrion.php(183): CodeIgniter\Debug\Exceptions->errorHandler(8, 'Undefined offse...', 'C:\\laragon\\www\\...', 183, Array)
#1 C:\laragon\www\Univo\system\CodeIgniter.php(825): App\Controllers\Anfitrion\Anfitrion->RegistrarPublicacion()
#2 C:\laragon\www\Univo\system\CodeIgniter.php(412): CodeIgniter\CodeIgniter->runController(Object(App\Controllers\Anfitrion\Anfitrion))
#3 C:\laragon\www\Univo\system\CodeIgniter.php(320): CodeIgniter\CodeIgniter->handleRequest(NULL, Object(Config\Cache), false)
#4 C:\laragon\www\Univo\public\index.php(37): CodeIgniter\CodeIgniter->run()
#5 {main}
