ERROR - 2022-11-21 10:34:01 --> Cannot add foreign key constraint
ERROR - 2022-11-21 10:35:58 --> Identifier name 'tbl_guardar_politicas_de_cancelacion_idPoliticaCancelacion_foreign' is too long
ERROR - 2022-11-21 10:39:14 --> Identifier name 'tbl_guardar_politicas_de_cancelacion_idPoliticaCancelacion_foreign' is too long
ERROR - 2022-11-21 10:41:39 --> Identifier name 'tbl_guardar_politicas_de_cancelacion_idPoliticaCancelacion_foreign' is too long
ERROR - 2022-11-21 10:44:39 --> Unknown table 'db_prueba.tbl_guardar_politicas_de_cancelacion'
ERROR - 2022-11-21 10:45:49 --> Unknown table 'db_prueba.tbl_guardar_politicas_de_cancelacion'
ERROR - 2022-11-21 10:52:26 --> Cannot add foreign key constraint
ERROR - 2022-11-21 10:53:13 --> Cannot add foreign key constraint
ERROR - 2022-11-21 10:53:29 --> Cannot add foreign key constraint
ERROR - 2022-11-21 10:57:34 --> Cannot add foreign key constraint
ERROR - 2022-11-21 11:02:42 --> Cannot add foreign key constraint
ERROR - 2022-11-21 11:07:15 --> Cannot add foreign key constraint
ERROR - 2022-11-21 12:06:37 --> Table 'db_prueba.tbl_reglas_servicio' doesn't exist
ERROR - 2022-11-21 12:07:18 --> Table 'db_prueba.tbl_reglas_servicio' doesn't exist
ERROR - 2022-11-21 12:09:19 --> Table 'db_prueba.tbl_tipo_de_hospedajes' doesn't exist
CRITICAL - 2022-11-21 12:15:29 --> Undefined variable: model
#0 C:\laragon\www\proyect_airbnb\app\Controllers\Auth\Registro.php(255): CodeIgniter\Debug\Exceptions->errorHandler(8, 'Undefined varia...', 'C:\\laragon\\www\\...', 255, Array)
#1 C:\laragon\www\proyect_airbnb\system\CodeIgniter.php(825): App\Controllers\Auth\Registro->registrarAnfitrion()
#2 C:\laragon\www\proyect_airbnb\system\CodeIgniter.php(412): CodeIgniter\CodeIgniter->runController(Object(App\Controllers\Auth\Registro))
#3 C:\laragon\www\proyect_airbnb\system\CodeIgniter.php(320): CodeIgniter\CodeIgniter->handleRequest(NULL, Object(Config\Cache), false)
#4 C:\laragon\www\proyect_airbnb\public\index.php(37): CodeIgniter\CodeIgniter->run()
#5 {main}
ERROR - 2022-11-21 14:43:02 --> Unknown column 'disponibilidad' in 'field list'
CRITICAL - 2022-11-21 14:43:02 --> Unknown column 'disponibilidad' in 'field list'
#0 C:\laragon\www\proyect_airbnb\system\Database\MySQLi\Connection.php(292): mysqli->query('INSERT INTO `tb...', 0)
#1 C:\laragon\www\proyect_airbnb\system\Database\BaseConnection.php(670): CodeIgniter\Database\MySQLi\Connection->execute('INSERT INTO `tb...')
#2 C:\laragon\www\proyect_airbnb\system\Database\BaseConnection.php(598): CodeIgniter\Database\BaseConnection->simpleQuery('INSERT INTO `tb...')
#3 C:\laragon\www\proyect_airbnb\system\Database\BaseBuilder.php(1771): CodeIgniter\Database\BaseConnection->query('INSERT INTO `tb...', Array, false)
#4 C:\laragon\www\proyect_airbnb\system\Model.php(239): CodeIgniter\Database\BaseBuilder->insert()
#5 C:\laragon\www\proyect_airbnb\system\BaseModel.php(738): CodeIgniter\Model->doInsert(Array)
#6 C:\laragon\www\proyect_airbnb\system\Model.php(625): CodeIgniter\BaseModel->insert(Array, false)
#7 C:\laragon\www\proyect_airbnb\system\BaseModel.php(658): CodeIgniter\Model->insert(Array, false)
#8 C:\laragon\www\proyect_airbnb\app\Controllers\Anfitrion\Registro.php(281): CodeIgniter\BaseModel->save(Array)
#9 C:\laragon\www\proyect_airbnb\system\CodeIgniter.php(825): App\Controllers\Anfitrion\Registro->RegistrarPublicacion()
#10 C:\laragon\www\proyect_airbnb\system\CodeIgniter.php(412): CodeIgniter\CodeIgniter->runController(Object(App\Controllers\Anfitrion\Registro))
#11 C:\laragon\www\proyect_airbnb\system\CodeIgniter.php(320): CodeIgniter\CodeIgniter->handleRequest(NULL, Object(Config\Cache), false)
#12 C:\laragon\www\proyect_airbnb\public\index.php(37): CodeIgniter\CodeIgniter->run()
#13 {main}
CRITICAL - 2022-11-21 14:52:10 --> Undefined variable: model
#0 C:\laragon\www\proyect_airbnb\app\Controllers\Usuario\Registro.php(117): CodeIgniter\Debug\Exceptions->errorHandler(8, 'Undefined varia...', 'C:\\laragon\\www\\...', 117, Array)
#1 C:\laragon\www\proyect_airbnb\system\CodeIgniter.php(825): App\Controllers\Usuario\Registro->registrarAnfitrion()
#2 C:\laragon\www\proyect_airbnb\system\CodeIgniter.php(412): CodeIgniter\CodeIgniter->runController(Object(App\Controllers\Usuario\Registro))
#3 C:\laragon\www\proyect_airbnb\system\CodeIgniter.php(320): CodeIgniter\CodeIgniter->handleRequest(NULL, Object(Config\Cache), false)
#4 C:\laragon\www\proyect_airbnb\public\index.php(37): CodeIgniter\CodeIgniter->run()
#5 {main}
ERROR - 2022-11-21 15:13:34 --> Cannot add foreign key constraint
ERROR - 2022-11-21 15:17:17 --> Cannot add foreign key constraint
ERROR - 2022-11-21 15:17:58 --> Identifier name 'tbl_guardar_politicas_de_cancelacion_idPoliticaCancelacion_foreign' is too long
