CRITICAL - 2022-10-26 10:40:29 --> Trying to get property 'idServicio' of non-object
#0 C:\laragon\www\proyect_airbnb\app\Views\anfitrion\inicio.php(85): CodeIgniter\Debug\Exceptions->errorHandler(8, 'Trying to get p...', 'C:\\laragon\\www\\...', 85, Array)
#1 C:\laragon\www\proyect_airbnb\system\View\View.php(210): include('C:\\laragon\\www\\...')
#2 C:\laragon\www\proyect_airbnb\system\View\View.php(213): CodeIgniter\View\View->CodeIgniter\View\{closure}()
#3 C:\laragon\www\proyect_airbnb\system\Common.php(1089): CodeIgniter\View\View->render('anfitrion/inici...', Array, true)
#4 C:\laragon\www\proyect_airbnb\app\Controllers\Anfitrion\Vistas.php(75): view('anfitrion/inici...', Array)
#5 C:\laragon\www\proyect_airbnb\system\CodeIgniter.php(825): App\Controllers\Anfitrion\Vistas->index()
#6 C:\laragon\www\proyect_airbnb\system\CodeIgniter.php(412): CodeIgniter\CodeIgniter->runController(Object(App\Controllers\Anfitrion\Vistas))
#7 C:\laragon\www\proyect_airbnb\system\CodeIgniter.php(320): CodeIgniter\CodeIgniter->handleRequest(NULL, Object(Config\Cache), false)
#8 C:\laragon\www\proyect_airbnb\public\index.php(37): CodeIgniter\CodeIgniter->run()
#9 {main}
CRITICAL - 2022-10-26 10:42:24 --> Undefined variable: keyImagen
#0 C:\laragon\www\proyect_airbnb\app\Views\anfitrion\inicio.php(92): CodeIgniter\Debug\Exceptions->errorHandler(8, 'Undefined varia...', 'C:\\laragon\\www\\...', 92, Array)
#1 C:\laragon\www\proyect_airbnb\system\View\View.php(210): include('C:\\laragon\\www\\...')
#2 C:\laragon\www\proyect_airbnb\system\View\View.php(213): CodeIgniter\View\View->CodeIgniter\View\{closure}()
#3 C:\laragon\www\proyect_airbnb\system\Common.php(1089): CodeIgniter\View\View->render('anfitrion/inici...', Array, true)
#4 C:\laragon\www\proyect_airbnb\app\Controllers\Anfitrion\Vistas.php(75): view('anfitrion/inici...', Array)
#5 C:\laragon\www\proyect_airbnb\system\CodeIgniter.php(825): App\Controllers\Anfitrion\Vistas->index()
#6 C:\laragon\www\proyect_airbnb\system\CodeIgniter.php(412): CodeIgniter\CodeIgniter->runController(Object(App\Controllers\Anfitrion\Vistas))
#7 C:\laragon\www\proyect_airbnb\system\CodeIgniter.php(320): CodeIgniter\CodeIgniter->handleRequest(NULL, Object(Config\Cache), false)
#8 C:\laragon\www\proyect_airbnb\public\index.php(37): CodeIgniter\CodeIgniter->run()
#9 {main}
CRITICAL - 2022-10-26 10:45:15 --> Undefined variable: i
#0 C:\laragon\www\proyect_airbnb\app\Views\anfitrion\inicio.php(87): CodeIgniter\Debug\Exceptions->errorHandler(8, 'Undefined varia...', 'C:\\laragon\\www\\...', 87, Array)
#1 C:\laragon\www\proyect_airbnb\system\View\View.php(210): include('C:\\laragon\\www\\...')
#2 C:\laragon\www\proyect_airbnb\system\View\View.php(213): CodeIgniter\View\View->CodeIgniter\View\{closure}()
#3 C:\laragon\www\proyect_airbnb\system\Common.php(1089): CodeIgniter\View\View->render('anfitrion/inici...', Array, true)
#4 C:\laragon\www\proyect_airbnb\app\Controllers\Anfitrion\Vistas.php(75): view('anfitrion/inici...', Array)
#5 C:\laragon\www\proyect_airbnb\system\CodeIgniter.php(825): App\Controllers\Anfitrion\Vistas->index()
#6 C:\laragon\www\proyect_airbnb\system\CodeIgniter.php(412): CodeIgniter\CodeIgniter->runController(Object(App\Controllers\Anfitrion\Vistas))
#7 C:\laragon\www\proyect_airbnb\system\CodeIgniter.php(320): CodeIgniter\CodeIgniter->handleRequest(NULL, Object(Config\Cache), false)
#8 C:\laragon\www\proyect_airbnb\public\index.php(37): CodeIgniter\CodeIgniter->run()
#9 {main}
