ERROR - 2022-08-15 13:10:40 --> Error connecting to the database: Access denied for user '****'@'localhost' (using password: YES)
CRITICAL - 2022-08-15 13:10:41 --> Unable to connect to the database.
Main connection [MySQLi]: Access denied for user '****'@'localhost' (using password: YES)
#0 C:\laragon\www\proyect_airbnb\system\Database\BaseConnection.php(577): CodeIgniter\Database\BaseConnection->initialize()
#1 C:\laragon\www\proyect_airbnb\system\Database\BaseBuilder.php(1455): CodeIgniter\Database\BaseConnection->query('SELECT 1\nFROM `...', Array, false)
#2 C:\laragon\www\proyect_airbnb\system\Validation\Rules.php(142): CodeIgniter\Database\BaseBuilder->get()
#3 C:\laragon\www\proyect_airbnb\system\Validation\Validation.php(292): CodeIgniter\Validation\Rules->is_unique('chepe@gmail.com', 'email', Array, NULL)
#4 C:\laragon\www\proyect_airbnb\system\Validation\Validation.php(157): CodeIgniter\Validation\Validation->processRules('email', 'email', 'chepe@gmail.com', Array, Array)
#5 C:\laragon\www\proyect_airbnb\app\Controllers\Auth\Registro.php(60): CodeIgniter\Validation\Validation->run()
#6 C:\laragon\www\proyect_airbnb\system\CodeIgniter.php(825): App\Controllers\Auth\Registro->registrar()
#7 C:\laragon\www\proyect_airbnb\system\CodeIgniter.php(412): CodeIgniter\CodeIgniter->runController(Object(App\Controllers\Auth\Registro))
#8 C:\laragon\www\proyect_airbnb\system\CodeIgniter.php(320): CodeIgniter\CodeIgniter->handleRequest(NULL, Object(Config\Cache), false)
#9 C:\laragon\www\proyect_airbnb\public\index.php(37): CodeIgniter\CodeIgniter->run()
#10 {main}
CRITICAL - 2022-08-15 13:55:14 --> syntax error, unexpected ')', expecting identifier (T_STRING) or variable (T_VARIABLE) or '{' or '$'
#0 C:\laragon\www\proyect_airbnb\system\View\View.php(213): CodeIgniter\View\View->CodeIgniter\View\{closure}()
#1 C:\laragon\www\proyect_airbnb\system\Common.php(1089): CodeIgniter\View\View->render('anfitrion/inici...', Array, true)
#2 C:\laragon\www\proyect_airbnb\app\Controllers\Anfitrion\Anfitrion.php(45): view('anfitrion/inici...', Array)
#3 C:\laragon\www\proyect_airbnb\system\CodeIgniter.php(825): App\Controllers\Anfitrion\Anfitrion->index()
#4 C:\laragon\www\proyect_airbnb\system\CodeIgniter.php(412): CodeIgniter\CodeIgniter->runController(Object(App\Controllers\Anfitrion\Anfitrion))
#5 C:\laragon\www\proyect_airbnb\system\CodeIgniter.php(320): CodeIgniter\CodeIgniter->handleRequest(NULL, Object(Config\Cache), false)
#6 C:\laragon\www\proyect_airbnb\public\index.php(37): CodeIgniter\CodeIgniter->run()
#7 {main}
