CRITICAL - 2022-06-17 10:49:58 --> Object of class CodeIgniter\Session\Session could not be converted to string
#0 C:\laragon\www\proyect_airbnb\system\View\View.php(210): include()
#1 C:\laragon\www\proyect_airbnb\system\View\View.php(213): CodeIgniter\View\View->CodeIgniter\View\{closure}()
#2 C:\laragon\www\proyect_airbnb\system\Common.php(1089): CodeIgniter\View\View->render('usuario/inicio', Array, true)
#3 C:\laragon\www\proyect_airbnb\app\Controllers\Usuario\Usuarios.php(21): view('usuario/inicio')
#4 C:\laragon\www\proyect_airbnb\system\CodeIgniter.php(825): App\Controllers\Usuario\Usuarios->index()
#5 C:\laragon\www\proyect_airbnb\system\CodeIgniter.php(412): CodeIgniter\CodeIgniter->runController(Object(App\Controllers\Usuario\Usuarios))
#6 C:\laragon\www\proyect_airbnb\system\CodeIgniter.php(320): CodeIgniter\CodeIgniter->handleRequest(NULL, Object(Config\Cache), false)
#7 C:\laragon\www\proyect_airbnb\public\index.php(37): CodeIgniter\CodeIgniter->run()
#8 {main}
CRITICAL - 2022-06-17 10:50:13 --> Array to string conversion
#0 C:\laragon\www\proyect_airbnb\app\Views\usuario\inicio.php(28): CodeIgniter\Debug\Exceptions->errorHandler(8, 'Array to string...', 'C:\\laragon\\www\\...', 28, Array)
#1 C:\laragon\www\proyect_airbnb\system\View\View.php(210): include('C:\\laragon\\www\\...')
#2 C:\laragon\www\proyect_airbnb\system\View\View.php(213): CodeIgniter\View\View->CodeIgniter\View\{closure}()
#3 C:\laragon\www\proyect_airbnb\system\Common.php(1089): CodeIgniter\View\View->render('usuario/inicio', Array, true)
#4 C:\laragon\www\proyect_airbnb\app\Controllers\Usuario\Usuarios.php(21): view('usuario/inicio')
#5 C:\laragon\www\proyect_airbnb\system\CodeIgniter.php(825): App\Controllers\Usuario\Usuarios->index()
#6 C:\laragon\www\proyect_airbnb\system\CodeIgniter.php(412): CodeIgniter\CodeIgniter->runController(Object(App\Controllers\Usuario\Usuarios))
#7 C:\laragon\www\proyect_airbnb\system\CodeIgniter.php(320): CodeIgniter\CodeIgniter->handleRequest(NULL, Object(Config\Cache), false)
#8 C:\laragon\www\proyect_airbnb\public\index.php(37): CodeIgniter\CodeIgniter->run()
#9 {main}
CRITICAL - 2022-06-17 10:57:05 --> syntax error, unexpected end of file, expecting elseif (T_ELSEIF) or else (T_ELSE) or endif (T_ENDIF)
#0 C:\laragon\www\proyect_airbnb\system\View\View.php(213): CodeIgniter\View\View->CodeIgniter\View\{closure}()
#1 C:\laragon\www\proyect_airbnb\system\Common.php(1089): CodeIgniter\View\View->render('usuario/inicio', Array, true)
#2 C:\laragon\www\proyect_airbnb\app\Controllers\Usuario\Usuarios.php(21): view('usuario/inicio')
#3 C:\laragon\www\proyect_airbnb\system\CodeIgniter.php(825): App\Controllers\Usuario\Usuarios->index()
#4 C:\laragon\www\proyect_airbnb\system\CodeIgniter.php(412): CodeIgniter\CodeIgniter->runController(Object(App\Controllers\Usuario\Usuarios))
#5 C:\laragon\www\proyect_airbnb\system\CodeIgniter.php(320): CodeIgniter\CodeIgniter->handleRequest(NULL, Object(Config\Cache), false)
#6 C:\laragon\www\proyect_airbnb\public\index.php(37): CodeIgniter\CodeIgniter->run()
#7 {main}
