CRITICAL - 2022-10-11 10:51:00 --> syntax error, unexpected 'endforeach' (T_ENDFOREACH), expecting elseif (T_ELSEIF) or else (T_ELSE) or endif (T_ENDIF)
#0 C:\laragon\www\proyect_airbnb\system\View\View.php(213): CodeIgniter\View\View->CodeIgniter\View\{closure}()
#1 C:\laragon\www\proyect_airbnb\system\Common.php(1089): CodeIgniter\View\View->render('anfitrion/inici...', Array, true)
#2 C:\laragon\www\proyect_airbnb\app\Controllers\Anfitrion\Anfitrion.php(50): view('anfitrion/inici...', Array)
#3 C:\laragon\www\proyect_airbnb\system\CodeIgniter.php(825): App\Controllers\Anfitrion\Anfitrion->index()
#4 C:\laragon\www\proyect_airbnb\system\CodeIgniter.php(412): CodeIgniter\CodeIgniter->runController(Object(App\Controllers\Anfitrion\Anfitrion))
#5 C:\laragon\www\proyect_airbnb\system\CodeIgniter.php(320): CodeIgniter\CodeIgniter->handleRequest(NULL, Object(Config\Cache), false)
#6 C:\laragon\www\proyect_airbnb\public\index.php(37): CodeIgniter\CodeIgniter->run()
#7 {main}
CRITICAL - 2022-10-11 10:52:40 --> Trying to get property 'idServicio' of non-object
#0 C:\laragon\www\proyect_airbnb\app\Views\anfitrion\inicio.php(132): CodeIgniter\Debug\Exceptions->errorHandler(8, 'Trying to get p...', 'C:\\laragon\\www\\...', 132, Array)
#1 C:\laragon\www\proyect_airbnb\system\View\View.php(210): include('C:\\laragon\\www\\...')
#2 C:\laragon\www\proyect_airbnb\system\View\View.php(213): CodeIgniter\View\View->CodeIgniter\View\{closure}()
#3 C:\laragon\www\proyect_airbnb\system\Common.php(1089): CodeIgniter\View\View->render('anfitrion/inici...', Array, true)
#4 C:\laragon\www\proyect_airbnb\app\Controllers\Anfitrion\Anfitrion.php(50): view('anfitrion/inici...', Array)
#5 C:\laragon\www\proyect_airbnb\system\CodeIgniter.php(825): App\Controllers\Anfitrion\Anfitrion->index()
#6 C:\laragon\www\proyect_airbnb\system\CodeIgniter.php(412): CodeIgniter\CodeIgniter->runController(Object(App\Controllers\Anfitrion\Anfitrion))
#7 C:\laragon\www\proyect_airbnb\system\CodeIgniter.php(320): CodeIgniter\CodeIgniter->handleRequest(NULL, Object(Config\Cache), false)
#8 C:\laragon\www\proyect_airbnb\public\index.php(37): CodeIgniter\CodeIgniter->run()
#9 {main}
CRITICAL - 2022-10-11 10:53:08 --> Trying to access array offset on value of type null
#0 C:\laragon\www\proyect_airbnb\app\Views\anfitrion\inicio.php(132): CodeIgniter\Debug\Exceptions->errorHandler(8, 'Trying to acces...', 'C:\\laragon\\www\\...', 132, Array)
#1 C:\laragon\www\proyect_airbnb\system\View\View.php(210): include('C:\\laragon\\www\\...')
#2 C:\laragon\www\proyect_airbnb\system\View\View.php(213): CodeIgniter\View\View->CodeIgniter\View\{closure}()
#3 C:\laragon\www\proyect_airbnb\system\Common.php(1089): CodeIgniter\View\View->render('anfitrion/inici...', Array, true)
#4 C:\laragon\www\proyect_airbnb\app\Controllers\Anfitrion\Anfitrion.php(50): view('anfitrion/inici...', Array)
#5 C:\laragon\www\proyect_airbnb\system\CodeIgniter.php(825): App\Controllers\Anfitrion\Anfitrion->index()
#6 C:\laragon\www\proyect_airbnb\system\CodeIgniter.php(412): CodeIgniter\CodeIgniter->runController(Object(App\Controllers\Anfitrion\Anfitrion))
#7 C:\laragon\www\proyect_airbnb\system\CodeIgniter.php(320): CodeIgniter\CodeIgniter->handleRequest(NULL, Object(Config\Cache), false)
#8 C:\laragon\www\proyect_airbnb\public\index.php(37): CodeIgniter\CodeIgniter->run()
#9 {main}
CRITICAL - 2022-10-11 10:54:22 --> Trying to get property 'idServicio' of non-object
#0 C:\laragon\www\proyect_airbnb\app\Views\anfitrion\inicio.php(132): CodeIgniter\Debug\Exceptions->errorHandler(8, 'Trying to get p...', 'C:\\laragon\\www\\...', 132, Array)
#1 C:\laragon\www\proyect_airbnb\system\View\View.php(210): include('C:\\laragon\\www\\...')
#2 C:\laragon\www\proyect_airbnb\system\View\View.php(213): CodeIgniter\View\View->CodeIgniter\View\{closure}()
#3 C:\laragon\www\proyect_airbnb\system\Common.php(1089): CodeIgniter\View\View->render('anfitrion/inici...', Array, true)
#4 C:\laragon\www\proyect_airbnb\app\Controllers\Anfitrion\Anfitrion.php(50): view('anfitrion/inici...', Array)
#5 C:\laragon\www\proyect_airbnb\system\CodeIgniter.php(825): App\Controllers\Anfitrion\Anfitrion->index()
#6 C:\laragon\www\proyect_airbnb\system\CodeIgniter.php(412): CodeIgniter\CodeIgniter->runController(Object(App\Controllers\Anfitrion\Anfitrion))
#7 C:\laragon\www\proyect_airbnb\system\CodeIgniter.php(320): CodeIgniter\CodeIgniter->handleRequest(NULL, Object(Config\Cache), false)
#8 C:\laragon\www\proyect_airbnb\public\index.php(37): CodeIgniter\CodeIgniter->run()
#9 {main}
CRITICAL - 2022-10-11 10:58:06 --> Cannot use object of type stdClass as array
#0 C:\laragon\www\proyect_airbnb\system\View\View.php(210): include()
#1 C:\laragon\www\proyect_airbnb\system\View\View.php(213): CodeIgniter\View\View->CodeIgniter\View\{closure}()
#2 C:\laragon\www\proyect_airbnb\system\Common.php(1089): CodeIgniter\View\View->render('anfitrion/inici...', Array, true)
#3 C:\laragon\www\proyect_airbnb\app\Controllers\Anfitrion\Anfitrion.php(51): view('anfitrion/inici...', Array)
#4 C:\laragon\www\proyect_airbnb\system\CodeIgniter.php(825): App\Controllers\Anfitrion\Anfitrion->index()
#5 C:\laragon\www\proyect_airbnb\system\CodeIgniter.php(412): CodeIgniter\CodeIgniter->runController(Object(App\Controllers\Anfitrion\Anfitrion))
#6 C:\laragon\www\proyect_airbnb\system\CodeIgniter.php(320): CodeIgniter\CodeIgniter->handleRequest(NULL, Object(Config\Cache), false)
#7 C:\laragon\www\proyect_airbnb\public\index.php(37): CodeIgniter\CodeIgniter->run()
#8 {main}
CRITICAL - 2022-10-11 17:38:40 --> Call to undefined method App\Controllers\Anfitrion\Anfitrion::getRequestInput()
#0 C:\laragon\www\proyect_airbnb\system\CodeIgniter.php(825): App\Controllers\Anfitrion\Anfitrion->RegistrarPublicacion()
#1 C:\laragon\www\proyect_airbnb\system\CodeIgniter.php(412): CodeIgniter\CodeIgniter->runController(Object(App\Controllers\Anfitrion\Anfitrion))
#2 C:\laragon\www\proyect_airbnb\system\CodeIgniter.php(320): CodeIgniter\CodeIgniter->handleRequest(NULL, Object(Config\Cache), false)
#3 C:\laragon\www\proyect_airbnb\public\index.php(37): CodeIgniter\CodeIgniter->run()
#4 {main}
CRITICAL - 2022-10-11 17:39:20 --> Call to undefined method App\Controllers\Anfitrion\Anfitrion::getRequestInput()
#0 C:\laragon\www\proyect_airbnb\system\CodeIgniter.php(825): App\Controllers\Anfitrion\Anfitrion->RegistrarPublicacion()
#1 C:\laragon\www\proyect_airbnb\system\CodeIgniter.php(412): CodeIgniter\CodeIgniter->runController(Object(App\Controllers\Anfitrion\Anfitrion))
#2 C:\laragon\www\proyect_airbnb\system\CodeIgniter.php(320): CodeIgniter\CodeIgniter->handleRequest(NULL, Object(Config\Cache), false)
#3 C:\laragon\www\proyect_airbnb\public\index.php(37): CodeIgniter\CodeIgniter->run()
#4 {main}
CRITICAL - 2022-10-11 21:11:38 --> Undefined variable: elemento
#0 C:\laragon\www\proyect_airbnb\app\Views\anfitrion\inicio.php(64): CodeIgniter\Debug\Exceptions->errorHandler(8, 'Undefined varia...', 'C:\\laragon\\www\\...', 64, Array)
#1 C:\laragon\www\proyect_airbnb\system\View\View.php(210): include('C:\\laragon\\www\\...')
#2 C:\laragon\www\proyect_airbnb\system\View\View.php(213): CodeIgniter\View\View->CodeIgniter\View\{closure}()
#3 C:\laragon\www\proyect_airbnb\system\Common.php(1089): CodeIgniter\View\View->render('anfitrion/inici...', Array, true)
#4 C:\laragon\www\proyect_airbnb\app\Controllers\Anfitrion\Anfitrion.php(52): view('anfitrion/inici...', Array)
#5 C:\laragon\www\proyect_airbnb\system\CodeIgniter.php(825): App\Controllers\Anfitrion\Anfitrion->index()
#6 C:\laragon\www\proyect_airbnb\system\CodeIgniter.php(412): CodeIgniter\CodeIgniter->runController(Object(App\Controllers\Anfitrion\Anfitrion))
#7 C:\laragon\www\proyect_airbnb\system\CodeIgniter.php(320): CodeIgniter\CodeIgniter->handleRequest(NULL, Object(Config\Cache), false)
#8 C:\laragon\www\proyect_airbnb\public\index.php(37): CodeIgniter\CodeIgniter->run()
#9 {main}
CRITICAL - 2022-10-11 21:12:12 --> Undefined variable: elemento
#0 C:\laragon\www\proyect_airbnb\app\Views\anfitrion\inicio.php(153): CodeIgniter\Debug\Exceptions->errorHandler(8, 'Undefined varia...', 'C:\\laragon\\www\\...', 153, Array)
#1 C:\laragon\www\proyect_airbnb\system\View\View.php(210): include('C:\\laragon\\www\\...')
#2 C:\laragon\www\proyect_airbnb\system\View\View.php(213): CodeIgniter\View\View->CodeIgniter\View\{closure}()
#3 C:\laragon\www\proyect_airbnb\system\Common.php(1089): CodeIgniter\View\View->render('anfitrion/inici...', Array, true)
#4 C:\laragon\www\proyect_airbnb\app\Controllers\Anfitrion\Anfitrion.php(52): view('anfitrion/inici...', Array)
#5 C:\laragon\www\proyect_airbnb\system\CodeIgniter.php(825): App\Controllers\Anfitrion\Anfitrion->index()
#6 C:\laragon\www\proyect_airbnb\system\CodeIgniter.php(412): CodeIgniter\CodeIgniter->runController(Object(App\Controllers\Anfitrion\Anfitrion))
#7 C:\laragon\www\proyect_airbnb\system\CodeIgniter.php(320): CodeIgniter\CodeIgniter->handleRequest(NULL, Object(Config\Cache), false)
#8 C:\laragon\www\proyect_airbnb\public\index.php(37): CodeIgniter\CodeIgniter->run()
#9 {main}
CRITICAL - 2022-10-11 21:25:59 --> syntax error, unexpected end of file
#0 C:\laragon\www\proyect_airbnb\system\View\View.php(213): CodeIgniter\View\View->CodeIgniter\View\{closure}()
#1 C:\laragon\www\proyect_airbnb\system\Common.php(1089): CodeIgniter\View\View->render('anfitrion/inici...', Array, true)
#2 C:\laragon\www\proyect_airbnb\app\Controllers\Anfitrion\Anfitrion.php(52): view('anfitrion/inici...', Array)
#3 C:\laragon\www\proyect_airbnb\system\CodeIgniter.php(825): App\Controllers\Anfitrion\Anfitrion->index()
#4 C:\laragon\www\proyect_airbnb\system\CodeIgniter.php(412): CodeIgniter\CodeIgniter->runController(Object(App\Controllers\Anfitrion\Anfitrion))
#5 C:\laragon\www\proyect_airbnb\system\CodeIgniter.php(320): CodeIgniter\CodeIgniter->handleRequest(NULL, Object(Config\Cache), false)
#6 C:\laragon\www\proyect_airbnb\public\index.php(37): CodeIgniter\CodeIgniter->run()
#7 {main}
CRITICAL - 2022-10-11 21:26:30 --> Trying to get property 'url' of non-object
#0 C:\laragon\www\proyect_airbnb\app\Views\anfitrion\inicio.php(63): CodeIgniter\Debug\Exceptions->errorHandler(8, 'Trying to get p...', 'C:\\laragon\\www\\...', 63, Array)
#1 C:\laragon\www\proyect_airbnb\system\View\View.php(210): include('C:\\laragon\\www\\...')
#2 C:\laragon\www\proyect_airbnb\system\View\View.php(213): CodeIgniter\View\View->CodeIgniter\View\{closure}()
#3 C:\laragon\www\proyect_airbnb\system\Common.php(1089): CodeIgniter\View\View->render('anfitrion/inici...', Array, true)
#4 C:\laragon\www\proyect_airbnb\app\Controllers\Anfitrion\Anfitrion.php(52): view('anfitrion/inici...', Array)
#5 C:\laragon\www\proyect_airbnb\system\CodeIgniter.php(825): App\Controllers\Anfitrion\Anfitrion->index()
#6 C:\laragon\www\proyect_airbnb\system\CodeIgniter.php(412): CodeIgniter\CodeIgniter->runController(Object(App\Controllers\Anfitrion\Anfitrion))
#7 C:\laragon\www\proyect_airbnb\system\CodeIgniter.php(320): CodeIgniter\CodeIgniter->handleRequest(NULL, Object(Config\Cache), false)
#8 C:\laragon\www\proyect_airbnb\public\index.php(37): CodeIgniter\CodeIgniter->run()
#9 {main}
CRITICAL - 2022-10-11 22:18:27 --> Call to a member function findAll() on null
#0 C:\laragon\www\proyect_airbnb\system\CodeIgniter.php(825): App\Controllers\Anfitrion\Anfitrion->publicar()
#1 C:\laragon\www\proyect_airbnb\system\CodeIgniter.php(412): CodeIgniter\CodeIgniter->runController(Object(App\Controllers\Anfitrion\Anfitrion))
#2 C:\laragon\www\proyect_airbnb\system\CodeIgniter.php(320): CodeIgniter\CodeIgniter->handleRequest(NULL, Object(Config\Cache), false)
#3 C:\laragon\www\proyect_airbnb\public\index.php(37): CodeIgniter\CodeIgniter->run()
#4 {main}
CRITICAL - 2022-10-11 22:59:10 --> whereIn() expects $values to be of type array or closure
#0 C:\laragon\www\proyect_airbnb\system\Database\BaseBuilder.php(731): CodeIgniter\Database\BaseBuilder->_whereIn('idServicio', NULL, false, 'AND ', NULL)
#1 C:\laragon\www\proyect_airbnb\system\Model.php(728): CodeIgniter\Database\BaseBuilder->whereIn('idServicio', NULL)
#2 C:\laragon\www\proyect_airbnb\app\Controllers\Anfitrion\Anfitrion.php(60): CodeIgniter\Model->__call('whereIn', Array)
#3 C:\laragon\www\proyect_airbnb\system\CodeIgniter.php(825): App\Controllers\Anfitrion\Anfitrion->index()
#4 C:\laragon\www\proyect_airbnb\system\CodeIgniter.php(412): CodeIgniter\CodeIgniter->runController(Object(App\Controllers\Anfitrion\Anfitrion))
#5 C:\laragon\www\proyect_airbnb\system\CodeIgniter.php(320): CodeIgniter\CodeIgniter->handleRequest(NULL, Object(Config\Cache), false)
#6 C:\laragon\www\proyect_airbnb\public\index.php(37): CodeIgniter\CodeIgniter->run()
#7 {main}
CRITICAL - 2022-10-11 22:59:25 --> whereIn() expects $values to be of type array or closure
#0 C:\laragon\www\proyect_airbnb\system\Database\BaseBuilder.php(731): CodeIgniter\Database\BaseBuilder->_whereIn('idServicio', NULL, false, 'AND ', NULL)
#1 C:\laragon\www\proyect_airbnb\system\Model.php(728): CodeIgniter\Database\BaseBuilder->whereIn('idServicio', NULL)
#2 C:\laragon\www\proyect_airbnb\app\Controllers\Anfitrion\Anfitrion.php(60): CodeIgniter\Model->__call('whereIn', Array)
#3 C:\laragon\www\proyect_airbnb\system\CodeIgniter.php(825): App\Controllers\Anfitrion\Anfitrion->index()
#4 C:\laragon\www\proyect_airbnb\system\CodeIgniter.php(412): CodeIgniter\CodeIgniter->runController(Object(App\Controllers\Anfitrion\Anfitrion))
#5 C:\laragon\www\proyect_airbnb\system\CodeIgniter.php(320): CodeIgniter\CodeIgniter->handleRequest(NULL, Object(Config\Cache), false)
#6 C:\laragon\www\proyect_airbnb\public\index.php(37): CodeIgniter\CodeIgniter->run()
#7 {main}
CRITICAL - 2022-10-11 23:00:57 --> Undefined variable: imagenes
#0 C:\laragon\www\proyect_airbnb\app\Controllers\Anfitrion\Anfitrion.php(70): CodeIgniter\Debug\Exceptions->errorHandler(8, 'Undefined varia...', 'C:\\laragon\\www\\...', 70, Array)
#1 C:\laragon\www\proyect_airbnb\system\CodeIgniter.php(825): App\Controllers\Anfitrion\Anfitrion->index()
#2 C:\laragon\www\proyect_airbnb\system\CodeIgniter.php(412): CodeIgniter\CodeIgniter->runController(Object(App\Controllers\Anfitrion\Anfitrion))
#3 C:\laragon\www\proyect_airbnb\system\CodeIgniter.php(320): CodeIgniter\CodeIgniter->handleRequest(NULL, Object(Config\Cache), false)
#4 C:\laragon\www\proyect_airbnb\public\index.php(37): CodeIgniter\CodeIgniter->run()
#5 {main}
CRITICAL - 2022-10-11 23:04:44 --> Undefined property: App\Controllers\Anfitrion\Anfitrion::$modelGuardarSubServicio
#0 C:\laragon\www\proyect_airbnb\app\Controllers\Anfitrion\Anfitrion.php(319): CodeIgniter\Debug\Exceptions->errorHandler(8, 'Undefined prope...', 'C:\\laragon\\www\\...', 319, Array)
#1 C:\laragon\www\proyect_airbnb\system\CodeIgniter.php(825): App\Controllers\Anfitrion\Anfitrion->RegistrarPublicacion()
#2 C:\laragon\www\proyect_airbnb\system\CodeIgniter.php(412): CodeIgniter\CodeIgniter->runController(Object(App\Controllers\Anfitrion\Anfitrion))
#3 C:\laragon\www\proyect_airbnb\system\CodeIgniter.php(320): CodeIgniter\CodeIgniter->handleRequest(NULL, Object(Config\Cache), false)
#4 C:\laragon\www\proyect_airbnb\public\index.php(37): CodeIgniter\CodeIgniter->run()
#5 {main}
