CRITICAL - 2022-06-25 02:57:27 --> Invalid file: usuario/alojamiento.php
#0 C:\laragon\www\proyect_airbnb\system\View\View.php(198): CodeIgniter\Exceptions\FrameworkException::forInvalidFile('usuario/alojami...')
#1 C:\laragon\www\proyect_airbnb\system\Common.php(1089): CodeIgniter\View\View->render('usuario/alojami...', Array, true)
#2 C:\laragon\www\proyect_airbnb\app\Controllers\Usuario\Usuarios.php(31): view('usuario/alojami...')
#3 C:\laragon\www\proyect_airbnb\system\CodeIgniter.php(825): App\Controllers\Usuario\Usuarios->alojamiento()
#4 C:\laragon\www\proyect_airbnb\system\CodeIgniter.php(412): CodeIgniter\CodeIgniter->runController(Object(App\Controllers\Usuario\Usuarios))
#5 C:\laragon\www\proyect_airbnb\system\CodeIgniter.php(320): CodeIgniter\CodeIgniter->handleRequest(NULL, Object(Config\Cache), false)
#6 C:\laragon\www\proyect_airbnb\public\index.php(37): CodeIgniter\CodeIgniter->run()
#7 {main}
CRITICAL - 2022-06-25 19:04:29 --> Attempt to read property "cuentaBanco" on null
#0 C:\laragon\www\proyect_airbnb\app\Views\anfitrion\perfil.php(74): CodeIgniter\Debug\Exceptions->errorHandler(2, 'Attempt to read...', 'C:\\laragon\\www\\...', 74)
#1 C:\laragon\www\proyect_airbnb\system\View\View.php(210): include('C:\\laragon\\www\\...')
#2 C:\laragon\www\proyect_airbnb\system\View\View.php(213): CodeIgniter\View\View->CodeIgniter\View\{closure}()
#3 C:\laragon\www\proyect_airbnb\system\Common.php(1089): CodeIgniter\View\View->render('anfitrion/perfi...', Array, true)
#4 C:\laragon\www\proyect_airbnb\app\Controllers\Anfitrion\Anfitrion.php(31): view('anfitrion/perfi...', Array)
#5 C:\laragon\www\proyect_airbnb\system\CodeIgniter.php(825): App\Controllers\Anfitrion\Anfitrion->perfil()
#6 C:\laragon\www\proyect_airbnb\system\CodeIgniter.php(412): CodeIgniter\CodeIgniter->runController(Object(App\Controllers\Anfitrion\Anfitrion))
#7 C:\laragon\www\proyect_airbnb\system\CodeIgniter.php(320): CodeIgniter\CodeIgniter->handleRequest(NULL, Object(Config\Cache), false)
#8 C:\laragon\www\proyect_airbnb\public\index.php(37): CodeIgniter\CodeIgniter->run()
#9 {main}
CRITICAL - 2022-06-25 19:05:45 --> App\Models\AnfitrionesModel::agregarIdiomaSecundario(): Argument #1 ($idioma) must be of type string, null given, called in C:\laragon\www\proyect_airbnb\app\Controllers\Usuario\Usuarios.php on line 176
#0 C:\laragon\www\proyect_airbnb\app\Controllers\Usuario\Usuarios.php(176): App\Models\AnfitrionesModel->agregarIdiomaSecundario(NULL)
#1 C:\laragon\www\proyect_airbnb\system\CodeIgniter.php(825): App\Controllers\Usuario\Usuarios->registrarAnfitrion()
#2 C:\laragon\www\proyect_airbnb\system\CodeIgniter.php(412): CodeIgniter\CodeIgniter->runController(Object(App\Controllers\Usuario\Usuarios))
#3 C:\laragon\www\proyect_airbnb\system\CodeIgniter.php(320): CodeIgniter\CodeIgniter->handleRequest(NULL, Object(Config\Cache), false)
#4 C:\laragon\www\proyect_airbnb\public\index.php(37): CodeIgniter\CodeIgniter->run()
#5 {main}
CRITICAL - 2022-06-25 21:07:53 --> App\Models\AnfitrionesModel::agregarIdiomaSecundario(): Argument #1 ($idioma) must be of type string, null given, called in C:\laragon\www\proyect_airbnb\app\Controllers\Auth\Registro.php on line 277
#0 C:\laragon\www\proyect_airbnb\app\Controllers\Auth\Registro.php(277): App\Models\AnfitrionesModel->agregarIdiomaSecundario(NULL)
#1 C:\laragon\www\proyect_airbnb\system\CodeIgniter.php(825): App\Controllers\Auth\Registro->registrarAnfitrion()
#2 C:\laragon\www\proyect_airbnb\system\CodeIgniter.php(412): CodeIgniter\CodeIgniter->runController(Object(App\Controllers\Auth\Registro))
#3 C:\laragon\www\proyect_airbnb\system\CodeIgniter.php(320): CodeIgniter\CodeIgniter->handleRequest(NULL, Object(Config\Cache), false)
#4 C:\laragon\www\proyect_airbnb\public\index.php(37): CodeIgniter\CodeIgniter->run()
#5 {main}
CRITICAL - 2022-06-25 21:11:53 --> App\Models\AnfitrionesModel::agregarIdiomaSecundario(): Argument #1 ($idioma) must be of type string, null given, called in C:\laragon\www\proyect_airbnb\app\Controllers\Auth\Registro.php on line 277
#0 C:\laragon\www\proyect_airbnb\app\Controllers\Auth\Registro.php(277): App\Models\AnfitrionesModel->agregarIdiomaSecundario(NULL)
#1 C:\laragon\www\proyect_airbnb\system\CodeIgniter.php(825): App\Controllers\Auth\Registro->registrarAnfitrion()
#2 C:\laragon\www\proyect_airbnb\system\CodeIgniter.php(412): CodeIgniter\CodeIgniter->runController(Object(App\Controllers\Auth\Registro))
#3 C:\laragon\www\proyect_airbnb\system\CodeIgniter.php(320): CodeIgniter\CodeIgniter->handleRequest(NULL, Object(Config\Cache), false)
#4 C:\laragon\www\proyect_airbnb\public\index.php(37): CodeIgniter\CodeIgniter->run()
#5 {main}
CRITICAL - 2022-06-25 21:13:18 --> Call to undefined method App\Models\AnfitrionesModel::agregarIdiomaSecundario
#0 C:\laragon\www\proyect_airbnb\app\Controllers\Auth\Registro.php(277): CodeIgniter\Model->__call('agregarIdiomaSe...', Array)
#1 C:\laragon\www\proyect_airbnb\system\CodeIgniter.php(825): App\Controllers\Auth\Registro->registrarAnfitrion()
#2 C:\laragon\www\proyect_airbnb\system\CodeIgniter.php(412): CodeIgniter\CodeIgniter->runController(Object(App\Controllers\Auth\Registro))
#3 C:\laragon\www\proyect_airbnb\system\CodeIgniter.php(320): CodeIgniter\CodeIgniter->handleRequest(NULL, Object(Config\Cache), false)
#4 C:\laragon\www\proyect_airbnb\public\index.php(37): CodeIgniter\CodeIgniter->run()
#5 {main}
CRITICAL - 2022-06-25 21:15:22 --> App\Models\AnfitrionesModel::agregarIdiomaExtra(): Argument #1 ($idioma) must be of type string, null given, called in C:\laragon\www\proyect_airbnb\app\Controllers\Auth\Registro.php on line 280
#0 C:\laragon\www\proyect_airbnb\app\Controllers\Auth\Registro.php(280): App\Models\AnfitrionesModel->agregarIdiomaExtra(NULL)
#1 C:\laragon\www\proyect_airbnb\system\CodeIgniter.php(825): App\Controllers\Auth\Registro->registrarAnfitrion()
#2 C:\laragon\www\proyect_airbnb\system\CodeIgniter.php(412): CodeIgniter\CodeIgniter->runController(Object(App\Controllers\Auth\Registro))
#3 C:\laragon\www\proyect_airbnb\system\CodeIgniter.php(320): CodeIgniter\CodeIgniter->handleRequest(NULL, Object(Config\Cache), false)
#4 C:\laragon\www\proyect_airbnb\public\index.php(37): CodeIgniter\CodeIgniter->run()
#5 {main}
CRITICAL - 2022-06-25 21:16:54 --> addIdiomaExtra is not a valid Model Event callback.
#0 C:\laragon\www\proyect_airbnb\system\BaseModel.php(1453): CodeIgniter\Database\Exceptions\DataException::forInvalidMethodTriggered('addIdiomaExtra')
#1 C:\laragon\www\proyect_airbnb\system\BaseModel.php(735): CodeIgniter\BaseModel->trigger('beforeInsert', Array)
#2 C:\laragon\www\proyect_airbnb\system\Model.php(625): CodeIgniter\BaseModel->insert(Array, false)
#3 C:\laragon\www\proyect_airbnb\system\BaseModel.php(658): CodeIgniter\Model->insert(Object(App\Entities\Anfitrion), false)
#4 C:\laragon\www\proyect_airbnb\app\Controllers\Auth\Registro.php(286): CodeIgniter\BaseModel->save(Object(App\Entities\Anfitrion))
#5 C:\laragon\www\proyect_airbnb\system\CodeIgniter.php(825): App\Controllers\Auth\Registro->registrarAnfitrion()
#6 C:\laragon\www\proyect_airbnb\system\CodeIgniter.php(412): CodeIgniter\CodeIgniter->runController(Object(App\Controllers\Auth\Registro))
#7 C:\laragon\www\proyect_airbnb\system\CodeIgniter.php(320): CodeIgniter\CodeIgniter->handleRequest(NULL, Object(Config\Cache), false)
#8 C:\laragon\www\proyect_airbnb\public\index.php(37): CodeIgniter\CodeIgniter->run()
#9 {main}
CRITICAL - 2022-06-25 21:25:59 --> addIdiomaSecundario is not a valid Model Event callback.
#0 C:\laragon\www\proyect_airbnb\system\BaseModel.php(1453): CodeIgniter\Database\Exceptions\DataException::forInvalidMethodTriggered('addIdiomaSecund...')
#1 C:\laragon\www\proyect_airbnb\system\BaseModel.php(735): CodeIgniter\BaseModel->trigger('beforeInsert', Array)
#2 C:\laragon\www\proyect_airbnb\system\Model.php(625): CodeIgniter\BaseModel->insert(Array, false)
#3 C:\laragon\www\proyect_airbnb\system\BaseModel.php(658): CodeIgniter\Model->insert(Object(App\Entities\Anfitrion), false)
#4 C:\laragon\www\proyect_airbnb\app\Controllers\Auth\Registro.php(286): CodeIgniter\BaseModel->save(Object(App\Entities\Anfitrion))
#5 C:\laragon\www\proyect_airbnb\system\CodeIgniter.php(825): App\Controllers\Auth\Registro->registrarAnfitrion()
#6 C:\laragon\www\proyect_airbnb\system\CodeIgniter.php(412): CodeIgniter\CodeIgniter->runController(Object(App\Controllers\Auth\Registro))
#7 C:\laragon\www\proyect_airbnb\system\CodeIgniter.php(320): CodeIgniter\CodeIgniter->handleRequest(NULL, Object(Config\Cache), false)
#8 C:\laragon\www\proyect_airbnb\public\index.php(37): CodeIgniter\CodeIgniter->run()
#9 {main}
CRITICAL - 2022-06-25 21:30:06 --> App\Models\AnfitrionesModel::agregarIdiomaSecundario(): Argument #1 ($idioma) must be of type string, null given, called in C:\laragon\www\proyect_airbnb\app\Controllers\Usuario\Usuarios.php on line 176
#0 C:\laragon\www\proyect_airbnb\app\Controllers\Usuario\Usuarios.php(176): App\Models\AnfitrionesModel->agregarIdiomaSecundario(NULL)
#1 C:\laragon\www\proyect_airbnb\system\CodeIgniter.php(825): App\Controllers\Usuario\Usuarios->registrarAnfitrion()
#2 C:\laragon\www\proyect_airbnb\system\CodeIgniter.php(412): CodeIgniter\CodeIgniter->runController(Object(App\Controllers\Usuario\Usuarios))
#3 C:\laragon\www\proyect_airbnb\system\CodeIgniter.php(320): CodeIgniter\CodeIgniter->handleRequest(NULL, Object(Config\Cache), false)
#4 C:\laragon\www\proyect_airbnb\public\index.php(37): CodeIgniter\CodeIgniter->run()
#5 {main}
CRITICAL - 2022-06-25 21:40:09 --> Attempt to read property "cuentaBanco" on null
#0 C:\laragon\www\proyect_airbnb\app\Views\anfitrion\perfil.php(74): CodeIgniter\Debug\Exceptions->errorHandler(2, 'Attempt to read...', 'C:\\laragon\\www\\...', 74)
#1 C:\laragon\www\proyect_airbnb\system\View\View.php(210): include('C:\\laragon\\www\\...')
#2 C:\laragon\www\proyect_airbnb\system\View\View.php(213): CodeIgniter\View\View->CodeIgniter\View\{closure}()
#3 C:\laragon\www\proyect_airbnb\system\Common.php(1089): CodeIgniter\View\View->render('anfitrion/perfi...', Array, true)
#4 C:\laragon\www\proyect_airbnb\app\Controllers\Anfitrion\Anfitrion.php(31): view('anfitrion/perfi...', Array)
#5 C:\laragon\www\proyect_airbnb\system\CodeIgniter.php(825): App\Controllers\Anfitrion\Anfitrion->perfil()
#6 C:\laragon\www\proyect_airbnb\system\CodeIgniter.php(412): CodeIgniter\CodeIgniter->runController(Object(App\Controllers\Anfitrion\Anfitrion))
#7 C:\laragon\www\proyect_airbnb\system\CodeIgniter.php(320): CodeIgniter\CodeIgniter->handleRequest(NULL, Object(Config\Cache), false)
#8 C:\laragon\www\proyect_airbnb\public\index.php(37): CodeIgniter\CodeIgniter->run()
#9 {main}
CRITICAL - 2022-06-25 21:40:22 --> Attempt to read property "cuentaBanco" on null
#0 C:\laragon\www\proyect_airbnb\app\Views\anfitrion\perfil.php(74): CodeIgniter\Debug\Exceptions->errorHandler(2, 'Attempt to read...', 'C:\\laragon\\www\\...', 74)
#1 C:\laragon\www\proyect_airbnb\system\View\View.php(210): include('C:\\laragon\\www\\...')
#2 C:\laragon\www\proyect_airbnb\system\View\View.php(213): CodeIgniter\View\View->CodeIgniter\View\{closure}()
#3 C:\laragon\www\proyect_airbnb\system\Common.php(1089): CodeIgniter\View\View->render('anfitrion/perfi...', Array, true)
#4 C:\laragon\www\proyect_airbnb\app\Controllers\Anfitrion\Anfitrion.php(31): view('anfitrion/perfi...', Array)
#5 C:\laragon\www\proyect_airbnb\system\CodeIgniter.php(825): App\Controllers\Anfitrion\Anfitrion->perfil()
#6 C:\laragon\www\proyect_airbnb\system\CodeIgniter.php(412): CodeIgniter\CodeIgniter->runController(Object(App\Controllers\Anfitrion\Anfitrion))
#7 C:\laragon\www\proyect_airbnb\system\CodeIgniter.php(320): CodeIgniter\CodeIgniter->handleRequest(NULL, Object(Config\Cache), false)
#8 C:\laragon\www\proyect_airbnb\public\index.php(37): CodeIgniter\CodeIgniter->run()
#9 {main}
CRITICAL - 2022-06-25 21:42:22 --> Attempt to read property "cuentaBanco" on null
#0 C:\laragon\www\proyect_airbnb\app\Views\anfitrion\perfil.php(74): CodeIgniter\Debug\Exceptions->errorHandler(2, 'Attempt to read...', 'C:\\laragon\\www\\...', 74)
#1 C:\laragon\www\proyect_airbnb\system\View\View.php(210): include('C:\\laragon\\www\\...')
#2 C:\laragon\www\proyect_airbnb\system\View\View.php(213): CodeIgniter\View\View->CodeIgniter\View\{closure}()
#3 C:\laragon\www\proyect_airbnb\system\Common.php(1089): CodeIgniter\View\View->render('anfitrion/perfi...', Array, true)
#4 C:\laragon\www\proyect_airbnb\app\Controllers\Anfitrion\Anfitrion.php(31): view('anfitrion/perfi...', Array)
#5 C:\laragon\www\proyect_airbnb\system\CodeIgniter.php(825): App\Controllers\Anfitrion\Anfitrion->perfil()
#6 C:\laragon\www\proyect_airbnb\system\CodeIgniter.php(412): CodeIgniter\CodeIgniter->runController(Object(App\Controllers\Anfitrion\Anfitrion))
#7 C:\laragon\www\proyect_airbnb\system\CodeIgniter.php(320): CodeIgniter\CodeIgniter->handleRequest(NULL, Object(Config\Cache), false)
#8 C:\laragon\www\proyect_airbnb\public\index.php(37): CodeIgniter\CodeIgniter->run()
#9 {main}
