ERROR - 2022-11-22 08:42:37 --> Table 'proyect_airbnb.tbl_guardar_politicas_cancelacion' doesn't exist
CRITICAL - 2022-11-22 08:42:37 --> Table 'proyect_airbnb.tbl_guardar_politicas_cancelacion' doesn't exist
#0 C:\laragon\www\proyect_airbnb\system\Database\MySQLi\Connection.php(292): mysqli->query('SELECT `idPolit...', 0)
#1 C:\laragon\www\proyect_airbnb\system\Database\BaseConnection.php(670): CodeIgniter\Database\MySQLi\Connection->execute('SELECT `idPolit...')
#2 C:\laragon\www\proyect_airbnb\system\Database\BaseConnection.php(598): CodeIgniter\Database\BaseConnection->simpleQuery('SELECT `idPolit...')
#3 C:\laragon\www\proyect_airbnb\system\Database\BaseBuilder.php(1455): CodeIgniter\Database\BaseConnection->query('SELECT `idPolit...', Array, false)
#4 C:\laragon\www\proyect_airbnb\system\Model.php(145): CodeIgniter\Database\BaseBuilder->get()
#5 C:\laragon\www\proyect_airbnb\system\BaseModel.php(523): CodeIgniter\Model->doFind(false, NULL)
#6 C:\laragon\www\proyect_airbnb\system\Model.php(161): CodeIgniter\BaseModel->find()
#7 C:\laragon\www\proyect_airbnb\system\BaseModel.php(554): CodeIgniter\Model->doFindColumn('idPoliticaCance...')
#8 C:\laragon\www\proyect_airbnb\app\Controllers\Anfitrion\Vistas.php(110): CodeIgniter\BaseModel->findColumn('idPoliticaCance...')
#9 C:\laragon\www\proyect_airbnb\system\CodeIgniter.php(825): App\Controllers\Anfitrion\Vistas->verServicio()
#10 C:\laragon\www\proyect_airbnb\system\CodeIgniter.php(412): CodeIgniter\CodeIgniter->runController(Object(App\Controllers\Anfitrion\Vistas))
#11 C:\laragon\www\proyect_airbnb\system\CodeIgniter.php(320): CodeIgniter\CodeIgniter->handleRequest(NULL, Object(Config\Cache), false)
#12 C:\laragon\www\proyect_airbnb\public\index.php(37): CodeIgniter\CodeIgniter->run()
#13 {main}
ERROR - 2022-11-22 08:43:07 --> Table 'proyect_airbnb.tbl_guardar_politicas_cancelacion' doesn't exist
CRITICAL - 2022-11-22 08:43:07 --> Table 'proyect_airbnb.tbl_guardar_politicas_cancelacion' doesn't exist
#0 C:\laragon\www\proyect_airbnb\system\Database\MySQLi\Connection.php(292): mysqli->query('SELECT `idPolit...', 0)
#1 C:\laragon\www\proyect_airbnb\system\Database\BaseConnection.php(670): CodeIgniter\Database\MySQLi\Connection->execute('SELECT `idPolit...')
#2 C:\laragon\www\proyect_airbnb\system\Database\BaseConnection.php(598): CodeIgniter\Database\BaseConnection->simpleQuery('SELECT `idPolit...')
#3 C:\laragon\www\proyect_airbnb\system\Database\BaseBuilder.php(1455): CodeIgniter\Database\BaseConnection->query('SELECT `idPolit...', Array, false)
#4 C:\laragon\www\proyect_airbnb\system\Model.php(145): CodeIgniter\Database\BaseBuilder->get()
#5 C:\laragon\www\proyect_airbnb\system\BaseModel.php(523): CodeIgniter\Model->doFind(false, NULL)
#6 C:\laragon\www\proyect_airbnb\system\Model.php(161): CodeIgniter\BaseModel->find()
#7 C:\laragon\www\proyect_airbnb\system\BaseModel.php(554): CodeIgniter\Model->doFindColumn('idPoliticaCance...')
#8 C:\laragon\www\proyect_airbnb\app\Controllers\Anfitrion\Vistas.php(110): CodeIgniter\BaseModel->findColumn('idPoliticaCance...')
#9 C:\laragon\www\proyect_airbnb\system\CodeIgniter.php(825): App\Controllers\Anfitrion\Vistas->verServicio()
#10 C:\laragon\www\proyect_airbnb\system\CodeIgniter.php(412): CodeIgniter\CodeIgniter->runController(Object(App\Controllers\Anfitrion\Vistas))
#11 C:\laragon\www\proyect_airbnb\system\CodeIgniter.php(320): CodeIgniter\CodeIgniter->handleRequest(NULL, Object(Config\Cache), false)
#12 C:\laragon\www\proyect_airbnb\public\index.php(37): CodeIgniter\CodeIgniter->run()
#13 {main}
ERROR - 2022-11-22 08:44:09 --> Table 'proyect_airbnb.tbl_guardar_politicas_cancelacion' doesn't exist
CRITICAL - 2022-11-22 08:44:09 --> Table 'proyect_airbnb.tbl_guardar_politicas_cancelacion' doesn't exist
#0 C:\laragon\www\proyect_airbnb\system\Database\MySQLi\Connection.php(292): mysqli->query('SELECT `idPolit...', 0)
#1 C:\laragon\www\proyect_airbnb\system\Database\BaseConnection.php(670): CodeIgniter\Database\MySQLi\Connection->execute('SELECT `idPolit...')
#2 C:\laragon\www\proyect_airbnb\system\Database\BaseConnection.php(598): CodeIgniter\Database\BaseConnection->simpleQuery('SELECT `idPolit...')
#3 C:\laragon\www\proyect_airbnb\system\Database\BaseBuilder.php(1455): CodeIgniter\Database\BaseConnection->query('SELECT `idPolit...', Array, false)
#4 C:\laragon\www\proyect_airbnb\system\Model.php(145): CodeIgniter\Database\BaseBuilder->get()
#5 C:\laragon\www\proyect_airbnb\system\BaseModel.php(523): CodeIgniter\Model->doFind(false, NULL)
#6 C:\laragon\www\proyect_airbnb\system\Model.php(161): CodeIgniter\BaseModel->find()
#7 C:\laragon\www\proyect_airbnb\system\BaseModel.php(554): CodeIgniter\Model->doFindColumn('idPoliticaCance...')
#8 C:\laragon\www\proyect_airbnb\app\Controllers\Anfitrion\Vistas.php(110): CodeIgniter\BaseModel->findColumn('idPoliticaCance...')
#9 C:\laragon\www\proyect_airbnb\system\CodeIgniter.php(825): App\Controllers\Anfitrion\Vistas->verServicio()
#10 C:\laragon\www\proyect_airbnb\system\CodeIgniter.php(412): CodeIgniter\CodeIgniter->runController(Object(App\Controllers\Anfitrion\Vistas))
#11 C:\laragon\www\proyect_airbnb\system\CodeIgniter.php(320): CodeIgniter\CodeIgniter->handleRequest(NULL, Object(Config\Cache), false)
#12 C:\laragon\www\proyect_airbnb\public\index.php(37): CodeIgniter\CodeIgniter->run()
#13 {main}
ERROR - 2022-11-22 08:55:58 --> Table 'tbl_fechas_reservas' already exists
ERROR - 2022-11-22 08:56:10 --> Table 'tbl_fechas_reservas' already exists
ERROR - 2022-11-22 08:56:19 --> Table 'tbl_fechas_reservas' already exists
ERROR - 2022-11-22 08:59:23 --> Table 'proyect_airbnb.tbl_guardar_politicas_cancelacion' doesn't exist
CRITICAL - 2022-11-22 08:59:23 --> Table 'proyect_airbnb.tbl_guardar_politicas_cancelacion' doesn't exist
#0 C:\laragon\www\proyect_airbnb\system\Database\MySQLi\Connection.php(292): mysqli->query('SELECT `idPolit...', 0)
#1 C:\laragon\www\proyect_airbnb\system\Database\BaseConnection.php(670): CodeIgniter\Database\MySQLi\Connection->execute('SELECT `idPolit...')
#2 C:\laragon\www\proyect_airbnb\system\Database\BaseConnection.php(598): CodeIgniter\Database\BaseConnection->simpleQuery('SELECT `idPolit...')
#3 C:\laragon\www\proyect_airbnb\system\Database\BaseBuilder.php(1455): CodeIgniter\Database\BaseConnection->query('SELECT `idPolit...', Array, false)
#4 C:\laragon\www\proyect_airbnb\system\Model.php(145): CodeIgniter\Database\BaseBuilder->get()
#5 C:\laragon\www\proyect_airbnb\system\BaseModel.php(523): CodeIgniter\Model->doFind(false, NULL)
#6 C:\laragon\www\proyect_airbnb\system\Model.php(161): CodeIgniter\BaseModel->find()
#7 C:\laragon\www\proyect_airbnb\system\BaseModel.php(554): CodeIgniter\Model->doFindColumn('idPoliticaCance...')
#8 C:\laragon\www\proyect_airbnb\app\Controllers\Anfitrion\Vistas.php(110): CodeIgniter\BaseModel->findColumn('idPoliticaCance...')
#9 C:\laragon\www\proyect_airbnb\system\CodeIgniter.php(825): App\Controllers\Anfitrion\Vistas->verServicio()
#10 C:\laragon\www\proyect_airbnb\system\CodeIgniter.php(412): CodeIgniter\CodeIgniter->runController(Object(App\Controllers\Anfitrion\Vistas))
#11 C:\laragon\www\proyect_airbnb\system\CodeIgniter.php(320): CodeIgniter\CodeIgniter->handleRequest(NULL, Object(Config\Cache), false)
#12 C:\laragon\www\proyect_airbnb\public\index.php(37): CodeIgniter\CodeIgniter->run()
#13 {main}
