ERROR - 2022-07-29 09:18:19 --> Cannot add or update a child row: a foreign key constraint fails (`proyect_airbnb`.`tbl_servicios`, CONSTRAINT `tbl_servicios_idTarifa_foreign` FOREIGN KEY (`idTarifa`) REFERENCES `tbl_tarifas` (`idTarifa`) ON DELETE SET NULL ON UPDATE CASCADE)
CRITICAL - 2022-07-29 09:18:19 --> Cannot add or update a child row: a foreign key constraint fails (`proyect_airbnb`.`tbl_servicios`, CONSTRAINT `tbl_servicios_idTarifa_foreign` FOREIGN KEY (`idTarifa`) REFERENCES `tbl_tarifas` (`idTarifa`) ON DELETE SET NULL ON UPDATE CASCADE)
#0 C:\laragon\www\proyect_airbnb\system\Database\MySQLi\Connection.php(292): mysqli->query('INSERT INTO `tb...', 0)
#1 C:\laragon\www\proyect_airbnb\system\Database\BaseConnection.php(670): CodeIgniter\Database\MySQLi\Connection->execute('INSERT INTO `tb...')
#2 C:\laragon\www\proyect_airbnb\system\Database\BaseConnection.php(598): CodeIgniter\Database\BaseConnection->simpleQuery('INSERT INTO `tb...')
#3 C:\laragon\www\proyect_airbnb\system\Database\BaseBuilder.php(1771): CodeIgniter\Database\BaseConnection->query('INSERT INTO `tb...', Array, false)
#4 C:\laragon\www\proyect_airbnb\system\Model.php(239): CodeIgniter\Database\BaseBuilder->insert()
#5 C:\laragon\www\proyect_airbnb\system\BaseModel.php(738): CodeIgniter\Model->doInsert(Array)
#6 C:\laragon\www\proyect_airbnb\system\Model.php(625): CodeIgniter\BaseModel->insert(Array, false)
#7 C:\laragon\www\proyect_airbnb\system\BaseModel.php(658): CodeIgniter\Model->insert(Array, false)
#8 C:\laragon\www\proyect_airbnb\app\Controllers\Anfitrion\Anfitrion.php(112): CodeIgniter\BaseModel->save(Array)
#9 C:\laragon\www\proyect_airbnb\system\CodeIgniter.php(825): App\Controllers\Anfitrion\Anfitrion->RegistrarPublicacion()
#10 C:\laragon\www\proyect_airbnb\system\CodeIgniter.php(412): CodeIgniter\CodeIgniter->runController(Object(App\Controllers\Anfitrion\Anfitrion))
#11 C:\laragon\www\proyect_airbnb\system\CodeIgniter.php(320): CodeIgniter\CodeIgniter->handleRequest(NULL, Object(Config\Cache), false)
#12 C:\laragon\www\proyect_airbnb\public\index.php(37): CodeIgniter\CodeIgniter->run()
#13 {main}
ERROR - 2022-07-29 09:43:54 --> Cannot add or update a child row: a foreign key constraint fails (`proyect_airbnb`.`tbl_servicios`, CONSTRAINT `tbl_servicios_idAnfitrion_foreign` FOREIGN KEY (`idAnfitrion`) REFERENCES `tbl_anfitriones` (`idAnfitrion`) ON DELETE CASCADE ON UPDATE CASCADE)
CRITICAL - 2022-07-29 09:43:54 --> Cannot add or update a child row: a foreign key constraint fails (`proyect_airbnb`.`tbl_servicios`, CONSTRAINT `tbl_servicios_idAnfitrion_foreign` FOREIGN KEY (`idAnfitrion`) REFERENCES `tbl_anfitriones` (`idAnfitrion`) ON DELETE CASCADE ON UPDATE CASCADE)
#0 C:\laragon\www\proyect_airbnb\system\Database\MySQLi\Connection.php(292): mysqli->query('INSERT INTO `tb...', 0)
#1 C:\laragon\www\proyect_airbnb\system\Database\BaseConnection.php(670): CodeIgniter\Database\MySQLi\Connection->execute('INSERT INTO `tb...')
#2 C:\laragon\www\proyect_airbnb\system\Database\BaseConnection.php(598): CodeIgniter\Database\BaseConnection->simpleQuery('INSERT INTO `tb...')
#3 C:\laragon\www\proyect_airbnb\system\Database\BaseBuilder.php(1771): CodeIgniter\Database\BaseConnection->query('INSERT INTO `tb...', Array, false)
#4 C:\laragon\www\proyect_airbnb\system\Model.php(239): CodeIgniter\Database\BaseBuilder->insert()
#5 C:\laragon\www\proyect_airbnb\system\BaseModel.php(738): CodeIgniter\Model->doInsert(Array)
#6 C:\laragon\www\proyect_airbnb\system\Model.php(625): CodeIgniter\BaseModel->insert(Array, false)
#7 C:\laragon\www\proyect_airbnb\system\BaseModel.php(658): CodeIgniter\Model->insert(Array, false)
#8 C:\laragon\www\proyect_airbnb\app\Controllers\Anfitrion\Anfitrion.php(199): CodeIgniter\BaseModel->save(Array)
#9 C:\laragon\www\proyect_airbnb\system\CodeIgniter.php(825): App\Controllers\Anfitrion\Anfitrion->RegistrarPublicacion()
#10 C:\laragon\www\proyect_airbnb\system\CodeIgniter.php(412): CodeIgniter\CodeIgniter->runController(Object(App\Controllers\Anfitrion\Anfitrion))
#11 C:\laragon\www\proyect_airbnb\system\CodeIgniter.php(320): CodeIgniter\CodeIgniter->handleRequest(NULL, Object(Config\Cache), false)
#12 C:\laragon\www\proyect_airbnb\public\index.php(37): CodeIgniter\CodeIgniter->run()
#13 {main}
ERROR - 2022-07-29 09:46:36 --> Cannot add or update a child row: a foreign key constraint fails (`proyect_airbnb`.`tbl_servicios`, CONSTRAINT `tbl_servicios_idTipoHospedaje_foreign` FOREIGN KEY (`idTipoHospedaje`) REFERENCES `tbl_tipo_hospedajes` (`idTipoHospedaje`) ON DELETE SET NULL ON )
CRITICAL - 2022-07-29 09:46:36 --> Cannot add or update a child row: a foreign key constraint fails (`proyect_airbnb`.`tbl_servicios`, CONSTRAINT `tbl_servicios_idTipoHospedaje_foreign` FOREIGN KEY (`idTipoHospedaje`) REFERENCES `tbl_tipo_hospedajes` (`idTipoHospedaje`) ON DELETE SET NULL ON )
#0 C:\laragon\www\proyect_airbnb\system\Database\MySQLi\Connection.php(292): mysqli->query('INSERT INTO `tb...', 0)
#1 C:\laragon\www\proyect_airbnb\system\Database\BaseConnection.php(670): CodeIgniter\Database\MySQLi\Connection->execute('INSERT INTO `tb...')
#2 C:\laragon\www\proyect_airbnb\system\Database\BaseConnection.php(598): CodeIgniter\Database\BaseConnection->simpleQuery('INSERT INTO `tb...')
#3 C:\laragon\www\proyect_airbnb\system\Database\BaseBuilder.php(1771): CodeIgniter\Database\BaseConnection->query('INSERT INTO `tb...', Array, false)
#4 C:\laragon\www\proyect_airbnb\system\Model.php(239): CodeIgniter\Database\BaseBuilder->insert()
#5 C:\laragon\www\proyect_airbnb\system\BaseModel.php(738): CodeIgniter\Model->doInsert(Array)
#6 C:\laragon\www\proyect_airbnb\system\Model.php(625): CodeIgniter\BaseModel->insert(Array, false)
#7 C:\laragon\www\proyect_airbnb\system\BaseModel.php(658): CodeIgniter\Model->insert(Array, false)
#8 C:\laragon\www\proyect_airbnb\app\Controllers\Anfitrion\Anfitrion.php(199): CodeIgniter\BaseModel->save(Array)
#9 C:\laragon\www\proyect_airbnb\system\CodeIgniter.php(825): App\Controllers\Anfitrion\Anfitrion->RegistrarPublicacion()
#10 C:\laragon\www\proyect_airbnb\system\CodeIgniter.php(412): CodeIgniter\CodeIgniter->runController(Object(App\Controllers\Anfitrion\Anfitrion))
#11 C:\laragon\www\proyect_airbnb\system\CodeIgniter.php(320): CodeIgniter\CodeIgniter->handleRequest(NULL, Object(Config\Cache), false)
#12 C:\laragon\www\proyect_airbnb\public\index.php(37): CodeIgniter\CodeIgniter->run()
#13 {main}
ERROR - 2022-07-29 09:51:07 --> Cannot add or update a child row: a foreign key constraint fails (`proyect_airbnb`.`tbl_servicios`, CONSTRAINT `tbl_servicios_idTipoHospedaje_foreign` FOREIGN KEY (`idTipoHospedaje`) REFERENCES `tbl_tipo_hospedajes` (`idTipoHospedaje`) ON DELETE SET NULL ON )
CRITICAL - 2022-07-29 09:51:07 --> Cannot add or update a child row: a foreign key constraint fails (`proyect_airbnb`.`tbl_servicios`, CONSTRAINT `tbl_servicios_idTipoHospedaje_foreign` FOREIGN KEY (`idTipoHospedaje`) REFERENCES `tbl_tipo_hospedajes` (`idTipoHospedaje`) ON DELETE SET NULL ON )
#0 C:\laragon\www\proyect_airbnb\system\Database\MySQLi\Connection.php(292): mysqli->query('INSERT INTO `tb...', 0)
#1 C:\laragon\www\proyect_airbnb\system\Database\BaseConnection.php(670): CodeIgniter\Database\MySQLi\Connection->execute('INSERT INTO `tb...')
#2 C:\laragon\www\proyect_airbnb\system\Database\BaseConnection.php(598): CodeIgniter\Database\BaseConnection->simpleQuery('INSERT INTO `tb...')
#3 C:\laragon\www\proyect_airbnb\system\Database\BaseBuilder.php(1771): CodeIgniter\Database\BaseConnection->query('INSERT INTO `tb...', Array, false)
#4 C:\laragon\www\proyect_airbnb\system\Model.php(239): CodeIgniter\Database\BaseBuilder->insert()
#5 C:\laragon\www\proyect_airbnb\system\BaseModel.php(738): CodeIgniter\Model->doInsert(Array)
#6 C:\laragon\www\proyect_airbnb\system\Model.php(625): CodeIgniter\BaseModel->insert(Array, false)
#7 C:\laragon\www\proyect_airbnb\system\BaseModel.php(658): CodeIgniter\Model->insert(Array, false)
#8 C:\laragon\www\proyect_airbnb\app\Controllers\Anfitrion\Anfitrion.php(199): CodeIgniter\BaseModel->save(Array)
#9 C:\laragon\www\proyect_airbnb\system\CodeIgniter.php(825): App\Controllers\Anfitrion\Anfitrion->RegistrarPublicacion()
#10 C:\laragon\www\proyect_airbnb\system\CodeIgniter.php(412): CodeIgniter\CodeIgniter->runController(Object(App\Controllers\Anfitrion\Anfitrion))
#11 C:\laragon\www\proyect_airbnb\system\CodeIgniter.php(320): CodeIgniter\CodeIgniter->handleRequest(NULL, Object(Config\Cache), false)
#12 C:\laragon\www\proyect_airbnb\public\index.php(37): CodeIgniter\CodeIgniter->run()
#13 {main}
ERROR - 2022-07-29 09:52:50 --> Cannot add or update a child row: a foreign key constraint fails (`proyect_airbnb`.`tbl_servicios`, CONSTRAINT `tbl_servicios_idTarifa_foreign` FOREIGN KEY (`idTarifa`) REFERENCES `tbl_tarifas` (`idTarifa`) ON DELETE SET NULL ON UPDATE CASCADE)
CRITICAL - 2022-07-29 09:52:50 --> Cannot add or update a child row: a foreign key constraint fails (`proyect_airbnb`.`tbl_servicios`, CONSTRAINT `tbl_servicios_idTarifa_foreign` FOREIGN KEY (`idTarifa`) REFERENCES `tbl_tarifas` (`idTarifa`) ON DELETE SET NULL ON UPDATE CASCADE)
#0 C:\laragon\www\proyect_airbnb\system\Database\MySQLi\Connection.php(292): mysqli->query('INSERT INTO `tb...', 0)
#1 C:\laragon\www\proyect_airbnb\system\Database\BaseConnection.php(670): CodeIgniter\Database\MySQLi\Connection->execute('INSERT INTO `tb...')
#2 C:\laragon\www\proyect_airbnb\system\Database\BaseConnection.php(598): CodeIgniter\Database\BaseConnection->simpleQuery('INSERT INTO `tb...')
#3 C:\laragon\www\proyect_airbnb\system\Database\BaseBuilder.php(1771): CodeIgniter\Database\BaseConnection->query('INSERT INTO `tb...', Array, false)
#4 C:\laragon\www\proyect_airbnb\system\Model.php(239): CodeIgniter\Database\BaseBuilder->insert()
#5 C:\laragon\www\proyect_airbnb\system\BaseModel.php(738): CodeIgniter\Model->doInsert(Array)
#6 C:\laragon\www\proyect_airbnb\system\Model.php(625): CodeIgniter\BaseModel->insert(Array, false)
#7 C:\laragon\www\proyect_airbnb\system\BaseModel.php(658): CodeIgniter\Model->insert(Array, false)
#8 C:\laragon\www\proyect_airbnb\app\Controllers\Anfitrion\Anfitrion.php(199): CodeIgniter\BaseModel->save(Array)
#9 C:\laragon\www\proyect_airbnb\system\CodeIgniter.php(825): App\Controllers\Anfitrion\Anfitrion->RegistrarPublicacion()
#10 C:\laragon\www\proyect_airbnb\system\CodeIgniter.php(412): CodeIgniter\CodeIgniter->runController(Object(App\Controllers\Anfitrion\Anfitrion))
#11 C:\laragon\www\proyect_airbnb\system\CodeIgniter.php(320): CodeIgniter\CodeIgniter->handleRequest(NULL, Object(Config\Cache), false)
#12 C:\laragon\www\proyect_airbnb\public\index.php(37): CodeIgniter\CodeIgniter->run()
#13 {main}
ERROR - 2022-07-29 09:58:06 --> Cannot add or update a child row: a foreign key constraint fails (`proyect_airbnb`.`tbl_servicios`, CONSTRAINT `tbl_servicios_idTipoHospedaje_foreign` FOREIGN KEY (`idTipoHospedaje`) REFERENCES `tbl_tipo_hospedajes` (`idTipoHospedaje`) ON DELETE SET NULL ON )
CRITICAL - 2022-07-29 09:58:06 --> Cannot add or update a child row: a foreign key constraint fails (`proyect_airbnb`.`tbl_servicios`, CONSTRAINT `tbl_servicios_idTipoHospedaje_foreign` FOREIGN KEY (`idTipoHospedaje`) REFERENCES `tbl_tipo_hospedajes` (`idTipoHospedaje`) ON DELETE SET NULL ON )
#0 C:\laragon\www\proyect_airbnb\system\Database\MySQLi\Connection.php(292): mysqli->query('INSERT INTO `tb...', 0)
#1 C:\laragon\www\proyect_airbnb\system\Database\BaseConnection.php(670): CodeIgniter\Database\MySQLi\Connection->execute('INSERT INTO `tb...')
#2 C:\laragon\www\proyect_airbnb\system\Database\BaseConnection.php(598): CodeIgniter\Database\BaseConnection->simpleQuery('INSERT INTO `tb...')
#3 C:\laragon\www\proyect_airbnb\system\Database\BaseBuilder.php(1771): CodeIgniter\Database\BaseConnection->query('INSERT INTO `tb...', Array, false)
#4 C:\laragon\www\proyect_airbnb\system\Model.php(239): CodeIgniter\Database\BaseBuilder->insert()
#5 C:\laragon\www\proyect_airbnb\system\BaseModel.php(738): CodeIgniter\Model->doInsert(Array)
#6 C:\laragon\www\proyect_airbnb\system\Model.php(625): CodeIgniter\BaseModel->insert(Array, false)
#7 C:\laragon\www\proyect_airbnb\system\BaseModel.php(658): CodeIgniter\Model->insert(Array, false)
#8 C:\laragon\www\proyect_airbnb\app\Controllers\Anfitrion\Anfitrion.php(198): CodeIgniter\BaseModel->save(Array)
#9 C:\laragon\www\proyect_airbnb\system\CodeIgniter.php(825): App\Controllers\Anfitrion\Anfitrion->RegistrarPublicacion()
#10 C:\laragon\www\proyect_airbnb\system\CodeIgniter.php(412): CodeIgniter\CodeIgniter->runController(Object(App\Controllers\Anfitrion\Anfitrion))
#11 C:\laragon\www\proyect_airbnb\system\CodeIgniter.php(320): CodeIgniter\CodeIgniter->handleRequest(NULL, Object(Config\Cache), false)
#12 C:\laragon\www\proyect_airbnb\public\index.php(37): CodeIgniter\CodeIgniter->run()
#13 {main}
ERROR - 2022-07-29 10:03:17 --> Cannot add or update a child row: a foreign key constraint fails (`proyect_airbnb`.`tbl_servicios`, CONSTRAINT `tbl_servicios_idTipoHospedaje_foreign` FOREIGN KEY (`idTipoHospedaje`) REFERENCES `tbl_tipo_hospedajes` (`idTipoHospedaje`) ON DELETE SET NULL ON )
CRITICAL - 2022-07-29 10:03:17 --> Cannot add or update a child row: a foreign key constraint fails (`proyect_airbnb`.`tbl_servicios`, CONSTRAINT `tbl_servicios_idTipoHospedaje_foreign` FOREIGN KEY (`idTipoHospedaje`) REFERENCES `tbl_tipo_hospedajes` (`idTipoHospedaje`) ON DELETE SET NULL ON )
#0 C:\laragon\www\proyect_airbnb\system\Database\MySQLi\Connection.php(292): mysqli->query('INSERT INTO `tb...', 0)
#1 C:\laragon\www\proyect_airbnb\system\Database\BaseConnection.php(670): CodeIgniter\Database\MySQLi\Connection->execute('INSERT INTO `tb...')
#2 C:\laragon\www\proyect_airbnb\system\Database\BaseConnection.php(598): CodeIgniter\Database\BaseConnection->simpleQuery('INSERT INTO `tb...')
#3 C:\laragon\www\proyect_airbnb\system\Database\BaseBuilder.php(1771): CodeIgniter\Database\BaseConnection->query('INSERT INTO `tb...', Array, false)
#4 C:\laragon\www\proyect_airbnb\system\Model.php(239): CodeIgniter\Database\BaseBuilder->insert()
#5 C:\laragon\www\proyect_airbnb\system\BaseModel.php(738): CodeIgniter\Model->doInsert(Array)
#6 C:\laragon\www\proyect_airbnb\system\Model.php(625): CodeIgniter\BaseModel->insert(Array, false)
#7 C:\laragon\www\proyect_airbnb\system\BaseModel.php(658): CodeIgniter\Model->insert(Array, false)
#8 C:\laragon\www\proyect_airbnb\app\Controllers\Anfitrion\Anfitrion.php(202): CodeIgniter\BaseModel->save(Array)
#9 C:\laragon\www\proyect_airbnb\system\CodeIgniter.php(825): App\Controllers\Anfitrion\Anfitrion->RegistrarPublicacion()
#10 C:\laragon\www\proyect_airbnb\system\CodeIgniter.php(412): CodeIgniter\CodeIgniter->runController(Object(App\Controllers\Anfitrion\Anfitrion))
#11 C:\laragon\www\proyect_airbnb\system\CodeIgniter.php(320): CodeIgniter\CodeIgniter->handleRequest(NULL, Object(Config\Cache), false)
#12 C:\laragon\www\proyect_airbnb\public\index.php(37): CodeIgniter\CodeIgniter->run()
#13 {main}
ERROR - 2022-07-29 10:07:03 --> Cannot add or update a child row: a foreign key constraint fails (`proyect_airbnb`.`tbl_servicios`, CONSTRAINT `tbl_servicios_idTarifa_foreign` FOREIGN KEY (`idTarifa`) REFERENCES `tbl_tarifas` (`idTarifa`) ON DELETE SET NULL ON UPDATE CASCADE)
CRITICAL - 2022-07-29 10:07:03 --> Cannot add or update a child row: a foreign key constraint fails (`proyect_airbnb`.`tbl_servicios`, CONSTRAINT `tbl_servicios_idTarifa_foreign` FOREIGN KEY (`idTarifa`) REFERENCES `tbl_tarifas` (`idTarifa`) ON DELETE SET NULL ON UPDATE CASCADE)
#0 C:\laragon\www\proyect_airbnb\system\Database\MySQLi\Connection.php(292): mysqli->query('INSERT INTO `tb...', 0)
#1 C:\laragon\www\proyect_airbnb\system\Database\BaseConnection.php(670): CodeIgniter\Database\MySQLi\Connection->execute('INSERT INTO `tb...')
#2 C:\laragon\www\proyect_airbnb\system\Database\BaseConnection.php(598): CodeIgniter\Database\BaseConnection->simpleQuery('INSERT INTO `tb...')
#3 C:\laragon\www\proyect_airbnb\system\Database\BaseBuilder.php(1771): CodeIgniter\Database\BaseConnection->query('INSERT INTO `tb...', Array, false)
#4 C:\laragon\www\proyect_airbnb\system\Model.php(239): CodeIgniter\Database\BaseBuilder->insert()
#5 C:\laragon\www\proyect_airbnb\system\BaseModel.php(738): CodeIgniter\Model->doInsert(Array)
#6 C:\laragon\www\proyect_airbnb\system\Model.php(625): CodeIgniter\BaseModel->insert(Array, false)
#7 C:\laragon\www\proyect_airbnb\system\BaseModel.php(658): CodeIgniter\Model->insert(Array, false)
#8 C:\laragon\www\proyect_airbnb\app\Controllers\Anfitrion\Anfitrion.php(202): CodeIgniter\BaseModel->save(Array)
#9 C:\laragon\www\proyect_airbnb\system\CodeIgniter.php(825): App\Controllers\Anfitrion\Anfitrion->RegistrarPublicacion()
#10 C:\laragon\www\proyect_airbnb\system\CodeIgniter.php(412): CodeIgniter\CodeIgniter->runController(Object(App\Controllers\Anfitrion\Anfitrion))
#11 C:\laragon\www\proyect_airbnb\system\CodeIgniter.php(320): CodeIgniter\CodeIgniter->handleRequest(NULL, Object(Config\Cache), false)
#12 C:\laragon\www\proyect_airbnb\public\index.php(37): CodeIgniter\CodeIgniter->run()
#13 {main}
ERROR - 2022-07-29 10:07:27 --> Cannot add or update a child row: a foreign key constraint fails (`proyect_airbnb`.`tbl_servicios`, CONSTRAINT `tbl_servicios_idMunicipio_foreign` FOREIGN KEY (`idMunicipio`) REFERENCES `tbl_municipios` (`idMunicipio`) ON DELETE SET NULL ON UPDATE CASCADE)
CRITICAL - 2022-07-29 10:07:27 --> Cannot add or update a child row: a foreign key constraint fails (`proyect_airbnb`.`tbl_servicios`, CONSTRAINT `tbl_servicios_idMunicipio_foreign` FOREIGN KEY (`idMunicipio`) REFERENCES `tbl_municipios` (`idMunicipio`) ON DELETE SET NULL ON UPDATE CASCADE)
#0 C:\laragon\www\proyect_airbnb\system\Database\MySQLi\Connection.php(292): mysqli->query('INSERT INTO `tb...', 0)
#1 C:\laragon\www\proyect_airbnb\system\Database\BaseConnection.php(670): CodeIgniter\Database\MySQLi\Connection->execute('INSERT INTO `tb...')
#2 C:\laragon\www\proyect_airbnb\system\Database\BaseConnection.php(598): CodeIgniter\Database\BaseConnection->simpleQuery('INSERT INTO `tb...')
#3 C:\laragon\www\proyect_airbnb\system\Database\BaseBuilder.php(1771): CodeIgniter\Database\BaseConnection->query('INSERT INTO `tb...', Array, false)
#4 C:\laragon\www\proyect_airbnb\system\Model.php(239): CodeIgniter\Database\BaseBuilder->insert()
#5 C:\laragon\www\proyect_airbnb\system\BaseModel.php(738): CodeIgniter\Model->doInsert(Array)
#6 C:\laragon\www\proyect_airbnb\system\Model.php(625): CodeIgniter\BaseModel->insert(Array, false)
#7 C:\laragon\www\proyect_airbnb\system\BaseModel.php(658): CodeIgniter\Model->insert(Array, false)
#8 C:\laragon\www\proyect_airbnb\app\Controllers\Anfitrion\Anfitrion.php(202): CodeIgniter\BaseModel->save(Array)
#9 C:\laragon\www\proyect_airbnb\system\CodeIgniter.php(825): App\Controllers\Anfitrion\Anfitrion->RegistrarPublicacion()
#10 C:\laragon\www\proyect_airbnb\system\CodeIgniter.php(412): CodeIgniter\CodeIgniter->runController(Object(App\Controllers\Anfitrion\Anfitrion))
#11 C:\laragon\www\proyect_airbnb\system\CodeIgniter.php(320): CodeIgniter\CodeIgniter->handleRequest(NULL, Object(Config\Cache), false)
#12 C:\laragon\www\proyect_airbnb\public\index.php(37): CodeIgniter\CodeIgniter->run()
#13 {main}
ERROR - 2022-07-29 10:33:44 --> Cannot add or update a child row: a foreign key constraint fails (`proyect_airbnb`.`tbl_servicios`, CONSTRAINT `tbl_servicios_idTipoHospedaje_foreign` FOREIGN KEY (`idTipoHospedaje`) REFERENCES `tbl_tipo_hospedajes` (`idTipoHospedaje`) ON DELETE SET NULL ON )
CRITICAL - 2022-07-29 10:33:44 --> Cannot add or update a child row: a foreign key constraint fails (`proyect_airbnb`.`tbl_servicios`, CONSTRAINT `tbl_servicios_idTipoHospedaje_foreign` FOREIGN KEY (`idTipoHospedaje`) REFERENCES `tbl_tipo_hospedajes` (`idTipoHospedaje`) ON DELETE SET NULL ON )
#0 C:\laragon\www\proyect_airbnb\system\Database\MySQLi\Connection.php(292): mysqli->query('INSERT INTO `tb...', 0)
#1 C:\laragon\www\proyect_airbnb\system\Database\BaseConnection.php(670): CodeIgniter\Database\MySQLi\Connection->execute('INSERT INTO `tb...')
#2 C:\laragon\www\proyect_airbnb\system\Database\BaseConnection.php(598): CodeIgniter\Database\BaseConnection->simpleQuery('INSERT INTO `tb...')
#3 C:\laragon\www\proyect_airbnb\system\Database\BaseBuilder.php(1771): CodeIgniter\Database\BaseConnection->query('INSERT INTO `tb...', Array, false)
#4 C:\laragon\www\proyect_airbnb\system\Model.php(239): CodeIgniter\Database\BaseBuilder->insert()
#5 C:\laragon\www\proyect_airbnb\system\BaseModel.php(738): CodeIgniter\Model->doInsert(Array)
#6 C:\laragon\www\proyect_airbnb\system\Model.php(625): CodeIgniter\BaseModel->insert(Array, false)
#7 C:\laragon\www\proyect_airbnb\system\BaseModel.php(658): CodeIgniter\Model->insert(Array, false)
#8 C:\laragon\www\proyect_airbnb\app\Controllers\Anfitrion\Anfitrion.php(201): CodeIgniter\BaseModel->save(Array)
#9 C:\laragon\www\proyect_airbnb\system\CodeIgniter.php(825): App\Controllers\Anfitrion\Anfitrion->RegistrarPublicacion()
#10 C:\laragon\www\proyect_airbnb\system\CodeIgniter.php(412): CodeIgniter\CodeIgniter->runController(Object(App\Controllers\Anfitrion\Anfitrion))
#11 C:\laragon\www\proyect_airbnb\system\CodeIgniter.php(320): CodeIgniter\CodeIgniter->handleRequest(NULL, Object(Config\Cache), false)
#12 C:\laragon\www\proyect_airbnb\public\index.php(37): CodeIgniter\CodeIgniter->run()
#13 {main}
CRITICAL - 2022-07-29 10:47:48 --> Undefined variable $anfitrion
#0 C:\laragon\www\proyect_airbnb\app\Views\anfitrion\publicar.php(179): CodeIgniter\Debug\Exceptions->errorHandler(2, 'Undefined varia...', 'C:\\laragon\\www\\...', 179)
#1 C:\laragon\www\proyect_airbnb\system\View\View.php(210): include('C:\\laragon\\www\\...')
#2 C:\laragon\www\proyect_airbnb\system\View\View.php(213): CodeIgniter\View\View->CodeIgniter\View\{closure}()
#3 C:\laragon\www\proyect_airbnb\system\Common.php(1089): CodeIgniter\View\View->render('anfitrion/publi...', Array, true)
#4 C:\laragon\www\proyect_airbnb\app\Controllers\Anfitrion\Anfitrion.php(47): view('anfitrion/publi...')
#5 C:\laragon\www\proyect_airbnb\system\CodeIgniter.php(825): App\Controllers\Anfitrion\Anfitrion->publicar()
#6 C:\laragon\www\proyect_airbnb\system\CodeIgniter.php(412): CodeIgniter\CodeIgniter->runController(Object(App\Controllers\Anfitrion\Anfitrion))
#7 C:\laragon\www\proyect_airbnb\system\CodeIgniter.php(320): CodeIgniter\CodeIgniter->handleRequest(NULL, Object(Config\Cache), false)
#8 C:\laragon\www\proyect_airbnb\public\index.php(37): CodeIgniter\CodeIgniter->run()
#9 {main}
CRITICAL - 2022-07-29 11:03:19 --> Undefined variable $idRol
#0 C:\laragon\www\proyect_airbnb\app\Views\anfitrion\publicar.php(165): CodeIgniter\Debug\Exceptions->errorHandler(2, 'Undefined varia...', 'C:\\laragon\\www\\...', 165)
#1 C:\laragon\www\proyect_airbnb\system\View\View.php(210): include('C:\\laragon\\www\\...')
#2 C:\laragon\www\proyect_airbnb\system\View\View.php(213): CodeIgniter\View\View->CodeIgniter\View\{closure}()
#3 C:\laragon\www\proyect_airbnb\system\Common.php(1089): CodeIgniter\View\View->render('anfitrion/publi...', Array, true)
#4 C:\laragon\www\proyect_airbnb\app\Controllers\Anfitrion\Anfitrion.php(47): view('anfitrion/publi...')
#5 C:\laragon\www\proyect_airbnb\system\CodeIgniter.php(825): App\Controllers\Anfitrion\Anfitrion->publicar()
#6 C:\laragon\www\proyect_airbnb\system\CodeIgniter.php(412): CodeIgniter\CodeIgniter->runController(Object(App\Controllers\Anfitrion\Anfitrion))
#7 C:\laragon\www\proyect_airbnb\system\CodeIgniter.php(320): CodeIgniter\CodeIgniter->handleRequest(NULL, Object(Config\Cache), false)
#8 C:\laragon\www\proyect_airbnb\public\index.php(37): CodeIgniter\CodeIgniter->run()
#9 {main}
CRITICAL - 2022-07-29 11:05:37 --> Unsupported operand types: string - string
#0 C:\laragon\www\proyect_airbnb\system\View\View.php(210): include()
#1 C:\laragon\www\proyect_airbnb\system\View\View.php(213): CodeIgniter\View\View->CodeIgniter\View\{closure}()
#2 C:\laragon\www\proyect_airbnb\system\Common.php(1089): CodeIgniter\View\View->render('anfitrion/publi...', Array, true)
#3 C:\laragon\www\proyect_airbnb\app\Controllers\Anfitrion\Anfitrion.php(47): view('anfitrion/publi...')
#4 C:\laragon\www\proyect_airbnb\system\CodeIgniter.php(825): App\Controllers\Anfitrion\Anfitrion->publicar()
#5 C:\laragon\www\proyect_airbnb\system\CodeIgniter.php(412): CodeIgniter\CodeIgniter->runController(Object(App\Controllers\Anfitrion\Anfitrion))
#6 C:\laragon\www\proyect_airbnb\system\CodeIgniter.php(320): CodeIgniter\CodeIgniter->handleRequest(NULL, Object(Config\Cache), false)
#7 C:\laragon\www\proyect_airbnb\public\index.php(37): CodeIgniter\CodeIgniter->run()
#8 {main}
CRITICAL - 2022-07-29 11:24:09 --> Call to undefined method CodeIgniter\Database\MySQLi\Connection::get()
#0 C:\laragon\www\proyect_airbnb\app\Controllers\Anfitrion\Anfitrion.php(208): App\Models\ServiciosModel->fetch_data()
#1 C:\laragon\www\proyect_airbnb\system\CodeIgniter.php(825): App\Controllers\Anfitrion\Anfitrion->RegistrarPublicacion()
#2 C:\laragon\www\proyect_airbnb\system\CodeIgniter.php(412): CodeIgniter\CodeIgniter->runController(Object(App\Controllers\Anfitrion\Anfitrion))
#3 C:\laragon\www\proyect_airbnb\system\CodeIgniter.php(320): CodeIgniter\CodeIgniter->handleRequest(NULL, Object(Config\Cache), false)
#4 C:\laragon\www\proyect_airbnb\public\index.php(37): CodeIgniter\CodeIgniter->run()
#5 {main}
CRITICAL - 2022-07-29 11:30:50 --> Undefined variable $fetch_data
#0 C:\laragon\www\proyect_airbnb\app\Views\anfitrion\publicar.php(163): CodeIgniter\Debug\Exceptions->errorHandler(2, 'Undefined varia...', 'C:\\laragon\\www\\...', 163)
#1 C:\laragon\www\proyect_airbnb\system\View\View.php(210): include('C:\\laragon\\www\\...')
#2 C:\laragon\www\proyect_airbnb\system\View\View.php(213): CodeIgniter\View\View->CodeIgniter\View\{closure}()
#3 C:\laragon\www\proyect_airbnb\system\Common.php(1089): CodeIgniter\View\View->render('anfitrion/publi...', Array, true)
#4 C:\laragon\www\proyect_airbnb\app\Controllers\Anfitrion\Anfitrion.php(47): view('anfitrion/publi...')
#5 C:\laragon\www\proyect_airbnb\system\CodeIgniter.php(825): App\Controllers\Anfitrion\Anfitrion->publicar()
#6 C:\laragon\www\proyect_airbnb\system\CodeIgniter.php(412): CodeIgniter\CodeIgniter->runController(Object(App\Controllers\Anfitrion\Anfitrion))
#7 C:\laragon\www\proyect_airbnb\system\CodeIgniter.php(320): CodeIgniter\CodeIgniter->handleRequest(NULL, Object(Config\Cache), false)
#8 C:\laragon\www\proyect_airbnb\public\index.php(37): CodeIgniter\CodeIgniter->run()
#9 {main}
CRITICAL - 2022-07-29 11:31:26 --> Undefined variable $fetch_data
#0 C:\laragon\www\proyect_airbnb\app\Views\anfitrion\publicar.php(163): CodeIgniter\Debug\Exceptions->errorHandler(2, 'Undefined varia...', 'C:\\laragon\\www\\...', 163)
#1 C:\laragon\www\proyect_airbnb\system\View\View.php(210): include('C:\\laragon\\www\\...')
#2 C:\laragon\www\proyect_airbnb\system\View\View.php(213): CodeIgniter\View\View->CodeIgniter\View\{closure}()
#3 C:\laragon\www\proyect_airbnb\system\Common.php(1089): CodeIgniter\View\View->render('anfitrion/publi...', Array, true)
#4 C:\laragon\www\proyect_airbnb\app\Controllers\Anfitrion\Anfitrion.php(47): view('anfitrion/publi...')
#5 C:\laragon\www\proyect_airbnb\system\CodeIgniter.php(825): App\Controllers\Anfitrion\Anfitrion->publicar()
#6 C:\laragon\www\proyect_airbnb\system\CodeIgniter.php(412): CodeIgniter\CodeIgniter->runController(Object(App\Controllers\Anfitrion\Anfitrion))
#7 C:\laragon\www\proyect_airbnb\system\CodeIgniter.php(320): CodeIgniter\CodeIgniter->handleRequest(NULL, Object(Config\Cache), false)
#8 C:\laragon\www\proyect_airbnb\public\index.php(37): CodeIgniter\CodeIgniter->run()
#9 {main}
CRITICAL - 2022-07-29 11:31:28 --> Undefined variable $fetch_data
#0 C:\laragon\www\proyect_airbnb\app\Views\anfitrion\publicar.php(163): CodeIgniter\Debug\Exceptions->errorHandler(2, 'Undefined varia...', 'C:\\laragon\\www\\...', 163)
#1 C:\laragon\www\proyect_airbnb\system\View\View.php(210): include('C:\\laragon\\www\\...')
#2 C:\laragon\www\proyect_airbnb\system\View\View.php(213): CodeIgniter\View\View->CodeIgniter\View\{closure}()
#3 C:\laragon\www\proyect_airbnb\system\Common.php(1089): CodeIgniter\View\View->render('anfitrion/publi...', Array, true)
#4 C:\laragon\www\proyect_airbnb\app\Controllers\Anfitrion\Anfitrion.php(47): view('anfitrion/publi...')
#5 C:\laragon\www\proyect_airbnb\system\CodeIgniter.php(825): App\Controllers\Anfitrion\Anfitrion->publicar()
#6 C:\laragon\www\proyect_airbnb\system\CodeIgniter.php(412): CodeIgniter\CodeIgniter->runController(Object(App\Controllers\Anfitrion\Anfitrion))
#7 C:\laragon\www\proyect_airbnb\system\CodeIgniter.php(320): CodeIgniter\CodeIgniter->handleRequest(NULL, Object(Config\Cache), false)
#8 C:\laragon\www\proyect_airbnb\public\index.php(37): CodeIgniter\CodeIgniter->run()
#9 {main}
CRITICAL - 2022-07-29 11:31:40 --> Undefined variable $fetch_data
#0 C:\laragon\www\proyect_airbnb\app\Views\anfitrion\publicar.php(163): CodeIgniter\Debug\Exceptions->errorHandler(2, 'Undefined varia...', 'C:\\laragon\\www\\...', 163)
#1 C:\laragon\www\proyect_airbnb\system\View\View.php(210): include('C:\\laragon\\www\\...')
#2 C:\laragon\www\proyect_airbnb\system\View\View.php(213): CodeIgniter\View\View->CodeIgniter\View\{closure}()
#3 C:\laragon\www\proyect_airbnb\system\Common.php(1089): CodeIgniter\View\View->render('anfitrion/publi...', Array, true)
#4 C:\laragon\www\proyect_airbnb\app\Controllers\Anfitrion\Anfitrion.php(47): view('anfitrion/publi...')
#5 C:\laragon\www\proyect_airbnb\system\CodeIgniter.php(825): App\Controllers\Anfitrion\Anfitrion->publicar()
#6 C:\laragon\www\proyect_airbnb\system\CodeIgniter.php(412): CodeIgniter\CodeIgniter->runController(Object(App\Controllers\Anfitrion\Anfitrion))
#7 C:\laragon\www\proyect_airbnb\system\CodeIgniter.php(320): CodeIgniter\CodeIgniter->handleRequest(NULL, Object(Config\Cache), false)
#8 C:\laragon\www\proyect_airbnb\public\index.php(37): CodeIgniter\CodeIgniter->run()
#9 {main}
CRITICAL - 2022-07-29 15:35:07 --> Undefined variable $tipoHospedajes
#0 C:\laragon\www\proyect_airbnb\app\Views\anfitrion\publicar.php(92): CodeIgniter\Debug\Exceptions->errorHandler(2, 'Undefined varia...', 'C:\\laragon\\www\\...', 92)
#1 C:\laragon\www\proyect_airbnb\system\View\View.php(210): include('C:\\laragon\\www\\...')
#2 C:\laragon\www\proyect_airbnb\system\View\View.php(213): CodeIgniter\View\View->CodeIgniter\View\{closure}()
#3 C:\laragon\www\proyect_airbnb\system\Common.php(1089): CodeIgniter\View\View->render('anfitrion/publi...', Array, true)
#4 C:\laragon\www\proyect_airbnb\app\Controllers\Anfitrion\Anfitrion.php(47): view('anfitrion/publi...')
#5 C:\laragon\www\proyect_airbnb\system\CodeIgniter.php(825): App\Controllers\Anfitrion\Anfitrion->publicar()
#6 C:\laragon\www\proyect_airbnb\system\CodeIgniter.php(412): CodeIgniter\CodeIgniter->runController(Object(App\Controllers\Anfitrion\Anfitrion))
#7 C:\laragon\www\proyect_airbnb\system\CodeIgniter.php(320): CodeIgniter\CodeIgniter->handleRequest(NULL, Object(Config\Cache), false)
#8 C:\laragon\www\proyect_airbnb\public\index.php(37): CodeIgniter\CodeIgniter->run()
#9 {main}
CRITICAL - 2022-07-29 15:35:20 --> Undefined variable $tipoHospedaje
#0 C:\laragon\www\proyect_airbnb\app\Views\anfitrion\publicar.php(92): CodeIgniter\Debug\Exceptions->errorHandler(2, 'Undefined varia...', 'C:\\laragon\\www\\...', 92)
#1 C:\laragon\www\proyect_airbnb\system\View\View.php(210): include('C:\\laragon\\www\\...')
#2 C:\laragon\www\proyect_airbnb\system\View\View.php(213): CodeIgniter\View\View->CodeIgniter\View\{closure}()
#3 C:\laragon\www\proyect_airbnb\system\Common.php(1089): CodeIgniter\View\View->render('anfitrion/publi...', Array, true)
#4 C:\laragon\www\proyect_airbnb\app\Controllers\Anfitrion\Anfitrion.php(47): view('anfitrion/publi...')
#5 C:\laragon\www\proyect_airbnb\system\CodeIgniter.php(825): App\Controllers\Anfitrion\Anfitrion->publicar()
#6 C:\laragon\www\proyect_airbnb\system\CodeIgniter.php(412): CodeIgniter\CodeIgniter->runController(Object(App\Controllers\Anfitrion\Anfitrion))
#7 C:\laragon\www\proyect_airbnb\system\CodeIgniter.php(320): CodeIgniter\CodeIgniter->handleRequest(NULL, Object(Config\Cache), false)
#8 C:\laragon\www\proyect_airbnb\public\index.php(37): CodeIgniter\CodeIgniter->run()
#9 {main}
CRITICAL - 2022-07-29 15:35:27 --> Undefined variable $tipoHospedaje
#0 C:\laragon\www\proyect_airbnb\app\Views\anfitrion\publicar.php(92): CodeIgniter\Debug\Exceptions->errorHandler(2, 'Undefined varia...', 'C:\\laragon\\www\\...', 92)
#1 C:\laragon\www\proyect_airbnb\system\View\View.php(210): include('C:\\laragon\\www\\...')
#2 C:\laragon\www\proyect_airbnb\system\View\View.php(213): CodeIgniter\View\View->CodeIgniter\View\{closure}()
#3 C:\laragon\www\proyect_airbnb\system\Common.php(1089): CodeIgniter\View\View->render('anfitrion/publi...', Array, true)
#4 C:\laragon\www\proyect_airbnb\app\Controllers\Anfitrion\Anfitrion.php(47): view('anfitrion/publi...')
#5 C:\laragon\www\proyect_airbnb\system\CodeIgniter.php(825): App\Controllers\Anfitrion\Anfitrion->publicar()
#6 C:\laragon\www\proyect_airbnb\system\CodeIgniter.php(412): CodeIgniter\CodeIgniter->runController(Object(App\Controllers\Anfitrion\Anfitrion))
#7 C:\laragon\www\proyect_airbnb\system\CodeIgniter.php(320): CodeIgniter\CodeIgniter->handleRequest(NULL, Object(Config\Cache), false)
#8 C:\laragon\www\proyect_airbnb\public\index.php(37): CodeIgniter\CodeIgniter->run()
#9 {main}
CRITICAL - 2022-07-29 15:37:51 --> Undefined variable $tipoHospedajes
#0 C:\laragon\www\proyect_airbnb\app\Views\anfitrion\publicar.php(82): CodeIgniter\Debug\Exceptions->errorHandler(2, 'Undefined varia...', 'C:\\laragon\\www\\...', 82)
#1 C:\laragon\www\proyect_airbnb\system\View\View.php(210): include('C:\\laragon\\www\\...')
#2 C:\laragon\www\proyect_airbnb\system\View\View.php(213): CodeIgniter\View\View->CodeIgniter\View\{closure}()
#3 C:\laragon\www\proyect_airbnb\system\Common.php(1089): CodeIgniter\View\View->render('anfitrion/publi...', Array, true)
#4 C:\laragon\www\proyect_airbnb\app\Controllers\Anfitrion\Anfitrion.php(47): view('anfitrion/publi...')
#5 C:\laragon\www\proyect_airbnb\system\CodeIgniter.php(825): App\Controllers\Anfitrion\Anfitrion->publicar()
#6 C:\laragon\www\proyect_airbnb\system\CodeIgniter.php(412): CodeIgniter\CodeIgniter->runController(Object(App\Controllers\Anfitrion\Anfitrion))
#7 C:\laragon\www\proyect_airbnb\system\CodeIgniter.php(320): CodeIgniter\CodeIgniter->handleRequest(NULL, Object(Config\Cache), false)
#8 C:\laragon\www\proyect_airbnb\public\index.php(37): CodeIgniter\CodeIgniter->run()
#9 {main}
CRITICAL - 2022-07-29 15:40:42 --> Undefined variable $tipoHospedajes
#0 C:\laragon\www\proyect_airbnb\app\Views\anfitrion\publicar.php(82): CodeIgniter\Debug\Exceptions->errorHandler(2, 'Undefined varia...', 'C:\\laragon\\www\\...', 82)
#1 C:\laragon\www\proyect_airbnb\system\View\View.php(210): include('C:\\laragon\\www\\...')
#2 C:\laragon\www\proyect_airbnb\system\View\View.php(213): CodeIgniter\View\View->CodeIgniter\View\{closure}()
#3 C:\laragon\www\proyect_airbnb\system\Common.php(1089): CodeIgniter\View\View->render('anfitrion/publi...', Array, true)
#4 C:\laragon\www\proyect_airbnb\app\Controllers\Anfitrion\Anfitrion.php(47): view('anfitrion/publi...')
#5 C:\laragon\www\proyect_airbnb\system\CodeIgniter.php(825): App\Controllers\Anfitrion\Anfitrion->publicar()
#6 C:\laragon\www\proyect_airbnb\system\CodeIgniter.php(412): CodeIgniter\CodeIgniter->runController(Object(App\Controllers\Anfitrion\Anfitrion))
#7 C:\laragon\www\proyect_airbnb\system\CodeIgniter.php(320): CodeIgniter\CodeIgniter->handleRequest(NULL, Object(Config\Cache), false)
#8 C:\laragon\www\proyect_airbnb\public\index.php(37): CodeIgniter\CodeIgniter->run()
#9 {main}
CRITICAL - 2022-07-29 15:42:12 --> Undefined variable $tipoHospedaje
#0 C:\laragon\www\proyect_airbnb\app\Views\anfitrion\publicar.php(82): CodeIgniter\Debug\Exceptions->errorHandler(2, 'Undefined varia...', 'C:\\laragon\\www\\...', 82)
#1 C:\laragon\www\proyect_airbnb\system\View\View.php(210): include('C:\\laragon\\www\\...')
#2 C:\laragon\www\proyect_airbnb\system\View\View.php(213): CodeIgniter\View\View->CodeIgniter\View\{closure}()
#3 C:\laragon\www\proyect_airbnb\system\Common.php(1089): CodeIgniter\View\View->render('anfitrion/publi...', Array, true)
#4 C:\laragon\www\proyect_airbnb\app\Controllers\Anfitrion\Anfitrion.php(47): view('anfitrion/publi...')
#5 C:\laragon\www\proyect_airbnb\system\CodeIgniter.php(825): App\Controllers\Anfitrion\Anfitrion->publicar()
#6 C:\laragon\www\proyect_airbnb\system\CodeIgniter.php(412): CodeIgniter\CodeIgniter->runController(Object(App\Controllers\Anfitrion\Anfitrion))
#7 C:\laragon\www\proyect_airbnb\system\CodeIgniter.php(320): CodeIgniter\CodeIgniter->handleRequest(NULL, Object(Config\Cache), false)
#8 C:\laragon\www\proyect_airbnb\public\index.php(37): CodeIgniter\CodeIgniter->run()
#9 {main}
CRITICAL - 2022-07-29 15:44:21 --> Undefined variable $tipoHospedajes
#0 C:\laragon\www\proyect_airbnb\app\Views\anfitrion\publicar.php(82): CodeIgniter\Debug\Exceptions->errorHandler(2, 'Undefined varia...', 'C:\\laragon\\www\\...', 82)
#1 C:\laragon\www\proyect_airbnb\system\View\View.php(210): include('C:\\laragon\\www\\...')
#2 C:\laragon\www\proyect_airbnb\system\View\View.php(213): CodeIgniter\View\View->CodeIgniter\View\{closure}()
#3 C:\laragon\www\proyect_airbnb\system\Common.php(1089): CodeIgniter\View\View->render('anfitrion/publi...', Array, true)
#4 C:\laragon\www\proyect_airbnb\app\Controllers\Anfitrion\Anfitrion.php(47): view('anfitrion/publi...')
#5 C:\laragon\www\proyect_airbnb\system\CodeIgniter.php(825): App\Controllers\Anfitrion\Anfitrion->publicar()
#6 C:\laragon\www\proyect_airbnb\system\CodeIgniter.php(412): CodeIgniter\CodeIgniter->runController(Object(App\Controllers\Anfitrion\Anfitrion))
#7 C:\laragon\www\proyect_airbnb\system\CodeIgniter.php(320): CodeIgniter\CodeIgniter->handleRequest(NULL, Object(Config\Cache), false)
#8 C:\laragon\www\proyect_airbnb\public\index.php(37): CodeIgniter\CodeIgniter->run()
#9 {main}
CRITICAL - 2022-07-29 15:45:23 --> Undefined variable $tipoHospedajes
#0 C:\laragon\www\proyect_airbnb\app\Views\anfitrion\publicar.php(82): CodeIgniter\Debug\Exceptions->errorHandler(2, 'Undefined varia...', 'C:\\laragon\\www\\...', 82)
#1 C:\laragon\www\proyect_airbnb\system\View\View.php(210): include('C:\\laragon\\www\\...')
#2 C:\laragon\www\proyect_airbnb\system\View\View.php(213): CodeIgniter\View\View->CodeIgniter\View\{closure}()
#3 C:\laragon\www\proyect_airbnb\system\Common.php(1089): CodeIgniter\View\View->render('anfitrion/publi...', Array, true)
#4 C:\laragon\www\proyect_airbnb\app\Controllers\Anfitrion\Anfitrion.php(47): view('anfitrion/publi...')
#5 C:\laragon\www\proyect_airbnb\system\CodeIgniter.php(825): App\Controllers\Anfitrion\Anfitrion->publicar()
#6 C:\laragon\www\proyect_airbnb\system\CodeIgniter.php(412): CodeIgniter\CodeIgniter->runController(Object(App\Controllers\Anfitrion\Anfitrion))
#7 C:\laragon\www\proyect_airbnb\system\CodeIgniter.php(320): CodeIgniter\CodeIgniter->handleRequest(NULL, Object(Config\Cache), false)
#8 C:\laragon\www\proyect_airbnb\public\index.php(37): CodeIgniter\CodeIgniter->run()
#9 {main}
CRITICAL - 2022-07-29 15:45:55 --> Undefined variable $tipoHospedajes
#0 C:\laragon\www\proyect_airbnb\app\Views\anfitrion\publicar.php(82): CodeIgniter\Debug\Exceptions->errorHandler(2, 'Undefined varia...', 'C:\\laragon\\www\\...', 82)
#1 C:\laragon\www\proyect_airbnb\system\View\View.php(210): include('C:\\laragon\\www\\...')
#2 C:\laragon\www\proyect_airbnb\system\View\View.php(213): CodeIgniter\View\View->CodeIgniter\View\{closure}()
#3 C:\laragon\www\proyect_airbnb\system\Common.php(1089): CodeIgniter\View\View->render('anfitrion/publi...', Array, true)
#4 C:\laragon\www\proyect_airbnb\app\Controllers\Anfitrion\Anfitrion.php(47): view('anfitrion/publi...')
#5 C:\laragon\www\proyect_airbnb\system\CodeIgniter.php(825): App\Controllers\Anfitrion\Anfitrion->publicar()
#6 C:\laragon\www\proyect_airbnb\system\CodeIgniter.php(412): CodeIgniter\CodeIgniter->runController(Object(App\Controllers\Anfitrion\Anfitrion))
#7 C:\laragon\www\proyect_airbnb\system\CodeIgniter.php(320): CodeIgniter\CodeIgniter->handleRequest(NULL, Object(Config\Cache), false)
#8 C:\laragon\www\proyect_airbnb\public\index.php(37): CodeIgniter\CodeIgniter->run()
#9 {main}
CRITICAL - 2022-07-29 15:51:14 --> Undefined variable $tipoHospedajes
#0 C:\laragon\www\proyect_airbnb\app\Views\anfitrion\publicar.php(82): CodeIgniter\Debug\Exceptions->errorHandler(2, 'Undefined varia...', 'C:\\laragon\\www\\...', 82)
#1 C:\laragon\www\proyect_airbnb\system\View\View.php(210): include('C:\\laragon\\www\\...')
#2 C:\laragon\www\proyect_airbnb\system\View\View.php(213): CodeIgniter\View\View->CodeIgniter\View\{closure}()
#3 C:\laragon\www\proyect_airbnb\system\Common.php(1089): CodeIgniter\View\View->render('anfitrion/publi...', Array, true)
#4 C:\laragon\www\proyect_airbnb\app\Controllers\Anfitrion\Anfitrion.php(47): view('anfitrion/publi...')
#5 C:\laragon\www\proyect_airbnb\system\CodeIgniter.php(825): App\Controllers\Anfitrion\Anfitrion->publicar()
#6 C:\laragon\www\proyect_airbnb\system\CodeIgniter.php(412): CodeIgniter\CodeIgniter->runController(Object(App\Controllers\Anfitrion\Anfitrion))
#7 C:\laragon\www\proyect_airbnb\system\CodeIgniter.php(320): CodeIgniter\CodeIgniter->handleRequest(NULL, Object(Config\Cache), false)
#8 C:\laragon\www\proyect_airbnb\public\index.php(37): CodeIgniter\CodeIgniter->run()
#9 {main}
CRITICAL - 2022-07-29 16:17:51 --> Undefined variable $tipoHospedajes
#0 C:\laragon\www\proyect_airbnb\app\Views\anfitrion\publicar.php(82): CodeIgniter\Debug\Exceptions->errorHandler(2, 'Undefined varia...', 'C:\\laragon\\www\\...', 82)
#1 C:\laragon\www\proyect_airbnb\system\View\View.php(210): include('C:\\laragon\\www\\...')
#2 C:\laragon\www\proyect_airbnb\system\View\View.php(213): CodeIgniter\View\View->CodeIgniter\View\{closure}()
#3 C:\laragon\www\proyect_airbnb\system\Common.php(1089): CodeIgniter\View\View->render('anfitrion/publi...', Array, true)
#4 C:\laragon\www\proyect_airbnb\app\Controllers\Anfitrion\Anfitrion.php(47): view('anfitrion/publi...')
#5 C:\laragon\www\proyect_airbnb\system\CodeIgniter.php(825): App\Controllers\Anfitrion\Anfitrion->publicar()
#6 C:\laragon\www\proyect_airbnb\system\CodeIgniter.php(412): CodeIgniter\CodeIgniter->runController(Object(App\Controllers\Anfitrion\Anfitrion))
#7 C:\laragon\www\proyect_airbnb\system\CodeIgniter.php(320): CodeIgniter\CodeIgniter->handleRequest(NULL, Object(Config\Cache), false)
#8 C:\laragon\www\proyect_airbnb\public\index.php(37): CodeIgniter\CodeIgniter->run()
#9 {main}
CRITICAL - 2022-07-29 16:19:27 --> Undefined variable $tipoHospedajes
#0 C:\laragon\www\proyect_airbnb\app\Views\anfitrion\publicar.php(82): CodeIgniter\Debug\Exceptions->errorHandler(2, 'Undefined varia...', 'C:\\laragon\\www\\...', 82)
#1 C:\laragon\www\proyect_airbnb\system\View\View.php(210): include('C:\\laragon\\www\\...')
#2 C:\laragon\www\proyect_airbnb\system\View\View.php(213): CodeIgniter\View\View->CodeIgniter\View\{closure}()
#3 C:\laragon\www\proyect_airbnb\system\Common.php(1089): CodeIgniter\View\View->render('anfitrion/publi...', Array, true)
#4 C:\laragon\www\proyect_airbnb\app\Controllers\Anfitrion\Anfitrion.php(47): view('anfitrion/publi...')
#5 C:\laragon\www\proyect_airbnb\system\CodeIgniter.php(825): App\Controllers\Anfitrion\Anfitrion->publicar()
#6 C:\laragon\www\proyect_airbnb\system\CodeIgniter.php(412): CodeIgniter\CodeIgniter->runController(Object(App\Controllers\Anfitrion\Anfitrion))
#7 C:\laragon\www\proyect_airbnb\system\CodeIgniter.php(320): CodeIgniter\CodeIgniter->handleRequest(NULL, Object(Config\Cache), false)
#8 C:\laragon\www\proyect_airbnb\public\index.php(37): CodeIgniter\CodeIgniter->run()
#9 {main}
CRITICAL - 2022-07-29 16:19:31 --> Undefined variable $tipoHospedajes
#0 C:\laragon\www\proyect_airbnb\app\Views\anfitrion\publicar.php(82): CodeIgniter\Debug\Exceptions->errorHandler(2, 'Undefined varia...', 'C:\\laragon\\www\\...', 82)
#1 C:\laragon\www\proyect_airbnb\system\View\View.php(210): include('C:\\laragon\\www\\...')
#2 C:\laragon\www\proyect_airbnb\system\View\View.php(213): CodeIgniter\View\View->CodeIgniter\View\{closure}()
#3 C:\laragon\www\proyect_airbnb\system\Common.php(1089): CodeIgniter\View\View->render('anfitrion/publi...', Array, true)
#4 C:\laragon\www\proyect_airbnb\app\Controllers\Anfitrion\Anfitrion.php(47): view('anfitrion/publi...')
#5 C:\laragon\www\proyect_airbnb\system\CodeIgniter.php(825): App\Controllers\Anfitrion\Anfitrion->publicar()
#6 C:\laragon\www\proyect_airbnb\system\CodeIgniter.php(412): CodeIgniter\CodeIgniter->runController(Object(App\Controllers\Anfitrion\Anfitrion))
#7 C:\laragon\www\proyect_airbnb\system\CodeIgniter.php(320): CodeIgniter\CodeIgniter->handleRequest(NULL, Object(Config\Cache), false)
#8 C:\laragon\www\proyect_airbnb\public\index.php(37): CodeIgniter\CodeIgniter->run()
#9 {main}
CRITICAL - 2022-07-29 16:23:46 --> Undefined variable $tipoHospedaje
#0 C:\laragon\www\proyect_airbnb\app\Views\anfitrion\publicar.php(82): CodeIgniter\Debug\Exceptions->errorHandler(2, 'Undefined varia...', 'C:\\laragon\\www\\...', 82)
#1 C:\laragon\www\proyect_airbnb\system\View\View.php(210): include('C:\\laragon\\www\\...')
#2 C:\laragon\www\proyect_airbnb\system\View\View.php(213): CodeIgniter\View\View->CodeIgniter\View\{closure}()
#3 C:\laragon\www\proyect_airbnb\system\Common.php(1089): CodeIgniter\View\View->render('anfitrion/publi...', Array, true)
#4 C:\laragon\www\proyect_airbnb\app\Controllers\Anfitrion\Anfitrion.php(47): view('anfitrion/publi...')
#5 C:\laragon\www\proyect_airbnb\system\CodeIgniter.php(825): App\Controllers\Anfitrion\Anfitrion->publicar()
#6 C:\laragon\www\proyect_airbnb\system\CodeIgniter.php(412): CodeIgniter\CodeIgniter->runController(Object(App\Controllers\Anfitrion\Anfitrion))
#7 C:\laragon\www\proyect_airbnb\system\CodeIgniter.php(320): CodeIgniter\CodeIgniter->handleRequest(NULL, Object(Config\Cache), false)
#8 C:\laragon\www\proyect_airbnb\public\index.php(37): CodeIgniter\CodeIgniter->run()
#9 {main}
CRITICAL - 2022-07-29 16:23:51 --> Undefined variable $tipoHospedaje
#0 C:\laragon\www\proyect_airbnb\app\Views\anfitrion\publicar.php(82): CodeIgniter\Debug\Exceptions->errorHandler(2, 'Undefined varia...', 'C:\\laragon\\www\\...', 82)
#1 C:\laragon\www\proyect_airbnb\system\View\View.php(210): include('C:\\laragon\\www\\...')
#2 C:\laragon\www\proyect_airbnb\system\View\View.php(213): CodeIgniter\View\View->CodeIgniter\View\{closure}()
#3 C:\laragon\www\proyect_airbnb\system\Common.php(1089): CodeIgniter\View\View->render('anfitrion/publi...', Array, true)
#4 C:\laragon\www\proyect_airbnb\app\Controllers\Anfitrion\Anfitrion.php(47): view('anfitrion/publi...')
#5 C:\laragon\www\proyect_airbnb\system\CodeIgniter.php(825): App\Controllers\Anfitrion\Anfitrion->publicar()
#6 C:\laragon\www\proyect_airbnb\system\CodeIgniter.php(412): CodeIgniter\CodeIgniter->runController(Object(App\Controllers\Anfitrion\Anfitrion))
#7 C:\laragon\www\proyect_airbnb\system\CodeIgniter.php(320): CodeIgniter\CodeIgniter->handleRequest(NULL, Object(Config\Cache), false)
#8 C:\laragon\www\proyect_airbnb\public\index.php(37): CodeIgniter\CodeIgniter->run()
#9 {main}
CRITICAL - 2022-07-29 16:23:57 --> Undefined variable $tipoHospedaje
#0 C:\laragon\www\proyect_airbnb\app\Views\anfitrion\publicar.php(82): CodeIgniter\Debug\Exceptions->errorHandler(2, 'Undefined varia...', 'C:\\laragon\\www\\...', 82)
#1 C:\laragon\www\proyect_airbnb\system\View\View.php(210): include('C:\\laragon\\www\\...')
#2 C:\laragon\www\proyect_airbnb\system\View\View.php(213): CodeIgniter\View\View->CodeIgniter\View\{closure}()
#3 C:\laragon\www\proyect_airbnb\system\Common.php(1089): CodeIgniter\View\View->render('anfitrion/publi...', Array, true)
#4 C:\laragon\www\proyect_airbnb\app\Controllers\Anfitrion\Anfitrion.php(47): view('anfitrion/publi...')
#5 C:\laragon\www\proyect_airbnb\system\CodeIgniter.php(825): App\Controllers\Anfitrion\Anfitrion->publicar()
#6 C:\laragon\www\proyect_airbnb\system\CodeIgniter.php(412): CodeIgniter\CodeIgniter->runController(Object(App\Controllers\Anfitrion\Anfitrion))
#7 C:\laragon\www\proyect_airbnb\system\CodeIgniter.php(320): CodeIgniter\CodeIgniter->handleRequest(NULL, Object(Config\Cache), false)
#8 C:\laragon\www\proyect_airbnb\public\index.php(37): CodeIgniter\CodeIgniter->run()
#9 {main}
CRITICAL - 2022-07-29 16:32:55 --> Undefined variable $tipoHospedajes
#0 C:\laragon\www\proyect_airbnb\app\Views\anfitrion\publicar.php(82): CodeIgniter\Debug\Exceptions->errorHandler(2, 'Undefined varia...', 'C:\\laragon\\www\\...', 82)
#1 C:\laragon\www\proyect_airbnb\system\View\View.php(210): include('C:\\laragon\\www\\...')
#2 C:\laragon\www\proyect_airbnb\system\View\View.php(213): CodeIgniter\View\View->CodeIgniter\View\{closure}()
#3 C:\laragon\www\proyect_airbnb\system\Common.php(1089): CodeIgniter\View\View->render('anfitrion/publi...', Array, true)
#4 C:\laragon\www\proyect_airbnb\app\Controllers\Anfitrion\Anfitrion.php(47): view('anfitrion/publi...')
#5 C:\laragon\www\proyect_airbnb\system\CodeIgniter.php(825): App\Controllers\Anfitrion\Anfitrion->publicar()
#6 C:\laragon\www\proyect_airbnb\system\CodeIgniter.php(412): CodeIgniter\CodeIgniter->runController(Object(App\Controllers\Anfitrion\Anfitrion))
#7 C:\laragon\www\proyect_airbnb\system\CodeIgniter.php(320): CodeIgniter\CodeIgniter->handleRequest(NULL, Object(Config\Cache), false)
#8 C:\laragon\www\proyect_airbnb\public\index.php(37): CodeIgniter\CodeIgniter->run()
#9 {main}
CRITICAL - 2022-07-29 16:36:01 --> Undefined variable $tipoHospedajes
#0 C:\laragon\www\proyect_airbnb\app\Views\anfitrion\publicar.php(82): CodeIgniter\Debug\Exceptions->errorHandler(2, 'Undefined varia...', 'C:\\laragon\\www\\...', 82)
#1 C:\laragon\www\proyect_airbnb\system\View\View.php(210): include('C:\\laragon\\www\\...')
#2 C:\laragon\www\proyect_airbnb\system\View\View.php(213): CodeIgniter\View\View->CodeIgniter\View\{closure}()
#3 C:\laragon\www\proyect_airbnb\system\Common.php(1089): CodeIgniter\View\View->render('anfitrion/publi...', Array, true)
#4 C:\laragon\www\proyect_airbnb\app\Controllers\Anfitrion\Anfitrion.php(47): view('anfitrion/publi...')
#5 C:\laragon\www\proyect_airbnb\system\CodeIgniter.php(825): App\Controllers\Anfitrion\Anfitrion->publicar()
#6 C:\laragon\www\proyect_airbnb\system\CodeIgniter.php(412): CodeIgniter\CodeIgniter->runController(Object(App\Controllers\Anfitrion\Anfitrion))
#7 C:\laragon\www\proyect_airbnb\system\CodeIgniter.php(320): CodeIgniter\CodeIgniter->handleRequest(NULL, Object(Config\Cache), false)
#8 C:\laragon\www\proyect_airbnb\public\index.php(37): CodeIgniter\CodeIgniter->run()
#9 {main}
CRITICAL - 2022-07-29 16:36:05 --> Undefined variable $tipoHospedajes
#0 C:\laragon\www\proyect_airbnb\app\Views\anfitrion\publicar.php(82): CodeIgniter\Debug\Exceptions->errorHandler(2, 'Undefined varia...', 'C:\\laragon\\www\\...', 82)
#1 C:\laragon\www\proyect_airbnb\system\View\View.php(210): include('C:\\laragon\\www\\...')
#2 C:\laragon\www\proyect_airbnb\system\View\View.php(213): CodeIgniter\View\View->CodeIgniter\View\{closure}()
#3 C:\laragon\www\proyect_airbnb\system\Common.php(1089): CodeIgniter\View\View->render('anfitrion/publi...', Array, true)
#4 C:\laragon\www\proyect_airbnb\app\Controllers\Anfitrion\Anfitrion.php(47): view('anfitrion/publi...')
#5 C:\laragon\www\proyect_airbnb\system\CodeIgniter.php(825): App\Controllers\Anfitrion\Anfitrion->publicar()
#6 C:\laragon\www\proyect_airbnb\system\CodeIgniter.php(412): CodeIgniter\CodeIgniter->runController(Object(App\Controllers\Anfitrion\Anfitrion))
#7 C:\laragon\www\proyect_airbnb\system\CodeIgniter.php(320): CodeIgniter\CodeIgniter->handleRequest(NULL, Object(Config\Cache), false)
#8 C:\laragon\www\proyect_airbnb\public\index.php(37): CodeIgniter\CodeIgniter->run()
#9 {main}
CRITICAL - 2022-07-29 16:36:13 --> Undefined variable $tipoHospedajes
#0 C:\laragon\www\proyect_airbnb\app\Views\anfitrion\publicar.php(82): CodeIgniter\Debug\Exceptions->errorHandler(2, 'Undefined varia...', 'C:\\laragon\\www\\...', 82)
#1 C:\laragon\www\proyect_airbnb\system\View\View.php(210): include('C:\\laragon\\www\\...')
#2 C:\laragon\www\proyect_airbnb\system\View\View.php(213): CodeIgniter\View\View->CodeIgniter\View\{closure}()
#3 C:\laragon\www\proyect_airbnb\system\Common.php(1089): CodeIgniter\View\View->render('anfitrion/publi...', Array, true)
#4 C:\laragon\www\proyect_airbnb\app\Controllers\Anfitrion\Anfitrion.php(47): view('anfitrion/publi...')
#5 C:\laragon\www\proyect_airbnb\system\CodeIgniter.php(825): App\Controllers\Anfitrion\Anfitrion->publicar()
#6 C:\laragon\www\proyect_airbnb\system\CodeIgniter.php(412): CodeIgniter\CodeIgniter->runController(Object(App\Controllers\Anfitrion\Anfitrion))
#7 C:\laragon\www\proyect_airbnb\system\CodeIgniter.php(320): CodeIgniter\CodeIgniter->handleRequest(NULL, Object(Config\Cache), false)
#8 C:\laragon\www\proyect_airbnb\public\index.php(37): CodeIgniter\CodeIgniter->run()
#9 {main}
CRITICAL - 2022-07-29 16:44:31 --> Undefined variable $tipoHospedajes
#0 C:\laragon\www\proyect_airbnb\app\Views\anfitrion\publicar.php(82): CodeIgniter\Debug\Exceptions->errorHandler(2, 'Undefined varia...', 'C:\\laragon\\www\\...', 82)
#1 C:\laragon\www\proyect_airbnb\system\View\View.php(210): include('C:\\laragon\\www\\...')
#2 C:\laragon\www\proyect_airbnb\system\View\View.php(213): CodeIgniter\View\View->CodeIgniter\View\{closure}()
#3 C:\laragon\www\proyect_airbnb\system\Common.php(1089): CodeIgniter\View\View->render('anfitrion/publi...', Array, true)
#4 C:\laragon\www\proyect_airbnb\app\Controllers\Anfitrion\Anfitrion.php(47): view('anfitrion/publi...')
#5 C:\laragon\www\proyect_airbnb\system\CodeIgniter.php(825): App\Controllers\Anfitrion\Anfitrion->publicar()
#6 C:\laragon\www\proyect_airbnb\system\CodeIgniter.php(412): CodeIgniter\CodeIgniter->runController(Object(App\Controllers\Anfitrion\Anfitrion))
#7 C:\laragon\www\proyect_airbnb\system\CodeIgniter.php(320): CodeIgniter\CodeIgniter->handleRequest(NULL, Object(Config\Cache), false)
#8 C:\laragon\www\proyect_airbnb\public\index.php(37): CodeIgniter\CodeIgniter->run()
#9 {main}
CRITICAL - 2022-07-29 17:12:30 --> Undefined variable $municipios
#0 C:\laragon\www\proyect_airbnb\app\Views\anfitrion\publicar.php(138): CodeIgniter\Debug\Exceptions->errorHandler(2, 'Undefined varia...', 'C:\\laragon\\www\\...', 138)
#1 C:\laragon\www\proyect_airbnb\system\View\View.php(210): include('C:\\laragon\\www\\...')
#2 C:\laragon\www\proyect_airbnb\system\View\View.php(213): CodeIgniter\View\View->CodeIgniter\View\{closure}()
#3 C:\laragon\www\proyect_airbnb\system\Common.php(1089): CodeIgniter\View\View->render('anfitrion/publi...', Array, true)
#4 C:\laragon\www\proyect_airbnb\app\Controllers\Anfitrion\Anfitrion.php(52): view('anfitrion/publi...', Array)
#5 C:\laragon\www\proyect_airbnb\system\CodeIgniter.php(825): App\Controllers\Anfitrion\Anfitrion->publicar()
#6 C:\laragon\www\proyect_airbnb\system\CodeIgniter.php(412): CodeIgniter\CodeIgniter->runController(Object(App\Controllers\Anfitrion\Anfitrion))
#7 C:\laragon\www\proyect_airbnb\system\CodeIgniter.php(320): CodeIgniter\CodeIgniter->handleRequest(NULL, Object(Config\Cache), false)
#8 C:\laragon\www\proyect_airbnb\public\index.php(37): CodeIgniter\CodeIgniter->run()
#9 {main}
CRITICAL - 2022-07-29 17:16:33 --> Cannot declare class App\Models\tipoHospedajeModel, because the name is already in use
#0 [internal function]: CodeIgniter\Debug\Exceptions->shutdownHandler()
#1 {main}
ERROR - 2022-07-29 19:04:54 --> Cannot add or update a child row: a foreign key constraint fails (`proyect_airbnb`.`tbl_servicios`, CONSTRAINT `tbl_servicios_idTarifa_foreign` FOREIGN KEY (`idTarifa`) REFERENCES `tbl_tarifas` (`idTarifa`) ON DELETE SET NULL ON UPDATE CASCADE)
CRITICAL - 2022-07-29 19:04:54 --> Cannot add or update a child row: a foreign key constraint fails (`proyect_airbnb`.`tbl_servicios`, CONSTRAINT `tbl_servicios_idTarifa_foreign` FOREIGN KEY (`idTarifa`) REFERENCES `tbl_tarifas` (`idTarifa`) ON DELETE SET NULL ON UPDATE CASCADE)
#0 C:\laragon\www\proyect_airbnb\system\Database\MySQLi\Connection.php(292): mysqli->query('INSERT INTO `tb...', 0)
#1 C:\laragon\www\proyect_airbnb\system\Database\BaseConnection.php(670): CodeIgniter\Database\MySQLi\Connection->execute('INSERT INTO `tb...')
#2 C:\laragon\www\proyect_airbnb\system\Database\BaseConnection.php(598): CodeIgniter\Database\BaseConnection->simpleQuery('INSERT INTO `tb...')
#3 C:\laragon\www\proyect_airbnb\system\Database\BaseBuilder.php(1771): CodeIgniter\Database\BaseConnection->query('INSERT INTO `tb...', Array, false)
#4 C:\laragon\www\proyect_airbnb\system\Model.php(239): CodeIgniter\Database\BaseBuilder->insert()
#5 C:\laragon\www\proyect_airbnb\system\BaseModel.php(738): CodeIgniter\Model->doInsert(Array)
#6 C:\laragon\www\proyect_airbnb\system\Model.php(625): CodeIgniter\BaseModel->insert(Array, false)
#7 C:\laragon\www\proyect_airbnb\system\BaseModel.php(658): CodeIgniter\Model->insert(Array, false)
#8 C:\laragon\www\proyect_airbnb\app\Controllers\Anfitrion\Anfitrion.php(229): CodeIgniter\BaseModel->save(Array)
#9 C:\laragon\www\proyect_airbnb\system\CodeIgniter.php(825): App\Controllers\Anfitrion\Anfitrion->RegistrarPublicacion()
#10 C:\laragon\www\proyect_airbnb\system\CodeIgniter.php(412): CodeIgniter\CodeIgniter->runController(Object(App\Controllers\Anfitrion\Anfitrion))
#11 C:\laragon\www\proyect_airbnb\system\CodeIgniter.php(320): CodeIgniter\CodeIgniter->handleRequest(NULL, Object(Config\Cache), false)
#12 C:\laragon\www\proyect_airbnb\public\index.php(37): CodeIgniter\CodeIgniter->run()
#13 {main}
ERROR - 2022-07-29 19:18:39 --> Unknown column 'created_at' in 'field list'
CRITICAL - 2022-07-29 19:18:39 --> Unknown column 'created_at' in 'field list'
#0 C:\laragon\www\proyect_airbnb\system\Database\MySQLi\Connection.php(292): mysqli->query('INSERT INTO `tb...', 0)
#1 C:\laragon\www\proyect_airbnb\system\Database\BaseConnection.php(670): CodeIgniter\Database\MySQLi\Connection->execute('INSERT INTO `tb...')
#2 C:\laragon\www\proyect_airbnb\system\Database\BaseConnection.php(598): CodeIgniter\Database\BaseConnection->simpleQuery('INSERT INTO `tb...')
#3 C:\laragon\www\proyect_airbnb\system\Database\BaseBuilder.php(1771): CodeIgniter\Database\BaseConnection->query('INSERT INTO `tb...', Array, false)
#4 C:\laragon\www\proyect_airbnb\system\Model.php(239): CodeIgniter\Database\BaseBuilder->insert()
#5 C:\laragon\www\proyect_airbnb\system\BaseModel.php(738): CodeIgniter\Model->doInsert(Array)
#6 C:\laragon\www\proyect_airbnb\system\Model.php(625): CodeIgniter\BaseModel->insert(Array, false)
#7 C:\laragon\www\proyect_airbnb\system\BaseModel.php(658): CodeIgniter\Model->insert(Array, false)
#8 C:\laragon\www\proyect_airbnb\app\Controllers\Anfitrion\Anfitrion.php(213): CodeIgniter\BaseModel->save(Array)
#9 C:\laragon\www\proyect_airbnb\system\CodeIgniter.php(825): App\Controllers\Anfitrion\Anfitrion->RegistrarPublicacion()
#10 C:\laragon\www\proyect_airbnb\system\CodeIgniter.php(412): CodeIgniter\CodeIgniter->runController(Object(App\Controllers\Anfitrion\Anfitrion))
#11 C:\laragon\www\proyect_airbnb\system\CodeIgniter.php(320): CodeIgniter\CodeIgniter->handleRequest(NULL, Object(Config\Cache), false)
#12 C:\laragon\www\proyect_airbnb\public\index.php(37): CodeIgniter\CodeIgniter->run()
#13 {main}
CRITICAL - 2022-07-29 19:55:28 --> Call to undefined method App\Models\TarifasModel::LaConsulta
#0 C:\laragon\www\proyect_airbnb\app\Controllers\Anfitrion\Anfitrion.php(210): CodeIgniter\Model->__call('LaConsulta', Array)
#1 C:\laragon\www\proyect_airbnb\system\CodeIgniter.php(825): App\Controllers\Anfitrion\Anfitrion->RegistrarPublicacion()
#2 C:\laragon\www\proyect_airbnb\system\CodeIgniter.php(412): CodeIgniter\CodeIgniter->runController(Object(App\Controllers\Anfitrion\Anfitrion))
#3 C:\laragon\www\proyect_airbnb\system\CodeIgniter.php(320): CodeIgniter\CodeIgniter->handleRequest(NULL, Object(Config\Cache), false)
#4 C:\laragon\www\proyect_airbnb\public\index.php(37): CodeIgniter\CodeIgniter->run()
#5 {main}
CRITICAL - 2022-07-29 19:56:00 --> Object of class CodeIgniter\Database\MySQLi\Result could not be converted to string
#0 C:\laragon\www\proyect_airbnb\system\Database\Query.php(318): strtr('INSERT INTO `tb...', Array)
#1 C:\laragon\www\proyect_airbnb\system\Database\Query.php(293): CodeIgniter\Database\Query->matchNamedBinds('INSERT INTO `tb...', Array)
#2 C:\laragon\www\proyect_airbnb\system\Database\Query.php(150): CodeIgniter\Database\Query->compileBinds()
#3 C:\laragon\www\proyect_airbnb\system\Database\BaseConnection.php(598): CodeIgniter\Database\Query->getQuery()
#4 C:\laragon\www\proyect_airbnb\system\Database\BaseBuilder.php(1771): CodeIgniter\Database\BaseConnection->query('INSERT INTO `tb...', Array, false)
#5 C:\laragon\www\proyect_airbnb\system\Model.php(239): CodeIgniter\Database\BaseBuilder->insert()
#6 C:\laragon\www\proyect_airbnb\system\BaseModel.php(738): CodeIgniter\Model->doInsert(Array)
#7 C:\laragon\www\proyect_airbnb\system\Model.php(625): CodeIgniter\BaseModel->insert(Array, false)
#8 C:\laragon\www\proyect_airbnb\system\BaseModel.php(658): CodeIgniter\Model->insert(Array, false)
#9 C:\laragon\www\proyect_airbnb\app\Controllers\Anfitrion\Anfitrion.php(233): CodeIgniter\BaseModel->save(Array)
#10 C:\laragon\www\proyect_airbnb\system\CodeIgniter.php(825): App\Controllers\Anfitrion\Anfitrion->RegistrarPublicacion()
#11 C:\laragon\www\proyect_airbnb\system\CodeIgniter.php(412): CodeIgniter\CodeIgniter->runController(Object(App\Controllers\Anfitrion\Anfitrion))
#12 C:\laragon\www\proyect_airbnb\system\CodeIgniter.php(320): CodeIgniter\CodeIgniter->handleRequest(NULL, Object(Config\Cache), false)
#13 C:\laragon\www\proyect_airbnb\public\index.php(37): CodeIgniter\CodeIgniter->run()
#14 {main}
CRITICAL - 2022-07-29 20:16:30 --> Object of class CodeIgniter\Database\MySQLi\Result could not be converted to string
#0 C:\laragon\www\proyect_airbnb\system\Database\Query.php(318): strtr('INSERT INTO `tb...', Array)
#1 C:\laragon\www\proyect_airbnb\system\Database\Query.php(293): CodeIgniter\Database\Query->matchNamedBinds('INSERT INTO `tb...', Array)
#2 C:\laragon\www\proyect_airbnb\system\Database\Query.php(150): CodeIgniter\Database\Query->compileBinds()
#3 C:\laragon\www\proyect_airbnb\system\Database\BaseConnection.php(598): CodeIgniter\Database\Query->getQuery()
#4 C:\laragon\www\proyect_airbnb\system\Database\BaseBuilder.php(1771): CodeIgniter\Database\BaseConnection->query('INSERT INTO `tb...', Array, false)
#5 C:\laragon\www\proyect_airbnb\system\Model.php(239): CodeIgniter\Database\BaseBuilder->insert()
#6 C:\laragon\www\proyect_airbnb\system\BaseModel.php(738): CodeIgniter\Model->doInsert(Array)
#7 C:\laragon\www\proyect_airbnb\system\Model.php(625): CodeIgniter\BaseModel->insert(Array, false)
#8 C:\laragon\www\proyect_airbnb\system\BaseModel.php(658): CodeIgniter\Model->insert(Array, false)
#9 C:\laragon\www\proyect_airbnb\app\Controllers\Anfitrion\Anfitrion.php(229): CodeIgniter\BaseModel->save(Array)
#10 C:\laragon\www\proyect_airbnb\system\CodeIgniter.php(825): App\Controllers\Anfitrion\Anfitrion->RegistrarPublicacion()
#11 C:\laragon\www\proyect_airbnb\system\CodeIgniter.php(412): CodeIgniter\CodeIgniter->runController(Object(App\Controllers\Anfitrion\Anfitrion))
#12 C:\laragon\www\proyect_airbnb\system\CodeIgniter.php(320): CodeIgniter\CodeIgniter->handleRequest(NULL, Object(Config\Cache), false)
#13 C:\laragon\www\proyect_airbnb\public\index.php(37): CodeIgniter\CodeIgniter->run()
#14 {main}
CRITICAL - 2022-07-29 20:37:00 --> Call to undefined method CodeIgniter\Database\MySQLi\Builder::insert_id()
#0 C:\laragon\www\proyect_airbnb\app\Controllers\Anfitrion\Anfitrion.php(209): App\Models\TarifasModel->consulta()
#1 C:\laragon\www\proyect_airbnb\system\CodeIgniter.php(825): App\Controllers\Anfitrion\Anfitrion->RegistrarPublicacion()
#2 C:\laragon\www\proyect_airbnb\system\CodeIgniter.php(412): CodeIgniter\CodeIgniter->runController(Object(App\Controllers\Anfitrion\Anfitrion))
#3 C:\laragon\www\proyect_airbnb\system\CodeIgniter.php(320): CodeIgniter\CodeIgniter->handleRequest(NULL, Object(Config\Cache), false)
#4 C:\laragon\www\proyect_airbnb\public\index.php(37): CodeIgniter\CodeIgniter->run()
#5 {main}
CRITICAL - 2022-07-29 20:39:31 --> Call to a member function database() on null
#0 C:\laragon\www\proyect_airbnb\app\Controllers\Anfitrion\Anfitrion.php(209): App\Models\TarifasModel->consulta()
#1 C:\laragon\www\proyect_airbnb\system\CodeIgniter.php(825): App\Controllers\Anfitrion\Anfitrion->RegistrarPublicacion()
#2 C:\laragon\www\proyect_airbnb\system\CodeIgniter.php(412): CodeIgniter\CodeIgniter->runController(Object(App\Controllers\Anfitrion\Anfitrion))
#3 C:\laragon\www\proyect_airbnb\system\CodeIgniter.php(320): CodeIgniter\CodeIgniter->handleRequest(NULL, Object(Config\Cache), false)
#4 C:\laragon\www\proyect_airbnb\public\index.php(37): CodeIgniter\CodeIgniter->run()
#5 {main}
CRITICAL - 2022-07-29 20:41:44 --> Undefined property: App\Controllers\Anfitrion\Anfitrion::$db
#0 C:\laragon\www\proyect_airbnb\app\Controllers\Anfitrion\Anfitrion.php(210): CodeIgniter\Debug\Exceptions->errorHandler(2, 'Undefined prope...', 'C:\\laragon\\www\\...', 210)
#1 C:\laragon\www\proyect_airbnb\system\CodeIgniter.php(825): App\Controllers\Anfitrion\Anfitrion->RegistrarPublicacion()
#2 C:\laragon\www\proyect_airbnb\system\CodeIgniter.php(412): CodeIgniter\CodeIgniter->runController(Object(App\Controllers\Anfitrion\Anfitrion))
#3 C:\laragon\www\proyect_airbnb\system\CodeIgniter.php(320): CodeIgniter\CodeIgniter->handleRequest(NULL, Object(Config\Cache), false)
#4 C:\laragon\www\proyect_airbnb\public\index.php(37): CodeIgniter\CodeIgniter->run()
#5 {main}
CRITICAL - 2022-07-29 20:42:13 --> Call to undefined method App\Models\TarifasModel::insert_id
#0 C:\laragon\www\proyect_airbnb\app\Controllers\Anfitrion\Anfitrion.php(210): CodeIgniter\Model->__call('insert_id', Array)
#1 C:\laragon\www\proyect_airbnb\system\CodeIgniter.php(825): App\Controllers\Anfitrion\Anfitrion->RegistrarPublicacion()
#2 C:\laragon\www\proyect_airbnb\system\CodeIgniter.php(412): CodeIgniter\CodeIgniter->runController(Object(App\Controllers\Anfitrion\Anfitrion))
#3 C:\laragon\www\proyect_airbnb\system\CodeIgniter.php(320): CodeIgniter\CodeIgniter->handleRequest(NULL, Object(Config\Cache), false)
#4 C:\laragon\www\proyect_airbnb\public\index.php(37): CodeIgniter\CodeIgniter->run()
#5 {main}
CRITICAL - 2022-07-29 20:48:32 --> Call to undefined method CodeIgniter\Database\MySQLi\Connection::insert_id()
#0 C:\laragon\www\proyect_airbnb\app\Controllers\Anfitrion\Anfitrion.php(209): App\Models\TarifasModel->consulta()
#1 C:\laragon\www\proyect_airbnb\system\CodeIgniter.php(825): App\Controllers\Anfitrion\Anfitrion->RegistrarPublicacion()
#2 C:\laragon\www\proyect_airbnb\system\CodeIgniter.php(412): CodeIgniter\CodeIgniter->runController(Object(App\Controllers\Anfitrion\Anfitrion))
#3 C:\laragon\www\proyect_airbnb\system\CodeIgniter.php(320): CodeIgniter\CodeIgniter->handleRequest(NULL, Object(Config\Cache), false)
#4 C:\laragon\www\proyect_airbnb\public\index.php(37): CodeIgniter\CodeIgniter->run()
#5 {main}
CRITICAL - 2022-07-29 20:51:58 --> Call to undefined method CodeIgniter\Database\MySQLi\Connection::insert_id()
#0 C:\laragon\www\proyect_airbnb\app\Controllers\Anfitrion\Anfitrion.php(209): App\Models\TarifasModel->consulta()
#1 C:\laragon\www\proyect_airbnb\system\CodeIgniter.php(825): App\Controllers\Anfitrion\Anfitrion->RegistrarPublicacion()
#2 C:\laragon\www\proyect_airbnb\system\CodeIgniter.php(412): CodeIgniter\CodeIgniter->runController(Object(App\Controllers\Anfitrion\Anfitrion))
#3 C:\laragon\www\proyect_airbnb\system\CodeIgniter.php(320): CodeIgniter\CodeIgniter->handleRequest(NULL, Object(Config\Cache), false)
#4 C:\laragon\www\proyect_airbnb\public\index.php(37): CodeIgniter\CodeIgniter->run()
#5 {main}
CRITICAL - 2022-07-29 20:55:27 --> Call to undefined method App\Models\TarifasModel::insert_id
#0 C:\laragon\www\proyect_airbnb\app\Models\TarifasModel.php(22): CodeIgniter\Model->__call('insert_id', Array)
#1 C:\laragon\www\proyect_airbnb\app\Controllers\Anfitrion\Anfitrion.php(209): App\Models\TarifasModel->consulta()
#2 C:\laragon\www\proyect_airbnb\system\CodeIgniter.php(825): App\Controllers\Anfitrion\Anfitrion->RegistrarPublicacion()
#3 C:\laragon\www\proyect_airbnb\system\CodeIgniter.php(412): CodeIgniter\CodeIgniter->runController(Object(App\Controllers\Anfitrion\Anfitrion))
#4 C:\laragon\www\proyect_airbnb\system\CodeIgniter.php(320): CodeIgniter\CodeIgniter->handleRequest(NULL, Object(Config\Cache), false)
#5 C:\laragon\www\proyect_airbnb\public\index.php(37): CodeIgniter\CodeIgniter->run()
#6 {main}
CRITICAL - 2022-07-29 21:08:29 --> Call to undefined method CodeIgniter\Database\MySQLi\Builder::order_by()
#0 C:\laragon\www\proyect_airbnb\app\Controllers\Anfitrion\Anfitrion.php(209): App\Models\TarifasModel->consulta()
#1 C:\laragon\www\proyect_airbnb\system\CodeIgniter.php(825): App\Controllers\Anfitrion\Anfitrion->RegistrarPublicacion()
#2 C:\laragon\www\proyect_airbnb\system\CodeIgniter.php(412): CodeIgniter\CodeIgniter->runController(Object(App\Controllers\Anfitrion\Anfitrion))
#3 C:\laragon\www\proyect_airbnb\system\CodeIgniter.php(320): CodeIgniter\CodeIgniter->handleRequest(NULL, Object(Config\Cache), false)
#4 C:\laragon\www\proyect_airbnb\public\index.php(37): CodeIgniter\CodeIgniter->run()
#5 {main}
CRITICAL - 2022-07-29 21:08:51 --> Call to undefined method CodeIgniter\Database\MySQLi\Connection::order_by()
#0 C:\laragon\www\proyect_airbnb\app\Controllers\Anfitrion\Anfitrion.php(209): App\Models\TarifasModel->consulta()
#1 C:\laragon\www\proyect_airbnb\system\CodeIgniter.php(825): App\Controllers\Anfitrion\Anfitrion->RegistrarPublicacion()
#2 C:\laragon\www\proyect_airbnb\system\CodeIgniter.php(412): CodeIgniter\CodeIgniter->runController(Object(App\Controllers\Anfitrion\Anfitrion))
#3 C:\laragon\www\proyect_airbnb\system\CodeIgniter.php(320): CodeIgniter\CodeIgniter->handleRequest(NULL, Object(Config\Cache), false)
#4 C:\laragon\www\proyect_airbnb\public\index.php(37): CodeIgniter\CodeIgniter->run()
#5 {main}
CRITICAL - 2022-07-29 21:09:28 --> Call to undefined method CodeIgniter\Database\MySQLi\Connection::order_by()
#0 C:\laragon\www\proyect_airbnb\app\Controllers\Anfitrion\Anfitrion.php(209): App\Models\TarifasModel->consulta()
#1 C:\laragon\www\proyect_airbnb\system\CodeIgniter.php(825): App\Controllers\Anfitrion\Anfitrion->RegistrarPublicacion()
#2 C:\laragon\www\proyect_airbnb\system\CodeIgniter.php(412): CodeIgniter\CodeIgniter->runController(Object(App\Controllers\Anfitrion\Anfitrion))
#3 C:\laragon\www\proyect_airbnb\system\CodeIgniter.php(320): CodeIgniter\CodeIgniter->handleRequest(NULL, Object(Config\Cache), false)
#4 C:\laragon\www\proyect_airbnb\public\index.php(37): CodeIgniter\CodeIgniter->run()
#5 {main}
CRITICAL - 2022-07-29 21:09:38 --> Call to undefined method CodeIgniter\Database\MySQLi\Connection::order_by()
#0 C:\laragon\www\proyect_airbnb\app\Controllers\Anfitrion\Anfitrion.php(209): App\Models\TarifasModel->consulta()
#1 C:\laragon\www\proyect_airbnb\system\CodeIgniter.php(825): App\Controllers\Anfitrion\Anfitrion->RegistrarPublicacion()
#2 C:\laragon\www\proyect_airbnb\system\CodeIgniter.php(412): CodeIgniter\CodeIgniter->runController(Object(App\Controllers\Anfitrion\Anfitrion))
#3 C:\laragon\www\proyect_airbnb\system\CodeIgniter.php(320): CodeIgniter\CodeIgniter->handleRequest(NULL, Object(Config\Cache), false)
#4 C:\laragon\www\proyect_airbnb\public\index.php(37): CodeIgniter\CodeIgniter->run()
#5 {main}
CRITICAL - 2022-07-29 21:16:25 --> Object of class CodeIgniter\Database\MySQLi\Builder could not be converted to string
#0 C:\laragon\www\proyect_airbnb\system\Database\Query.php(318): strtr('INSERT INTO `tb...', Array)
#1 C:\laragon\www\proyect_airbnb\system\Database\Query.php(293): CodeIgniter\Database\Query->matchNamedBinds('INSERT INTO `tb...', Array)
#2 C:\laragon\www\proyect_airbnb\system\Database\Query.php(150): CodeIgniter\Database\Query->compileBinds()
#3 C:\laragon\www\proyect_airbnb\system\Database\BaseConnection.php(598): CodeIgniter\Database\Query->getQuery()
#4 C:\laragon\www\proyect_airbnb\system\Database\BaseBuilder.php(1771): CodeIgniter\Database\BaseConnection->query('INSERT INTO `tb...', Array, false)
#5 C:\laragon\www\proyect_airbnb\system\Model.php(239): CodeIgniter\Database\BaseBuilder->insert()
#6 C:\laragon\www\proyect_airbnb\system\BaseModel.php(738): CodeIgniter\Model->doInsert(Array)
#7 C:\laragon\www\proyect_airbnb\system\Model.php(625): CodeIgniter\BaseModel->insert(Array, false)
#8 C:\laragon\www\proyect_airbnb\system\BaseModel.php(658): CodeIgniter\Model->insert(Array, false)
#9 C:\laragon\www\proyect_airbnb\app\Controllers\Anfitrion\Anfitrion.php(229): CodeIgniter\BaseModel->save(Array)
#10 C:\laragon\www\proyect_airbnb\system\CodeIgniter.php(825): App\Controllers\Anfitrion\Anfitrion->RegistrarPublicacion()
#11 C:\laragon\www\proyect_airbnb\system\CodeIgniter.php(412): CodeIgniter\CodeIgniter->runController(Object(App\Controllers\Anfitrion\Anfitrion))
#12 C:\laragon\www\proyect_airbnb\system\CodeIgniter.php(320): CodeIgniter\CodeIgniter->handleRequest(NULL, Object(Config\Cache), false)
#13 C:\laragon\www\proyect_airbnb\public\index.php(37): CodeIgniter\CodeIgniter->run()
#14 {main}
CRITICAL - 2022-07-29 21:18:58 --> Object of class stdClass could not be converted to string
#0 C:\laragon\www\proyect_airbnb\system\Database\Query.php(318): strtr('INSERT INTO `tb...', Array)
#1 C:\laragon\www\proyect_airbnb\system\Database\Query.php(293): CodeIgniter\Database\Query->matchNamedBinds('INSERT INTO `tb...', Array)
#2 C:\laragon\www\proyect_airbnb\system\Database\Query.php(150): CodeIgniter\Database\Query->compileBinds()
#3 C:\laragon\www\proyect_airbnb\system\Database\BaseConnection.php(598): CodeIgniter\Database\Query->getQuery()
#4 C:\laragon\www\proyect_airbnb\system\Database\BaseBuilder.php(1771): CodeIgniter\Database\BaseConnection->query('INSERT INTO `tb...', Array, false)
#5 C:\laragon\www\proyect_airbnb\system\Model.php(239): CodeIgniter\Database\BaseBuilder->insert()
#6 C:\laragon\www\proyect_airbnb\system\BaseModel.php(738): CodeIgniter\Model->doInsert(Array)
#7 C:\laragon\www\proyect_airbnb\system\Model.php(625): CodeIgniter\BaseModel->insert(Array, false)
#8 C:\laragon\www\proyect_airbnb\system\BaseModel.php(658): CodeIgniter\Model->insert(Array, false)
#9 C:\laragon\www\proyect_airbnb\app\Controllers\Anfitrion\Anfitrion.php(229): CodeIgniter\BaseModel->save(Array)
#10 C:\laragon\www\proyect_airbnb\system\CodeIgniter.php(825): App\Controllers\Anfitrion\Anfitrion->RegistrarPublicacion()
#11 C:\laragon\www\proyect_airbnb\system\CodeIgniter.php(412): CodeIgniter\CodeIgniter->runController(Object(App\Controllers\Anfitrion\Anfitrion))
#12 C:\laragon\www\proyect_airbnb\system\CodeIgniter.php(320): CodeIgniter\CodeIgniter->handleRequest(NULL, Object(Config\Cache), false)
#13 C:\laragon\www\proyect_airbnb\public\index.php(37): CodeIgniter\CodeIgniter->run()
#14 {main}
CRITICAL - 2022-07-29 21:23:52 --> Undefined property: CodeIgniter\Database\MySQLi\Builder::$row
#0 C:\laragon\www\proyect_airbnb\app\Models\TarifasModel.php(25): CodeIgniter\Debug\Exceptions->errorHandler(2, 'Undefined prope...', 'C:\\laragon\\www\\...', 25)
#1 C:\laragon\www\proyect_airbnb\app\Controllers\Anfitrion\Anfitrion.php(209): App\Models\TarifasModel->consulta()
#2 C:\laragon\www\proyect_airbnb\system\CodeIgniter.php(825): App\Controllers\Anfitrion\Anfitrion->RegistrarPublicacion()
#3 C:\laragon\www\proyect_airbnb\system\CodeIgniter.php(412): CodeIgniter\CodeIgniter->runController(Object(App\Controllers\Anfitrion\Anfitrion))
#4 C:\laragon\www\proyect_airbnb\system\CodeIgniter.php(320): CodeIgniter\CodeIgniter->handleRequest(NULL, Object(Config\Cache), false)
#5 C:\laragon\www\proyect_airbnb\public\index.php(37): CodeIgniter\CodeIgniter->run()
#6 {main}
CRITICAL - 2022-07-29 21:28:48 --> Call to undefined method CodeIgniter\Database\MySQLi\Connection::get()
#0 C:\laragon\www\proyect_airbnb\app\Controllers\Anfitrion\Anfitrion.php(209): App\Models\TarifasModel->consulta()
#1 C:\laragon\www\proyect_airbnb\system\CodeIgniter.php(825): App\Controllers\Anfitrion\Anfitrion->RegistrarPublicacion()
#2 C:\laragon\www\proyect_airbnb\system\CodeIgniter.php(412): CodeIgniter\CodeIgniter->runController(Object(App\Controllers\Anfitrion\Anfitrion))
#3 C:\laragon\www\proyect_airbnb\system\CodeIgniter.php(320): CodeIgniter\CodeIgniter->handleRequest(NULL, Object(Config\Cache), false)
#4 C:\laragon\www\proyect_airbnb\public\index.php(37): CodeIgniter\CodeIgniter->run()
#5 {main}
CRITICAL - 2022-07-29 21:32:17 --> Undefined property: App\Controllers\Anfitrion\Anfitrion::$db
#0 C:\laragon\www\proyect_airbnb\app\Controllers\Anfitrion\Anfitrion.php(219): CodeIgniter\Debug\Exceptions->errorHandler(2, 'Undefined prope...', 'C:\\laragon\\www\\...', 219)
#1 C:\laragon\www\proyect_airbnb\system\CodeIgniter.php(825): App\Controllers\Anfitrion\Anfitrion->RegistrarPublicacion()
#2 C:\laragon\www\proyect_airbnb\system\CodeIgniter.php(412): CodeIgniter\CodeIgniter->runController(Object(App\Controllers\Anfitrion\Anfitrion))
#3 C:\laragon\www\proyect_airbnb\system\CodeIgniter.php(320): CodeIgniter\CodeIgniter->handleRequest(NULL, Object(Config\Cache), false)
#4 C:\laragon\www\proyect_airbnb\public\index.php(37): CodeIgniter\CodeIgniter->run()
#5 {main}
CRITICAL - 2022-07-29 21:33:31 --> Undefined variable $query
#0 C:\laragon\www\proyect_airbnb\app\Controllers\Anfitrion\Anfitrion.php(219): CodeIgniter\Debug\Exceptions->errorHandler(2, 'Undefined varia...', 'C:\\laragon\\www\\...', 219)
#1 C:\laragon\www\proyect_airbnb\system\CodeIgniter.php(825): App\Controllers\Anfitrion\Anfitrion->RegistrarPublicacion()
#2 C:\laragon\www\proyect_airbnb\system\CodeIgniter.php(412): CodeIgniter\CodeIgniter->runController(Object(App\Controllers\Anfitrion\Anfitrion))
#3 C:\laragon\www\proyect_airbnb\system\CodeIgniter.php(320): CodeIgniter\CodeIgniter->handleRequest(NULL, Object(Config\Cache), false)
#4 C:\laragon\www\proyect_airbnb\public\index.php(37): CodeIgniter\CodeIgniter->run()
#5 {main}
CRITICAL - 2022-07-29 21:33:49 --> Call to undefined method CodeIgniter\Database\MySQLi\Connection::insert_id()
#0 C:\laragon\www\proyect_airbnb\app\Controllers\Anfitrion\Anfitrion.php(211): App\Models\TarifasModel->consulta()
#1 C:\laragon\www\proyect_airbnb\system\CodeIgniter.php(825): App\Controllers\Anfitrion\Anfitrion->RegistrarPublicacion()
#2 C:\laragon\www\proyect_airbnb\system\CodeIgniter.php(412): CodeIgniter\CodeIgniter->runController(Object(App\Controllers\Anfitrion\Anfitrion))
#3 C:\laragon\www\proyect_airbnb\system\CodeIgniter.php(320): CodeIgniter\CodeIgniter->handleRequest(NULL, Object(Config\Cache), false)
#4 C:\laragon\www\proyect_airbnb\public\index.php(37): CodeIgniter\CodeIgniter->run()
#5 {main}
CRITICAL - 2022-07-29 21:35:05 --> syntax error, unexpected identifier "insert_id"
#0 C:\laragon\www\proyect_airbnb\system\Autoloader\Autoloader.php(241): CodeIgniter\Autoloader\Autoloader->includeFile('C:\\laragon\\www\\...')
#1 C:\laragon\www\proyect_airbnb\system\Autoloader\Autoloader.php(219): CodeIgniter\Autoloader\Autoloader->loadInNamespace('App\\Models\\Tari...')
#2 [internal function]: CodeIgniter\Autoloader\Autoloader->loadClass('App\\Models\\Tari...')
#3 C:\laragon\www\proyect_airbnb\system\Config\Factories.php(136): class_exists('App\\Models\\Tari...')
#4 C:\laragon\www\proyect_airbnb\system\Config\Factories.php(106): CodeIgniter\Config\Factories::locateClass(Array, 'TarifasModel')
#5 C:\laragon\www\proyect_airbnb\system\Common.php(780): CodeIgniter\Config\Factories::__callStatic('models', Array)
#6 C:\laragon\www\proyect_airbnb\app\Controllers\Anfitrion\Anfitrion.php(28): model('TarifasModel')
#7 C:\laragon\www\proyect_airbnb\system\CodeIgniter.php(802): App\Controllers\Anfitrion\Anfitrion->__construct()
#8 C:\laragon\www\proyect_airbnb\system\CodeIgniter.php(403): CodeIgniter\CodeIgniter->createController()
#9 C:\laragon\www\proyect_airbnb\system\CodeIgniter.php(320): CodeIgniter\CodeIgniter->handleRequest(NULL, Object(Config\Cache), false)
#10 C:\laragon\www\proyect_airbnb\public\index.php(37): CodeIgniter\CodeIgniter->run()
#11 {main}
CRITICAL - 2022-07-29 21:35:36 --> Call to undefined method CodeIgniter\Database\MySQLi\Builder::insert_id()
#0 C:\laragon\www\proyect_airbnb\app\Controllers\Anfitrion\Anfitrion.php(211): App\Models\TarifasModel->consulta()
#1 C:\laragon\www\proyect_airbnb\system\CodeIgniter.php(825): App\Controllers\Anfitrion\Anfitrion->RegistrarPublicacion()
#2 C:\laragon\www\proyect_airbnb\system\CodeIgniter.php(412): CodeIgniter\CodeIgniter->runController(Object(App\Controllers\Anfitrion\Anfitrion))
#3 C:\laragon\www\proyect_airbnb\system\CodeIgniter.php(320): CodeIgniter\CodeIgniter->handleRequest(NULL, Object(Config\Cache), false)
#4 C:\laragon\www\proyect_airbnb\public\index.php(37): CodeIgniter\CodeIgniter->run()
#5 {main}
CRITICAL - 2022-07-29 21:36:45 --> Object of class CodeIgniter\Database\MySQLi\Builder could not be converted to string
#0 C:\laragon\www\proyect_airbnb\system\Database\Query.php(318): strtr('INSERT INTO `tb...', Array)
#1 C:\laragon\www\proyect_airbnb\system\Database\Query.php(293): CodeIgniter\Database\Query->matchNamedBinds('INSERT INTO `tb...', Array)
#2 C:\laragon\www\proyect_airbnb\system\Database\Query.php(150): CodeIgniter\Database\Query->compileBinds()
#3 C:\laragon\www\proyect_airbnb\system\Database\BaseConnection.php(598): CodeIgniter\Database\Query->getQuery()
#4 C:\laragon\www\proyect_airbnb\system\Database\BaseBuilder.php(1771): CodeIgniter\Database\BaseConnection->query('INSERT INTO `tb...', Array, false)
#5 C:\laragon\www\proyect_airbnb\system\Model.php(239): CodeIgniter\Database\BaseBuilder->insert()
#6 C:\laragon\www\proyect_airbnb\system\BaseModel.php(738): CodeIgniter\Model->doInsert(Array)
#7 C:\laragon\www\proyect_airbnb\system\Model.php(625): CodeIgniter\BaseModel->insert(Array, false)
#8 C:\laragon\www\proyect_airbnb\system\BaseModel.php(658): CodeIgniter\Model->insert(Array, false)
#9 C:\laragon\www\proyect_airbnb\app\Controllers\Anfitrion\Anfitrion.php(231): CodeIgniter\BaseModel->save(Array)
#10 C:\laragon\www\proyect_airbnb\system\CodeIgniter.php(825): App\Controllers\Anfitrion\Anfitrion->RegistrarPublicacion()
#11 C:\laragon\www\proyect_airbnb\system\CodeIgniter.php(412): CodeIgniter\CodeIgniter->runController(Object(App\Controllers\Anfitrion\Anfitrion))
#12 C:\laragon\www\proyect_airbnb\system\CodeIgniter.php(320): CodeIgniter\CodeIgniter->handleRequest(NULL, Object(Config\Cache), false)
#13 C:\laragon\www\proyect_airbnb\public\index.php(37): CodeIgniter\CodeIgniter->run()
#14 {main}
CRITICAL - 2022-07-29 22:01:02 --> Call to undefined method App\Models\TarifasModel::agregarTarifas
#0 C:\laragon\www\proyect_airbnb\app\Controllers\Anfitrion\Anfitrion.php(217): CodeIgniter\Model->__call('agregarTarifas', Array)
#1 C:\laragon\www\proyect_airbnb\system\CodeIgniter.php(825): App\Controllers\Anfitrion\Anfitrion->RegistrarPublicacion()
#2 C:\laragon\www\proyect_airbnb\system\CodeIgniter.php(412): CodeIgniter\CodeIgniter->runController(Object(App\Controllers\Anfitrion\Anfitrion))
#3 C:\laragon\www\proyect_airbnb\system\CodeIgniter.php(320): CodeIgniter\CodeIgniter->handleRequest(NULL, Object(Config\Cache), false)
#4 C:\laragon\www\proyect_airbnb\public\index.php(37): CodeIgniter\CodeIgniter->run()
#5 {main}
CRITICAL - 2022-07-29 22:01:34 --> Call to undefined method App\Models\TarifasModel::agregarMunicipio
#0 C:\laragon\www\proyect_airbnb\app\Controllers\Anfitrion\Anfitrion.php(217): CodeIgniter\Model->__call('agregarMunicipi...', Array)
#1 C:\laragon\www\proyect_airbnb\system\CodeIgniter.php(825): App\Controllers\Anfitrion\Anfitrion->RegistrarPublicacion()
#2 C:\laragon\www\proyect_airbnb\system\CodeIgniter.php(412): CodeIgniter\CodeIgniter->runController(Object(App\Controllers\Anfitrion\Anfitrion))
#3 C:\laragon\www\proyect_airbnb\system\CodeIgniter.php(320): CodeIgniter\CodeIgniter->handleRequest(NULL, Object(Config\Cache), false)
#4 C:\laragon\www\proyect_airbnb\public\index.php(37): CodeIgniter\CodeIgniter->run()
#5 {main}
